{
  "/Users/brian/GitHub/codemouse/flamingo/api/src/admin/admin.controller.ts": {
    "path": "/Users/brian/GitHub/codemouse/flamingo/api/src/admin/admin.controller.ts",
    "statementMap": {
      "0": {
        "start": { "line": 1, "column": 0 },
        "end": { "line": 1, "column": 69 }
      },
      "1": {
        "start": { "line": 2, "column": 0 },
        "end": { "line": 2, "column": null }
      },
      "2": {
        "start": { "line": 10, "column": 0 },
        "end": { "line": 10, "column": 68 }
      },
      "3": {
        "start": { "line": 11, "column": 0 },
        "end": { "line": 11, "column": 54 }
      },
      "4": {
        "start": { "line": 12, "column": 0 },
        "end": { "line": 12, "column": 47 }
      },
      "5": {
        "start": { "line": 13, "column": 0 },
        "end": { "line": 13, "column": 65 }
      },
      "6": {
        "start": { "line": 18, "column": 7 },
        "end": { "line": 69, "column": null }
      },
      "7": {
        "start": { "line": 20, "column": 21 },
        "end": { "line": 20, "column": 28 }
      },
      "8": {
        "start": { "line": 21, "column": 21 },
        "end": { "line": 21, "column": 29 }
      },
      "9": {
        "start": { "line": 28, "column": 18 },
        "end": { "line": 28, "column": 44 }
      },
      "10": {
        "start": { "line": 29, "column": 4 },
        "end": { "line": 29, "column": 55 }
      },
      "11": {
        "start": { "line": 29, "column": 52 },
        "end": { "line": 29, "column": 53 }
      },
      "12": {
        "start": { "line": 45, "column": 20 },
        "end": { "line": 48, "column": 6 }
      },
      "13": {
        "start": { "line": 49, "column": 41 },
        "end": { "line": 49, "column": 48 }
      },
      "14": {
        "start": { "line": 50, "column": 4 },
        "end": { "line": 50, "column": 16 }
      },
      "15": {
        "start": { "line": 59, "column": 16 },
        "end": { "line": 61, "column": null }
      },
      "16": {
        "start": { "line": 63, "column": 17 },
        "end": { "line": 66, "column": 22 }
      },
      "17": {
        "start": { "line": 65, "column": 18 },
        "end": { "line": 65, "column": 26 }
      },
      "18": {
        "start": { "line": 67, "column": 4 },
        "end": { "line": 67, "column": 20 }
      },
      "19": {
        "start": { "line": 18, "column": 13 },
        "end": { "line": 18, "column": 28 }
      },
      "20": {
        "start": { "line": 27, "column": 8 },
        "end": { "line": 30, "column": null }
      },
      "21": {
        "start": { "line": 44, "column": 8 },
        "end": { "line": 51, "column": null }
      },
      "22": {
        "start": { "line": 58, "column": 2 },
        "end": { "line": 68, "column": null }
      },
      "23": {
        "start": { "line": 18, "column": 13 },
        "end": { "line": 69, "column": null }
      }
    },
    "fnMap": {
      "0": {
        "name": "(anonymous_4)",
        "decl": {
          "start": { "line": 19, "column": 2 },
          "end": { "line": 19, "column": null }
        },
        "loc": {
          "start": { "line": 21, "column": 42 },
          "end": { "line": 22, "column": 6 }
        }
      },
      "1": {
        "name": "(anonymous_5)",
        "decl": {
          "start": { "line": 27, "column": 8 },
          "end": { "line": 27, "column": 19 }
        },
        "loc": {
          "start": { "line": 27, "column": 19 },
          "end": { "line": 30, "column": 3 }
        }
      },
      "2": {
        "name": "(anonymous_6)",
        "decl": {
          "start": { "line": 29, "column": 21 },
          "end": { "line": 29, "column": 22 }
        },
        "loc": {
          "start": { "line": 29, "column": 52 },
          "end": { "line": 29, "column": 53 }
        }
      },
      "3": {
        "name": "(anonymous_7)",
        "decl": {
          "start": { "line": 44, "column": 8 },
          "end": { "line": 44, "column": 18 }
        },
        "loc": {
          "start": { "line": 44, "column": 75 },
          "end": { "line": 51, "column": 3 }
        }
      },
      "4": {
        "name": "(anonymous_8)",
        "decl": {
          "start": { "line": 58, "column": 2 },
          "end": { "line": 58, "column": 16 }
        },
        "loc": {
          "start": { "line": 58, "column": 16 },
          "end": { "line": 68, "column": 3 }
        }
      },
      "5": {
        "name": "(anonymous_9)",
        "decl": {
          "start": { "line": 65, "column": 11 },
          "end": { "line": 65, "column": 12 }
        },
        "loc": {
          "start": { "line": 65, "column": 18 },
          "end": { "line": 65, "column": 26 }
        }
      }
    },
    "branchMap": {
      "0": {
        "loc": {
          "start": { "line": 46, "column": 10 },
          "end": { "line": 46, "column": 54 }
        },
        "type": "binary-expr",
        "locations": [
          {
            "start": { "line": 46, "column": 10 },
            "end": { "line": 46, "column": 32 }
          },
          {
            "start": { "line": 46, "column": 36 },
            "end": { "line": 46, "column": 54 }
          }
        ]
      },
      "1": {
        "loc": {
          "start": { "line": 47, "column": 10 },
          "end": { "line": 47, "column": 57 }
        },
        "type": "binary-expr",
        "locations": [
          {
            "start": { "line": 47, "column": 10 },
            "end": { "line": 47, "column": 33 }
          },
          {
            "start": { "line": 47, "column": 37 },
            "end": { "line": 47, "column": 57 }
          }
        ]
      },
      "2": {
        "loc": {
          "start": { "line": 44, "column": 57 },
          "end": { "line": 44, "column": null }
        },
        "type": "cond-expr",
        "locations": [
          {
            "start": { "line": 44, "column": 75 },
            "end": { "line": 44, "column": null }
          },
          {
            "start": { "line": 44, "column": 75 },
            "end": { "line": 44, "column": null }
          }
        ]
      },
      "3": {
        "loc": {
          "start": { "line": 44, "column": 57 },
          "end": { "line": 44, "column": 75 }
        },
        "type": "binary-expr",
        "locations": [
          {
            "start": { "line": 44, "column": 57 },
            "end": { "line": 44, "column": null }
          },
          {
            "start": { "line": 44, "column": 57 },
            "end": { "line": 44, "column": 75 }
          }
        ]
      },
      "4": {
        "loc": {
          "start": { "line": 20, "column": 28 },
          "end": { "line": 20, "column": null }
        },
        "type": "cond-expr",
        "locations": [
          {
            "start": { "line": 20, "column": 40 },
            "end": { "line": 20, "column": null }
          },
          {
            "start": { "line": 20, "column": 40 },
            "end": { "line": 20, "column": null }
          }
        ]
      },
      "5": {
        "loc": {
          "start": { "line": 20, "column": 28 },
          "end": { "line": 20, "column": 40 }
        },
        "type": "binary-expr",
        "locations": [
          {
            "start": { "line": 20, "column": 28 },
            "end": { "line": 20, "column": null }
          },
          {
            "start": { "line": 20, "column": 28 },
            "end": { "line": 20, "column": 40 }
          }
        ]
      },
      "6": {
        "loc": {
          "start": { "line": 20, "column": 40 },
          "end": { "line": 21, "column": null }
        },
        "type": "cond-expr",
        "locations": [
          {
            "start": { "line": 21, "column": 42 },
            "end": { "line": 21, "column": null }
          },
          {
            "start": { "line": 21, "column": 42 },
            "end": { "line": 21, "column": null }
          }
        ]
      },
      "7": {
        "loc": {
          "start": { "line": 20, "column": 40 },
          "end": { "line": 21, "column": 42 }
        },
        "type": "binary-expr",
        "locations": [
          {
            "start": { "line": 20, "column": 40 },
            "end": { "line": 21, "column": null }
          },
          {
            "start": { "line": 21, "column": 29 },
            "end": { "line": 21, "column": 42 }
          }
        ]
      }
    },
    "s": {
      "0": 1,
      "1": 1,
      "2": 1,
      "3": 1,
      "4": 1,
      "5": 1,
      "6": 1,
      "7": 7,
      "8": 7,
      "9": 2,
      "10": 2,
      "11": 2,
      "12": 3,
      "13": 3,
      "14": 3,
      "15": 2,
      "16": 2,
      "17": 4,
      "18": 2,
      "19": 1,
      "20": 1,
      "21": 1,
      "22": 1,
      "23": 1
    },
    "f": { "0": 7, "1": 2, "2": 2, "3": 3, "4": 2, "5": 4 },
    "b": {
      "0": [3, 1],
      "1": [3, 2],
      "2": [1, 0],
      "3": [1, 1],
      "4": [1, 0],
      "5": [1, 1],
      "6": [1, 0],
      "7": [1, 1]
    }
  },
  "/Users/brian/GitHub/codemouse/flamingo/api/src/auth/auth.constants.ts": {
    "path": "/Users/brian/GitHub/codemouse/flamingo/api/src/auth/auth.constants.ts",
    "statementMap": {
      "0": {
        "start": { "line": 20, "column": 0 },
        "end": { "line": 20, "column": 16 }
      },
      "1": {
        "start": { "line": 4, "column": 13 },
        "end": { "line": 4, "column": 43 }
      },
      "2": {
        "start": { "line": 5, "column": 13 },
        "end": { "line": 5, "column": 44 }
      },
      "3": {
        "start": { "line": 12, "column": 40 },
        "end": { "line": 17, "column": 2 }
      },
      "4": {
        "start": { "line": 21, "column": 16 },
        "end": { "line": 21, "column": 52 }
      },
      "5": {
        "start": { "line": 22, "column": 2 },
        "end": { "line": 22, "column": 32 }
      },
      "6": {
        "start": { "line": 22, "column": 14 },
        "end": { "line": 22, "column": 32 }
      },
      "7": {
        "start": { "line": 23, "column": 2 },
        "end": { "line": 23, "column": 52 }
      }
    },
    "fnMap": {
      "0": {
        "name": "parseDuration",
        "decl": {
          "start": { "line": 20, "column": 16 },
          "end": { "line": 20, "column": 29 }
        },
        "loc": {
          "start": { "line": 20, "column": 63 },
          "end": { "line": 24, "column": 1 }
        }
      }
    },
    "branchMap": {
      "0": {
        "loc": {
          "start": { "line": 22, "column": 2 },
          "end": { "line": 22, "column": 32 }
        },
        "type": "if",
        "locations": [
          {
            "start": { "line": 22, "column": 2 },
            "end": { "line": 22, "column": 32 }
          },
          { "start": {}, "end": {} }
        ]
      }
    },
    "s": { "0": 2, "1": 2, "2": 2, "3": 2, "4": 5, "5": 5, "6": 0, "7": 5 },
    "f": { "0": 5 },
    "b": { "0": [0, 5] }
  },
  "/Users/brian/GitHub/codemouse/flamingo/api/src/auth/auth.controller.ts": {
    "path": "/Users/brian/GitHub/codemouse/flamingo/api/src/auth/auth.controller.ts",
    "statementMap": {
      "0": {
        "start": { "line": 1, "column": 0 },
        "end": { "line": 1, "column": null }
      },
      "1": {
        "start": { "line": 13, "column": 0 },
        "end": { "line": 13, "column": null }
      },
      "2": {
        "start": { "line": 20, "column": 0 },
        "end": { "line": 20, "column": 47 }
      },
      "3": {
        "start": { "line": 21, "column": 0 },
        "end": { "line": 21, "column": 45 }
      },
      "4": {
        "start": { "line": 23, "column": 0 },
        "end": { "line": 23, "column": 45 }
      },
      "5": {
        "start": { "line": 24, "column": 0 },
        "end": { "line": 24, "column": 49 }
      },
      "6": {
        "start": { "line": 25, "column": 0 },
        "end": { "line": 25, "column": 43 }
      },
      "7": {
        "start": { "line": 26, "column": 0 },
        "end": { "line": 26, "column": 55 }
      },
      "8": {
        "start": { "line": 27, "column": 0 },
        "end": { "line": 27, "column": 66 }
      },
      "9": {
        "start": { "line": 29, "column": 0 },
        "end": { "line": 29, "column": 80 }
      },
      "10": {
        "start": { "line": 33, "column": 7 },
        "end": { "line": 167, "column": null }
      },
      "11": {
        "start": { "line": 35, "column": 21 },
        "end": { "line": 35, "column": 27 }
      },
      "12": {
        "start": { "line": 36, "column": 21 },
        "end": { "line": 36, "column": 29 }
      },
      "13": {
        "start": { "line": 45, "column": 4 },
        "end": { "line": 45, "column": 69 }
      },
      "14": {
        "start": { "line": 64, "column": 19 },
        "end": { "line": 67, "column": 6 }
      },
      "15": {
        "start": { "line": 68, "column": 4 },
        "end": { "line": 73, "column": 6 }
      },
      "16": {
        "start": { "line": 74, "column": 4 },
        "end": { "line": 74, "column": 66 }
      },
      "17": {
        "start": { "line": 91, "column": 7 },
        "end": { "line": 92, "column": 24 }
      },
      "18": {
        "start": { "line": 93, "column": 4 },
        "end": { "line": 93, "column": 71 }
      },
      "19": {
        "start": { "line": 93, "column": 14 },
        "end": { "line": 93, "column": 71 }
      },
      "20": {
        "start": { "line": 95, "column": 19 },
        "end": { "line": 98, "column": 6 }
      },
      "21": {
        "start": { "line": 99, "column": 4 },
        "end": { "line": 104, "column": 6 }
      },
      "22": {
        "start": { "line": 105, "column": 4 },
        "end": { "line": 105, "column": 66 }
      },
      "23": {
        "start": { "line": 114, "column": 7 },
        "end": { "line": 114, "column": 72 }
      },
      "24": {
        "start": { "line": 115, "column": 4 },
        "end": { "line": 115, "column": 32 }
      },
      "25": {
        "start": { "line": 116, "column": 4 },
        "end": { "line": 116, "column": 31 }
      },
      "26": {
        "start": { "line": 126, "column": 4 },
        "end": { "line": 126, "column": 16 }
      },
      "27": {
        "start": { "line": 134, "column": 19 },
        "end": { "line": 134, "column": 71 }
      },
      "28": {
        "start": { "line": 135, "column": 19 },
        "end": { "line": 135, "column": 59 }
      },
      "29": {
        "start": { "line": 136, "column": 4 },
        "end": { "line": 143, "column": 6 }
      },
      "30": {
        "start": { "line": 152, "column": 21 },
        "end": { "line": 154, "column": null }
      },
      "31": {
        "start": { "line": 156, "column": 22 },
        "end": { "line": 156, "column": 74 }
      },
      "32": {
        "start": { "line": 158, "column": 4 },
        "end": { "line": 158, "column": 73 }
      },
      "33": {
        "start": { "line": 159, "column": 4 },
        "end": { "line": 159, "column": 76 }
      },
      "34": {
        "start": { "line": 163, "column": 17 },
        "end": { "line": 163, "column": 38 }
      },
      "35": {
        "start": { "line": 164, "column": 4 },
        "end": { "line": 164, "column": 41 }
      },
      "36": {
        "start": { "line": 165, "column": 4 },
        "end": { "line": 165, "column": 42 }
      },
      "37": {
        "start": { "line": 33, "column": 13 },
        "end": { "line": 33, "column": 27 }
      },
      "38": {
        "start": { "line": 44, "column": 2 },
        "end": { "line": 46, "column": null }
      },
      "39": {
        "start": { "line": 59, "column": 8 },
        "end": { "line": 75, "column": null }
      },
      "40": {
        "start": { "line": 85, "column": 8 },
        "end": { "line": 106, "column": null }
      },
      "41": {
        "start": { "line": 112, "column": 8 },
        "end": { "line": 117, "column": null }
      },
      "42": {
        "start": { "line": 125, "column": 2 },
        "end": { "line": 127, "column": null }
      },
      "43": {
        "start": { "line": 33, "column": 13 },
        "end": { "line": 167, "column": null }
      }
    },
    "fnMap": {
      "0": {
        "name": "(anonymous_4)",
        "decl": {
          "start": { "line": 34, "column": 2 },
          "end": { "line": 34, "column": null }
        },
        "loc": {
          "start": { "line": 36, "column": 42 },
          "end": { "line": 37, "column": 6 }
        }
      },
      "1": {
        "name": "(anonymous_5)",
        "decl": {
          "start": { "line": 44, "column": 2 },
          "end": { "line": 44, "column": 10 }
        },
        "loc": {
          "start": { "line": 44, "column": 35 },
          "end": { "line": 46, "column": 3 }
        }
      },
      "2": {
        "name": "(anonymous_6)",
        "decl": {
          "start": { "line": 59, "column": 8 },
          "end": { "line": 59, "column": 13 }
        },
        "loc": {
          "start": { "line": 62, "column": 45 },
          "end": { "line": 75, "column": 3 }
        }
      },
      "3": {
        "name": "(anonymous_7)",
        "decl": {
          "start": { "line": 85, "column": 8 },
          "end": { "line": 85, "column": 15 }
        },
        "loc": {
          "start": { "line": 88, "column": 48 },
          "end": { "line": 106, "column": 3 }
        }
      },
      "4": {
        "name": "(anonymous_8)",
        "decl": {
          "start": { "line": 112, "column": 8 },
          "end": { "line": 112, "column": 14 }
        },
        "loc": {
          "start": { "line": 112, "column": 77 },
          "end": { "line": 117, "column": 3 }
        }
      },
      "5": {
        "name": "(anonymous_9)",
        "decl": {
          "start": { "line": 125, "column": 2 },
          "end": { "line": 125, "column": 4 }
        },
        "loc": {
          "start": { "line": 125, "column": 43 },
          "end": { "line": 127, "column": 3 }
        }
      },
      "6": {
        "name": "(anonymous_10)",
        "decl": {
          "start": { "line": 133, "column": 10 },
          "end": { "line": 133, "column": 23 }
        },
        "loc": {
          "start": { "line": 133, "column": 40 },
          "end": { "line": 144, "column": 3 }
        }
      },
      "7": {
        "name": "(anonymous_11)",
        "decl": {
          "start": { "line": 146, "column": 10 },
          "end": { "line": 146, "column": 24 }
        },
        "loc": {
          "start": { "line": 150, "column": 26 },
          "end": { "line": 160, "column": 3 }
        }
      },
      "8": {
        "name": "(anonymous_12)",
        "decl": {
          "start": { "line": 162, "column": 10 },
          "end": { "line": 162, "column": 26 }
        },
        "loc": {
          "start": { "line": 162, "column": 40 },
          "end": { "line": 166, "column": 3 }
        }
      }
    },
    "branchMap": {
      "0": {
        "loc": {
          "start": { "line": 65, "column": 17 },
          "end": { "line": 65, "column": 50 }
        },
        "type": "binary-expr",
        "locations": [
          {
            "start": { "line": 65, "column": 17 },
            "end": { "line": 65, "column": 42 }
          },
          {
            "start": { "line": 65, "column": 46 },
            "end": { "line": 65, "column": 50 }
          }
        ]
      },
      "1": {
        "loc": {
          "start": { "line": 66, "column": 10 },
          "end": { "line": 66, "column": 24 }
        },
        "type": "binary-expr",
        "locations": [
          {
            "start": { "line": 66, "column": 10 },
            "end": { "line": 66, "column": 16 }
          },
          {
            "start": { "line": 66, "column": 20 },
            "end": { "line": 66, "column": 24 }
          }
        ]
      },
      "2": {
        "loc": {
          "start": { "line": 88, "column": 12 },
          "end": { "line": 88, "column": 48 }
        },
        "type": "default-arg",
        "locations": [
          {
            "start": { "line": 88, "column": 46 },
            "end": { "line": 88, "column": 48 }
          }
        ]
      },
      "3": {
        "loc": {
          "start": { "line": 91, "column": 7 },
          "end": { "line": 92, "column": 24 }
        },
        "type": "binary-expr",
        "locations": [
          {
            "start": { "line": 91, "column": 7 },
            "end": { "line": 91, "column": 59 }
          },
          {
            "start": { "line": 92, "column": 6 },
            "end": { "line": 92, "column": 24 }
          }
        ]
      },
      "4": {
        "loc": {
          "start": { "line": 93, "column": 4 },
          "end": { "line": 93, "column": 71 }
        },
        "type": "if",
        "locations": [
          {
            "start": { "line": 93, "column": 4 },
            "end": { "line": 93, "column": 71 }
          },
          { "start": {}, "end": {} }
        ]
      },
      "5": {
        "loc": {
          "start": { "line": 96, "column": 17 },
          "end": { "line": 96, "column": 50 }
        },
        "type": "binary-expr",
        "locations": [
          {
            "start": { "line": 96, "column": 17 },
            "end": { "line": 96, "column": 42 }
          },
          {
            "start": { "line": 96, "column": 46 },
            "end": { "line": 96, "column": 50 }
          }
        ]
      },
      "6": {
        "loc": {
          "start": { "line": 97, "column": 10 },
          "end": { "line": 97, "column": 24 }
        },
        "type": "binary-expr",
        "locations": [
          {
            "start": { "line": 97, "column": 10 },
            "end": { "line": 97, "column": 16 }
          },
          {
            "start": { "line": 97, "column": 20 },
            "end": { "line": 97, "column": 24 }
          }
        ]
      },
      "7": {
        "loc": {
          "start": { "line": 114, "column": 7 },
          "end": { "line": 114, "column": 72 }
        },
        "type": "binary-expr",
        "locations": [
          {
            "start": { "line": 114, "column": 7 },
            "end": { "line": 114, "column": 59 }
          },
          {
            "start": { "line": 114, "column": 63 },
            "end": { "line": 114, "column": 72 }
          }
        ]
      },
      "8": {
        "loc": {
          "start": { "line": 139, "column": 16 },
          "end": { "line": 139, "column": 41 }
        },
        "type": "cond-expr",
        "locations": [
          {
            "start": { "line": 139, "column": 25 },
            "end": { "line": 139, "column": 33 }
          },
          {
            "start": { "line": 139, "column": 36 },
            "end": { "line": 139, "column": 41 }
          }
        ]
      },
      "9": {
        "loc": {
          "start": { "line": 142, "column": 10 },
          "end": { "line": 142, "column": 34 }
        },
        "type": "cond-expr",
        "locations": [
          {
            "start": { "line": 142, "column": 19 },
            "end": { "line": 142, "column": 29 }
          },
          {
            "start": { "line": 142, "column": 32 },
            "end": { "line": 142, "column": 34 }
          }
        ]
      },
      "10": {
        "loc": {
          "start": { "line": 44, "column": 24 },
          "end": { "line": 44, "column": null }
        },
        "type": "cond-expr",
        "locations": [
          {
            "start": { "line": 44, "column": 35 },
            "end": { "line": 44, "column": null }
          },
          {
            "start": { "line": 44, "column": 35 },
            "end": { "line": 44, "column": null }
          }
        ]
      },
      "11": {
        "loc": {
          "start": { "line": 44, "column": 24 },
          "end": { "line": 44, "column": 35 }
        },
        "type": "binary-expr",
        "locations": [
          {
            "start": { "line": 44, "column": 24 },
            "end": { "line": 44, "column": null }
          },
          {
            "start": { "line": 44, "column": 24 },
            "end": { "line": 44, "column": 35 }
          }
        ]
      },
      "12": {
        "loc": {
          "start": { "line": 60, "column": 17 },
          "end": { "line": 60, "column": null }
        },
        "type": "cond-expr",
        "locations": [
          {
            "start": { "line": 60, "column": 25 },
            "end": { "line": 60, "column": null }
          },
          {
            "start": { "line": 60, "column": 25 },
            "end": { "line": 60, "column": null }
          }
        ]
      },
      "13": {
        "loc": {
          "start": { "line": 60, "column": 17 },
          "end": { "line": 60, "column": 25 }
        },
        "type": "binary-expr",
        "locations": [
          {
            "start": { "line": 60, "column": 17 },
            "end": { "line": 60, "column": null }
          },
          {
            "start": { "line": 60, "column": 17 },
            "end": { "line": 60, "column": 25 }
          }
        ]
      },
      "14": {
        "loc": {
          "start": { "line": 35, "column": 27 },
          "end": { "line": 35, "column": null }
        },
        "type": "cond-expr",
        "locations": [
          {
            "start": { "line": 35, "column": 38 },
            "end": { "line": 35, "column": null }
          },
          {
            "start": { "line": 35, "column": 38 },
            "end": { "line": 35, "column": null }
          }
        ]
      },
      "15": {
        "loc": {
          "start": { "line": 35, "column": 27 },
          "end": { "line": 35, "column": 38 }
        },
        "type": "binary-expr",
        "locations": [
          {
            "start": { "line": 35, "column": 27 },
            "end": { "line": 35, "column": null }
          },
          {
            "start": { "line": 35, "column": 27 },
            "end": { "line": 35, "column": 38 }
          }
        ]
      },
      "16": {
        "loc": {
          "start": { "line": 35, "column": 38 },
          "end": { "line": 36, "column": null }
        },
        "type": "cond-expr",
        "locations": [
          {
            "start": { "line": 36, "column": 42 },
            "end": { "line": 36, "column": null }
          },
          {
            "start": { "line": 36, "column": 42 },
            "end": { "line": 36, "column": null }
          }
        ]
      },
      "17": {
        "loc": {
          "start": { "line": 35, "column": 38 },
          "end": { "line": 36, "column": 42 }
        },
        "type": "binary-expr",
        "locations": [
          {
            "start": { "line": 35, "column": 38 },
            "end": { "line": 36, "column": null }
          },
          {
            "start": { "line": 36, "column": 29 },
            "end": { "line": 36, "column": 42 }
          }
        ]
      }
    },
    "s": {
      "0": 1,
      "1": 1,
      "2": 1,
      "3": 1,
      "4": 1,
      "5": 1,
      "6": 1,
      "7": 1,
      "8": 1,
      "9": 1,
      "10": 1,
      "11": 7,
      "12": 7,
      "13": 1,
      "14": 1,
      "15": 1,
      "16": 1,
      "17": 3,
      "18": 3,
      "19": 1,
      "20": 2,
      "21": 2,
      "22": 2,
      "23": 1,
      "24": 1,
      "25": 1,
      "26": 1,
      "27": 7,
      "28": 7,
      "29": 7,
      "30": 3,
      "31": 3,
      "32": 3,
      "33": 3,
      "34": 1,
      "35": 1,
      "36": 1,
      "37": 1,
      "38": 1,
      "39": 1,
      "40": 1,
      "41": 1,
      "42": 1,
      "43": 1
    },
    "f": {
      "0": 7,
      "1": 1,
      "2": 1,
      "3": 3,
      "4": 1,
      "5": 1,
      "6": 7,
      "7": 3,
      "8": 1
    },
    "b": {
      "0": [1, 0],
      "1": [1, 0],
      "2": [2],
      "3": [3, 2],
      "4": [1, 2],
      "5": [2, 0],
      "6": [2, 0],
      "7": [1, 0],
      "8": [0, 7],
      "9": [0, 7],
      "10": [1, 0],
      "11": [1, 1],
      "12": [1, 0],
      "13": [1, 1],
      "14": [1, 0],
      "15": [1, 1],
      "16": [1, 0],
      "17": [1, 1]
    }
  },
  "/Users/brian/GitHub/codemouse/flamingo/api/src/auth/auth.service.ts": {
    "path": "/Users/brian/GitHub/codemouse/flamingo/api/src/auth/auth.service.ts",
    "statementMap": {
      "0": {
        "start": { "line": 1, "column": 0 },
        "end": { "line": 1, "column": 67 }
      },
      "1": {
        "start": { "line": 2, "column": 0 },
        "end": { "line": 2, "column": 41 }
      },
      "2": {
        "start": { "line": 3, "column": 0 },
        "end": { "line": 3, "column": 47 }
      },
      "3": {
        "start": { "line": 4, "column": 0 },
        "end": { "line": 4, "column": 33 }
      },
      "4": {
        "start": { "line": 5, "column": 0 },
        "end": { "line": 5, "column": 54 }
      },
      "5": {
        "start": { "line": 8, "column": 0 },
        "end": { "line": 8, "column": 64 }
      },
      "6": {
        "start": { "line": 9, "column": 0 },
        "end": { "line": 9, "column": 49 }
      },
      "7": {
        "start": { "line": 19, "column": 7 },
        "end": { "line": 106, "column": null }
      },
      "8": {
        "start": { "line": 21, "column": 21 },
        "end": { "line": 21, "column": 28 }
      },
      "9": {
        "start": { "line": 22, "column": 21 },
        "end": { "line": 22, "column": 26 }
      },
      "10": {
        "start": { "line": 23, "column": 21 },
        "end": { "line": 23, "column": 36 }
      },
      "11": {
        "start": { "line": 24, "column": 21 },
        "end": { "line": 24, "column": 29 }
      },
      "12": {
        "start": { "line": 32, "column": 17 },
        "end": { "line": 32, "column": 67 }
      },
      "13": {
        "start": { "line": 34, "column": 45 },
        "end": { "line": 34, "column": 49 }
      },
      "14": {
        "start": { "line": 35, "column": 4 },
        "end": { "line": 35, "column": 20 }
      },
      "15": {
        "start": { "line": 43, "column": 17 },
        "end": { "line": 43, "column": 58 }
      },
      "16": {
        "start": { "line": 44, "column": 4 },
        "end": { "line": 44, "column": 70 }
      },
      "17": {
        "start": { "line": 44, "column": 15 },
        "end": { "line": 44, "column": 70 }
      },
      "18": {
        "start": { "line": 46, "column": 18 },
        "end": { "line": 46, "column": 67 }
      },
      "19": {
        "start": { "line": 47, "column": 4 },
        "end": { "line": 47, "column": 71 }
      },
      "20": {
        "start": { "line": 47, "column": 16 },
        "end": { "line": 47, "column": 71 }
      },
      "21": {
        "start": { "line": 49, "column": 4 },
        "end": { "line": 49, "column": 40 }
      },
      "22": {
        "start": { "line": 57, "column": 16 },
        "end": { "line": 57, "column": 78 }
      },
      "23": {
        "start": { "line": 58, "column": 4 },
        "end": { "line": 58, "column": 71 }
      },
      "24": {
        "start": { "line": 58, "column": 14 },
        "end": { "line": 58, "column": 71 }
      },
      "25": {
        "start": { "line": 60, "column": 17 },
        "end": { "line": 60, "column": 54 }
      },
      "26": {
        "start": { "line": 61, "column": 19 },
        "end": { "line": 61, "column": 53 }
      },
      "27": {
        "start": { "line": 62, "column": 4 },
        "end": { "line": 62, "column": 44 }
      },
      "28": {
        "start": { "line": 63, "column": 4 },
        "end": { "line": 63, "column": 18 }
      },
      "29": {
        "start": { "line": 67, "column": 4 },
        "end": { "line": 67, "column": 33 }
      },
      "30": {
        "start": { "line": 67, "column": 26 },
        "end": { "line": 67, "column": 33 }
      },
      "31": {
        "start": { "line": 68, "column": 16 },
        "end": { "line": 68, "column": 78 }
      },
      "32": {
        "start": { "line": 69, "column": 4 },
        "end": { "line": 69, "column": 53 }
      },
      "33": {
        "start": { "line": 69, "column": 13 },
        "end": { "line": 69, "column": 53 }
      },
      "34": {
        "start": { "line": 73, "column": 4 },
        "end": { "line": 73, "column": 54 }
      },
      "35": {
        "start": { "line": 80, "column": 32 },
        "end": { "line": 84, "column": 6 }
      },
      "36": {
        "start": { "line": 85, "column": 24 },
        "end": { "line": 85, "column": 46 }
      },
      "37": {
        "start": { "line": 87, "column": 25 },
        "end": { "line": 89, "column": null }
      },
      "38": {
        "start": { "line": 91, "column": 22 },
        "end": { "line": 91, "column": 57 }
      },
      "39": {
        "start": { "line": 92, "column": 34 },
        "end": { "line": 95, "column": null }
      },
      "40": {
        "start": { "line": 98, "column": 45 },
        "end": { "line": 98, "column": 49 }
      },
      "41": {
        "start": { "line": 99, "column": 4 },
        "end": { "line": 104, "column": 6 }
      },
      "42": {
        "start": { "line": 19, "column": 13 },
        "end": { "line": 19, "column": 24 }
      },
      "43": {
        "start": { "line": 19, "column": 13 },
        "end": { "line": 106, "column": null }
      }
    },
    "fnMap": {
      "0": {
        "name": "(anonymous_11)",
        "decl": {
          "start": { "line": 20, "column": 2 },
          "end": { "line": 20, "column": null }
        },
        "loc": {
          "start": { "line": 24, "column": 42 },
          "end": { "line": 25, "column": 6 }
        }
      },
      "1": {
        "name": "(anonymous_12)",
        "decl": {
          "start": { "line": 27, "column": 2 },
          "end": { "line": 27, "column": 7 }
        },
        "loc": {
          "start": { "line": 30, "column": 18 },
          "end": { "line": 36, "column": 3 }
        }
      },
      "2": {
        "name": "(anonymous_13)",
        "decl": {
          "start": { "line": 38, "column": 2 },
          "end": { "line": 38, "column": 7 }
        },
        "loc": {
          "start": { "line": 41, "column": 64 },
          "end": { "line": 50, "column": 3 }
        }
      },
      "3": {
        "name": "(anonymous_14)",
        "decl": {
          "start": { "line": 53, "column": 2 },
          "end": { "line": 53, "column": 7 }
        },
        "loc": {
          "start": { "line": 55, "column": 64 },
          "end": { "line": 64, "column": 3 }
        }
      },
      "4": {
        "name": "(anonymous_15)",
        "decl": {
          "start": { "line": 66, "column": 2 },
          "end": { "line": 66, "column": 7 }
        },
        "loc": {
          "start": { "line": 66, "column": 50 },
          "end": { "line": 70, "column": 3 }
        }
      },
      "5": {
        "name": "(anonymous_16)",
        "decl": {
          "start": { "line": 72, "column": 2 },
          "end": { "line": 72, "column": 7 }
        },
        "loc": {
          "start": { "line": 72, "column": 32 },
          "end": { "line": 74, "column": 3 }
        }
      },
      "6": {
        "name": "(anonymous_17)",
        "decl": {
          "start": { "line": 76, "column": 10 },
          "end": { "line": 76, "column": 15 }
        },
        "loc": {
          "start": { "line": 78, "column": 59 },
          "end": { "line": 105, "column": 3 }
        }
      }
    },
    "branchMap": {
      "0": {
        "loc": {
          "start": { "line": 41, "column": 4 },
          "end": { "line": 41, "column": 64 }
        },
        "type": "default-arg",
        "locations": [
          {
            "start": { "line": 41, "column": 62 },
            "end": { "line": 41, "column": 64 }
          }
        ]
      },
      "1": {
        "loc": {
          "start": { "line": 44, "column": 4 },
          "end": { "line": 44, "column": 70 }
        },
        "type": "if",
        "locations": [
          {
            "start": { "line": 44, "column": 4 },
            "end": { "line": 44, "column": 70 }
          },
          { "start": {}, "end": {} }
        ]
      },
      "2": {
        "loc": {
          "start": { "line": 47, "column": 4 },
          "end": { "line": 47, "column": 71 }
        },
        "type": "if",
        "locations": [
          {
            "start": { "line": 47, "column": 4 },
            "end": { "line": 47, "column": 71 }
          },
          { "start": {}, "end": {} }
        ]
      },
      "3": {
        "loc": {
          "start": { "line": 55, "column": 4 },
          "end": { "line": 55, "column": 64 }
        },
        "type": "default-arg",
        "locations": [
          {
            "start": { "line": 55, "column": 62 },
            "end": { "line": 55, "column": 64 }
          }
        ]
      },
      "4": {
        "loc": {
          "start": { "line": 58, "column": 4 },
          "end": { "line": 58, "column": 71 }
        },
        "type": "if",
        "locations": [
          {
            "start": { "line": 58, "column": 4 },
            "end": { "line": 58, "column": 71 }
          },
          { "start": {}, "end": {} }
        ]
      },
      "5": {
        "loc": {
          "start": { "line": 67, "column": 4 },
          "end": { "line": 67, "column": 33 }
        },
        "type": "if",
        "locations": [
          {
            "start": { "line": 67, "column": 4 },
            "end": { "line": 67, "column": 33 }
          },
          { "start": {}, "end": {} }
        ]
      },
      "6": {
        "loc": {
          "start": { "line": 69, "column": 4 },
          "end": { "line": 69, "column": 53 }
        },
        "type": "if",
        "locations": [
          {
            "start": { "line": 69, "column": 4 },
            "end": { "line": 69, "column": 53 }
          },
          { "start": {}, "end": {} }
        ]
      },
      "7": {
        "loc": {
          "start": { "line": 21, "column": 28 },
          "end": { "line": 21, "column": null }
        },
        "type": "cond-expr",
        "locations": [
          {
            "start": { "line": 21, "column": 40 },
            "end": { "line": 21, "column": null }
          },
          {
            "start": { "line": 21, "column": 40 },
            "end": { "line": 21, "column": null }
          }
        ]
      },
      "8": {
        "loc": {
          "start": { "line": 21, "column": 28 },
          "end": { "line": 21, "column": 40 }
        },
        "type": "binary-expr",
        "locations": [
          {
            "start": { "line": 21, "column": 28 },
            "end": { "line": 21, "column": null }
          },
          {
            "start": { "line": 21, "column": 28 },
            "end": { "line": 21, "column": 40 }
          }
        ]
      },
      "9": {
        "loc": {
          "start": { "line": 21, "column": 40 },
          "end": { "line": 22, "column": null }
        },
        "type": "cond-expr",
        "locations": [
          {
            "start": { "line": 22, "column": 36 },
            "end": { "line": 22, "column": null }
          },
          {
            "start": { "line": 22, "column": 36 },
            "end": { "line": 22, "column": null }
          }
        ]
      },
      "10": {
        "loc": {
          "start": { "line": 21, "column": 40 },
          "end": { "line": 22, "column": 36 }
        },
        "type": "binary-expr",
        "locations": [
          {
            "start": { "line": 21, "column": 40 },
            "end": { "line": 22, "column": null }
          },
          {
            "start": { "line": 22, "column": 26 },
            "end": { "line": 22, "column": 36 }
          }
        ]
      },
      "11": {
        "loc": {
          "start": { "line": 22, "column": 36 },
          "end": { "line": 23, "column": null }
        },
        "type": "cond-expr",
        "locations": [
          {
            "start": { "line": 23, "column": 56 },
            "end": { "line": 23, "column": null }
          },
          {
            "start": { "line": 23, "column": 56 },
            "end": { "line": 23, "column": null }
          }
        ]
      },
      "12": {
        "loc": {
          "start": { "line": 22, "column": 36 },
          "end": { "line": 23, "column": 56 }
        },
        "type": "binary-expr",
        "locations": [
          {
            "start": { "line": 22, "column": 36 },
            "end": { "line": 23, "column": null }
          },
          {
            "start": { "line": 23, "column": 36 },
            "end": { "line": 23, "column": 56 }
          }
        ]
      },
      "13": {
        "loc": {
          "start": { "line": 23, "column": 56 },
          "end": { "line": 24, "column": null }
        },
        "type": "cond-expr",
        "locations": [
          {
            "start": { "line": 24, "column": 42 },
            "end": { "line": 24, "column": null }
          },
          {
            "start": { "line": 24, "column": 42 },
            "end": { "line": 24, "column": null }
          }
        ]
      },
      "14": {
        "loc": {
          "start": { "line": 23, "column": 56 },
          "end": { "line": 24, "column": 42 }
        },
        "type": "binary-expr",
        "locations": [
          {
            "start": { "line": 23, "column": 56 },
            "end": { "line": 24, "column": null }
          },
          {
            "start": { "line": 24, "column": 29 },
            "end": { "line": 24, "column": 42 }
          }
        ]
      }
    },
    "s": {
      "0": 2,
      "1": 2,
      "2": 2,
      "3": 2,
      "4": 2,
      "5": 2,
      "6": 2,
      "7": 2,
      "8": 8,
      "9": 8,
      "10": 8,
      "11": 8,
      "12": 1,
      "13": 1,
      "14": 1,
      "15": 3,
      "16": 3,
      "17": 1,
      "18": 2,
      "19": 2,
      "20": 1,
      "21": 1,
      "22": 2,
      "23": 2,
      "24": 1,
      "25": 1,
      "26": 1,
      "27": 1,
      "28": 1,
      "29": 3,
      "30": 1,
      "31": 2,
      "32": 2,
      "33": 1,
      "34": 0,
      "35": 2,
      "36": 2,
      "37": 2,
      "38": 2,
      "39": 2,
      "40": 2,
      "41": 2,
      "42": 2,
      "43": 2
    },
    "f": { "0": 8, "1": 1, "2": 3, "3": 2, "4": 3, "5": 0, "6": 2 },
    "b": {
      "0": [3],
      "1": [1, 2],
      "2": [1, 1],
      "3": [2],
      "4": [1, 1],
      "5": [1, 2],
      "6": [1, 1],
      "7": [2, 0],
      "8": [2, 2],
      "9": [2, 0],
      "10": [2, 2],
      "11": [2, 0],
      "12": [2, 2],
      "13": [2, 0],
      "14": [2, 2]
    }
  },
  "/Users/brian/GitHub/codemouse/flamingo/api/src/auth/refresh-tokens.service.ts": {
    "path": "/Users/brian/GitHub/codemouse/flamingo/api/src/auth/refresh-tokens.service.ts",
    "statementMap": {
      "0": {
        "start": { "line": 9, "column": 0 },
        "end": { "line": 9, "column": 16 }
      },
      "1": {
        "start": { "line": 1, "column": 0 },
        "end": { "line": 1, "column": 44 }
      },
      "2": {
        "start": { "line": 2, "column": 0 },
        "end": { "line": 2, "column": 51 }
      },
      "3": {
        "start": { "line": 3, "column": 0 },
        "end": { "line": 3, "column": 47 }
      },
      "4": {
        "start": { "line": 4, "column": 0 },
        "end": { "line": 4, "column": 49 }
      },
      "5": {
        "start": { "line": 5, "column": 0 },
        "end": { "line": 5, "column": 63 }
      },
      "6": {
        "start": { "line": 7, "column": 22 },
        "end": { "line": 7, "column": 24 }
      },
      "7": {
        "start": { "line": 10, "column": 2 },
        "end": { "line": 10, "column": 58 }
      },
      "8": {
        "start": { "line": 14, "column": 7 },
        "end": { "line": 72, "column": null }
      },
      "9": {
        "start": { "line": 17, "column": 21 },
        "end": { "line": 17, "column": 27 }
      },
      "10": {
        "start": { "line": 21, "column": 4 },
        "end": { "line": 21, "column": 60 }
      },
      "11": {
        "start": { "line": 29, "column": 16 },
        "end": { "line": 29, "column": 39 }
      },
      "12": {
        "start": { "line": 30, "column": 16 },
        "end": { "line": 37, "column": null }
      },
      "13": {
        "start": { "line": 39, "column": 4 },
        "end": { "line": 39, "column": 24 }
      },
      "14": {
        "start": { "line": 43, "column": 16 },
        "end": { "line": 45, "column": 6 }
      },
      "15": {
        "start": { "line": 46, "column": 4 },
        "end": { "line": 46, "column": 26 }
      },
      "16": {
        "start": { "line": 46, "column": 14 },
        "end": { "line": 46, "column": 26 }
      },
      "17": {
        "start": { "line": 47, "column": 4 },
        "end": { "line": 47, "column": 35 }
      },
      "18": {
        "start": { "line": 47, "column": 23 },
        "end": { "line": 47, "column": 35 }
      },
      "19": {
        "start": { "line": 48, "column": 4 },
        "end": { "line": 48, "column": 58 }
      },
      "20": {
        "start": { "line": 48, "column": 46 },
        "end": { "line": 48, "column": 58 }
      },
      "21": {
        "start": { "line": 49, "column": 4 },
        "end": { "line": 49, "column": 15 }
      },
      "22": {
        "start": { "line": 53, "column": 4 },
        "end": { "line": 56, "column": 7 }
      },
      "23": {
        "start": { "line": 60, "column": 4 },
        "end": { "line": 65, "column": 17 }
      },
      "24": {
        "start": { "line": 63, "column": 30 },
        "end": { "line": 63, "column": 59 }
      },
      "25": {
        "start": { "line": 69, "column": 19 },
        "end": { "line": 69, "column": 78 }
      },
      "26": {
        "start": { "line": 70, "column": 4 },
        "end": { "line": 70, "column": 32 }
      },
      "27": {
        "start": { "line": 14, "column": 13 },
        "end": { "line": 14, "column": 33 }
      },
      "28": {
        "start": { "line": 14, "column": 13 },
        "end": { "line": 72, "column": null }
      }
    },
    "fnMap": {
      "0": {
        "name": "hashRefreshToken",
        "decl": {
          "start": { "line": 9, "column": 16 },
          "end": { "line": 9, "column": 32 }
        },
        "loc": {
          "start": { "line": 9, "column": 46 },
          "end": { "line": 11, "column": 1 }
        }
      },
      "1": {
        "name": "(anonymous_5)",
        "decl": {
          "start": { "line": 15, "column": 2 },
          "end": { "line": 15, "column": null }
        },
        "loc": {
          "start": { "line": 17, "column": 51 },
          "end": { "line": 18, "column": 6 }
        }
      },
      "2": {
        "name": "(anonymous_6)",
        "decl": {
          "start": { "line": 20, "column": 2 },
          "end": { "line": 20, "column": 18 }
        },
        "loc": {
          "start": { "line": 20, "column": 18 },
          "end": { "line": 22, "column": 3 }
        }
      },
      "3": {
        "name": "(anonymous_7)",
        "decl": {
          "start": { "line": 24, "column": 2 },
          "end": { "line": 24, "column": 7 }
        },
        "loc": {
          "start": { "line": 27, "column": 64 },
          "end": { "line": 40, "column": 3 }
        }
      },
      "4": {
        "name": "(anonymous_8)",
        "decl": {
          "start": { "line": 42, "column": 2 },
          "end": { "line": 42, "column": 7 }
        },
        "loc": {
          "start": { "line": 42, "column": 40 },
          "end": { "line": 50, "column": 3 }
        }
      },
      "5": {
        "name": "(anonymous_9)",
        "decl": {
          "start": { "line": 52, "column": 2 },
          "end": { "line": 52, "column": 7 }
        },
        "loc": {
          "start": { "line": 52, "column": 46 },
          "end": { "line": 57, "column": 3 }
        }
      },
      "6": {
        "name": "(anonymous_10)",
        "decl": {
          "start": { "line": 59, "column": 2 },
          "end": { "line": 59, "column": 7 }
        },
        "loc": {
          "start": { "line": 59, "column": 39 },
          "end": { "line": 66, "column": 3 }
        }
      },
      "7": {
        "name": "(anonymous_11)",
        "decl": {
          "start": { "line": 63, "column": 24 },
          "end": { "line": 63, "column": 27 }
        },
        "loc": {
          "start": { "line": 63, "column": 30 },
          "end": { "line": 63, "column": 59 }
        }
      },
      "8": {
        "name": "(anonymous_12)",
        "decl": {
          "start": { "line": 68, "column": 2 },
          "end": { "line": 68, "column": 7 }
        },
        "loc": {
          "start": { "line": 68, "column": 21 },
          "end": { "line": 71, "column": 3 }
        }
      }
    },
    "branchMap": {
      "0": {
        "loc": {
          "start": { "line": 27, "column": 4 },
          "end": { "line": 27, "column": 64 }
        },
        "type": "default-arg",
        "locations": [
          {
            "start": { "line": 27, "column": 62 },
            "end": { "line": 27, "column": 64 }
          }
        ]
      },
      "1": {
        "loc": {
          "start": { "line": 35, "column": 19 },
          "end": { "line": 35, "column": 41 }
        },
        "type": "binary-expr",
        "locations": [
          {
            "start": { "line": 35, "column": 19 },
            "end": { "line": 35, "column": 33 }
          },
          {
            "start": { "line": 35, "column": 37 },
            "end": { "line": 35, "column": 41 }
          }
        ]
      },
      "2": {
        "loc": {
          "start": { "line": 36, "column": 12 },
          "end": { "line": 36, "column": 27 }
        },
        "type": "binary-expr",
        "locations": [
          {
            "start": { "line": 36, "column": 12 },
            "end": { "line": 36, "column": 19 }
          },
          {
            "start": { "line": 36, "column": 23 },
            "end": { "line": 36, "column": 27 }
          }
        ]
      },
      "3": {
        "loc": {
          "start": { "line": 46, "column": 4 },
          "end": { "line": 46, "column": 26 }
        },
        "type": "if",
        "locations": [
          {
            "start": { "line": 46, "column": 4 },
            "end": { "line": 46, "column": 26 }
          },
          { "start": {}, "end": {} }
        ]
      },
      "4": {
        "loc": {
          "start": { "line": 47, "column": 4 },
          "end": { "line": 47, "column": 35 }
        },
        "type": "if",
        "locations": [
          {
            "start": { "line": 47, "column": 4 },
            "end": { "line": 47, "column": 35 }
          },
          { "start": {}, "end": {} }
        ]
      },
      "5": {
        "loc": {
          "start": { "line": 48, "column": 4 },
          "end": { "line": 48, "column": 58 }
        },
        "type": "if",
        "locations": [
          {
            "start": { "line": 48, "column": 4 },
            "end": { "line": 48, "column": 58 }
          },
          { "start": {}, "end": {} }
        ]
      },
      "6": {
        "loc": {
          "start": { "line": 55, "column": 18 },
          "end": { "line": 55, "column": 36 }
        },
        "type": "binary-expr",
        "locations": [
          {
            "start": { "line": 55, "column": 18 },
            "end": { "line": 55, "column": 28 }
          },
          {
            "start": { "line": 55, "column": 32 },
            "end": { "line": 55, "column": 36 }
          }
        ]
      },
      "7": {
        "loc": {
          "start": { "line": 70, "column": 11 },
          "end": { "line": 70, "column": 31 }
        },
        "type": "binary-expr",
        "locations": [
          {
            "start": { "line": 70, "column": 11 },
            "end": { "line": 70, "column": 26 }
          },
          {
            "start": { "line": 70, "column": 30 },
            "end": { "line": 70, "column": 31 }
          }
        ]
      },
      "8": {
        "loc": {
          "start": { "line": 17, "column": 27 },
          "end": { "line": 17, "column": 51 }
        },
        "type": "cond-expr",
        "locations": [
          {
            "start": { "line": 17, "column": 37 },
            "end": { "line": 17, "column": 51 }
          },
          {
            "start": { "line": 17, "column": 37 },
            "end": { "line": 17, "column": 51 }
          }
        ]
      },
      "9": {
        "loc": {
          "start": { "line": 17, "column": 27 },
          "end": { "line": 17, "column": 37 }
        },
        "type": "binary-expr",
        "locations": [
          {
            "start": { "line": 17, "column": 27 },
            "end": { "line": 17, "column": 51 }
          },
          {
            "start": { "line": 17, "column": 27 },
            "end": { "line": 17, "column": 37 }
          }
        ]
      }
    },
    "s": {
      "0": 3,
      "1": 3,
      "2": 3,
      "3": 3,
      "4": 3,
      "5": 3,
      "6": 3,
      "7": 9,
      "8": 3,
      "9": 14,
      "10": 5,
      "11": 2,
      "12": 2,
      "13": 2,
      "14": 4,
      "15": 4,
      "16": 1,
      "17": 3,
      "18": 1,
      "19": 2,
      "20": 1,
      "21": 1,
      "22": 2,
      "23": 1,
      "24": 0,
      "25": 2,
      "26": 2,
      "27": 3,
      "28": 3
    },
    "f": {
      "0": 9,
      "1": 14,
      "2": 5,
      "3": 2,
      "4": 4,
      "5": 2,
      "6": 1,
      "7": 0,
      "8": 2
    },
    "b": {
      "0": [1],
      "1": [2, 1],
      "2": [2, 1],
      "3": [1, 3],
      "4": [1, 2],
      "5": [1, 1],
      "6": [2, 1],
      "7": [2, 1],
      "8": [3, 0],
      "9": [3, 3]
    }
  },
  "/Users/brian/GitHub/codemouse/flamingo/api/src/auth/guards/jwt-auth.guard.ts": {
    "path": "/Users/brian/GitHub/codemouse/flamingo/api/src/auth/guards/jwt-auth.guard.ts",
    "statementMap": {
      "0": {
        "start": { "line": 1, "column": 0 },
        "end": { "line": 1, "column": 44 }
      },
      "1": {
        "start": { "line": 2, "column": 0 },
        "end": { "line": 2, "column": 45 }
      },
      "2": {
        "start": { "line": 5, "column": 7 },
        "end": { "line": 5, "column": null }
      },
      "3": {
        "start": { "line": 5, "column": 13 },
        "end": { "line": 5, "column": 25 }
      },
      "4": {
        "start": { "line": 5, "column": 13 },
        "end": { "line": 5, "column": null }
      }
    },
    "fnMap": {},
    "branchMap": {},
    "s": { "0": 2, "1": 2, "2": 2, "3": 2, "4": 2 },
    "f": {},
    "b": {}
  },
  "/Users/brian/GitHub/codemouse/flamingo/api/src/auth/guards/roles.guard.ts": {
    "path": "/Users/brian/GitHub/codemouse/flamingo/api/src/auth/guards/roles.guard.ts",
    "statementMap": {
      "0": {
        "start": { "line": 1, "column": 0 },
        "end": { "line": 1, "column": 75 }
      },
      "1": {
        "start": { "line": 2, "column": 0 },
        "end": { "line": 2, "column": 41 }
      },
      "2": {
        "start": { "line": 4, "column": 0 },
        "end": { "line": 4, "column": 58 }
      },
      "3": {
        "start": { "line": 8, "column": 7 },
        "end": { "line": 23, "column": null }
      },
      "4": {
        "start": { "line": 9, "column": 31 },
        "end": { "line": 9, "column": 42 }
      },
      "5": {
        "start": { "line": 12, "column": 21 },
        "end": { "line": 15, "column": 6 }
      },
      "6": {
        "start": { "line": 16, "column": 4 },
        "end": { "line": 16, "column": 56 }
      },
      "7": {
        "start": { "line": 16, "column": 44 },
        "end": { "line": 16, "column": 56 }
      },
      "8": {
        "start": { "line": 18, "column": 21 },
        "end": { "line": 20, "column": 48 }
      },
      "9": {
        "start": { "line": 21, "column": 4 },
        "end": { "line": 21, "column": 41 }
      },
      "10": {
        "start": { "line": 8, "column": 13 },
        "end": { "line": 8, "column": 23 }
      },
      "11": {
        "start": { "line": 8, "column": 13 },
        "end": { "line": 23, "column": null }
      }
    },
    "fnMap": {
      "0": {
        "name": "(anonymous_2)",
        "decl": {
          "start": { "line": 9, "column": 2 },
          "end": { "line": 9, "column": 31 }
        },
        "loc": {
          "start": { "line": 9, "column": 51 },
          "end": { "line": 9, "column": 55 }
        }
      },
      "1": {
        "name": "(anonymous_3)",
        "decl": {
          "start": { "line": 11, "column": 2 },
          "end": { "line": 11, "column": 13 }
        },
        "loc": {
          "start": { "line": 11, "column": 39 },
          "end": { "line": 22, "column": 3 }
        }
      }
    },
    "branchMap": {
      "0": {
        "loc": {
          "start": { "line": 16, "column": 4 },
          "end": { "line": 16, "column": 56 }
        },
        "type": "if",
        "locations": [
          {
            "start": { "line": 16, "column": 4 },
            "end": { "line": 16, "column": 56 }
          },
          { "start": {}, "end": {} }
        ]
      },
      "1": {
        "loc": {
          "start": { "line": 16, "column": 8 },
          "end": { "line": 16, "column": 42 }
        },
        "type": "binary-expr",
        "locations": [
          {
            "start": { "line": 16, "column": 8 },
            "end": { "line": 16, "column": 17 }
          },
          {
            "start": { "line": 16, "column": 21 },
            "end": { "line": 16, "column": 42 }
          }
        ]
      },
      "2": {
        "loc": {
          "start": { "line": 9, "column": 42 },
          "end": { "line": 9, "column": 54 }
        },
        "type": "cond-expr",
        "locations": [
          {
            "start": { "line": 9, "column": 51 },
            "end": { "line": 9, "column": 54 }
          },
          {
            "start": { "line": 9, "column": 51 },
            "end": { "line": 9, "column": 54 }
          }
        ]
      },
      "3": {
        "loc": {
          "start": { "line": 9, "column": 42 },
          "end": { "line": 9, "column": 51 }
        },
        "type": "binary-expr",
        "locations": [
          {
            "start": { "line": 9, "column": 42 },
            "end": { "line": 9, "column": 54 }
          },
          {
            "start": { "line": 9, "column": 42 },
            "end": { "line": 9, "column": 51 }
          }
        ]
      }
    },
    "s": {
      "0": 2,
      "1": 2,
      "2": 2,
      "3": 2,
      "4": 13,
      "5": 6,
      "6": 6,
      "7": 2,
      "8": 4,
      "9": 4,
      "10": 2,
      "11": 2
    },
    "f": { "0": 13, "1": 6 },
    "b": { "0": [2, 4], "1": [6, 5], "2": [2, 0], "3": [2, 2] }
  },
  "/Users/brian/GitHub/codemouse/flamingo/api/src/config/env.validation.ts": {
    "path": "/Users/brian/GitHub/codemouse/flamingo/api/src/config/env.validation.ts",
    "statementMap": {
      "0": {
        "start": { "line": 1, "column": 0 },
        "end": { "line": 1, "column": 27 }
      },
      "1": {
        "start": { "line": 3, "column": 23 },
        "end": { "line": 8, "column": 4 }
      },
      "2": {
        "start": { "line": 4, "column": 2 },
        "end": { "line": 8, "column": 4 }
      },
      "3": {
        "start": { "line": 10, "column": 13 },
        "end": { "line": 40, "column": 17 }
      }
    },
    "fnMap": {
      "0": {
        "name": "(anonymous_9)",
        "decl": {
          "start": { "line": 3, "column": 23 },
          "end": { "line": 3, "column": 24 }
        },
        "loc": {
          "start": { "line": 4, "column": 2 },
          "end": { "line": 8, "column": 4 }
        }
      }
    },
    "branchMap": {},
    "s": { "0": 0, "1": 0, "2": 0, "3": 0 },
    "f": { "0": 0 },
    "b": {}
  },
  "/Users/brian/GitHub/codemouse/flamingo/api/src/plaid/plaid-items.service.ts": {
    "path": "/Users/brian/GitHub/codemouse/flamingo/api/src/plaid/plaid-items.service.ts",
    "statementMap": {
      "0": {
        "start": { "line": 1, "column": 0 },
        "end": { "line": 1, "column": 71 }
      },
      "1": {
        "start": { "line": 2, "column": 0 },
        "end": { "line": 2, "column": 51 }
      },
      "2": {
        "start": { "line": 3, "column": 0 },
        "end": { "line": 3, "column": 37 }
      },
      "3": {
        "start": { "line": 4, "column": 0 },
        "end": { "line": 4, "column": 60 }
      },
      "4": {
        "start": { "line": 7, "column": 30 },
        "end": { "line": 64, "column": null }
      },
      "5": {
        "start": { "line": 8, "column": 28 },
        "end": { "line": 8, "column": 62 }
      },
      "6": {
        "start": { "line": 12, "column": 21 },
        "end": { "line": 12, "column": 27 }
      },
      "7": {
        "start": { "line": 22, "column": 17 },
        "end": { "line": 28, "column": 6 }
      },
      "8": {
        "start": { "line": 29, "column": 4 },
        "end": { "line": 29, "column": 32 }
      },
      "9": {
        "start": { "line": 33, "column": 4 },
        "end": { "line": 33, "column": 78 }
      },
      "10": {
        "start": { "line": 37, "column": 4 },
        "end": { "line": 37, "column": 52 }
      },
      "11": {
        "start": { "line": 41, "column": 17 },
        "end": { "line": 41, "column": 59 }
      },
      "12": {
        "start": { "line": 42, "column": 4 },
        "end": { "line": 42, "column": 72 }
      },
      "13": {
        "start": { "line": 42, "column": 15 },
        "end": { "line": 42, "column": 72 }
      },
      "14": {
        "start": { "line": 43, "column": 4 },
        "end": { "line": 43, "column": 16 }
      },
      "15": {
        "start": { "line": 47, "column": 4 },
        "end": { "line": 47, "column": 59 }
      },
      "16": {
        "start": { "line": 51, "column": 4 },
        "end": { "line": 51, "column": 43 }
      },
      "17": {
        "start": { "line": 55, "column": 19 },
        "end": { "line": 55, "column": 45 }
      },
      "18": {
        "start": { "line": 56, "column": 4 },
        "end": { "line": 58, "column": 5 }
      },
      "19": {
        "start": { "line": 57, "column": 6 },
        "end": { "line": 57, "column": 78 }
      },
      "20": {
        "start": { "line": 62, "column": 4 },
        "end": { "line": 62, "column": 39 }
      },
      "21": {
        "start": { "line": 7, "column": 13 },
        "end": { "line": 7, "column": 30 }
      },
      "22": {
        "start": { "line": 7, "column": 13 },
        "end": { "line": 64, "column": null }
      }
    },
    "fnMap": {
      "0": {
        "name": "(anonymous_4)",
        "decl": {
          "start": { "line": 10, "column": 2 },
          "end": { "line": 10, "column": null }
        },
        "loc": {
          "start": { "line": 12, "column": 48 },
          "end": { "line": 13, "column": 6 }
        }
      },
      "1": {
        "name": "(anonymous_5)",
        "decl": {
          "start": { "line": 15, "column": 2 },
          "end": { "line": 15, "column": 7 }
        },
        "loc": {
          "start": { "line": 20, "column": 35 },
          "end": { "line": 30, "column": 3 }
        }
      },
      "2": {
        "name": "(anonymous_6)",
        "decl": {
          "start": { "line": 32, "column": 2 },
          "end": { "line": 32, "column": 7 }
        },
        "loc": {
          "start": { "line": 32, "column": 33 },
          "end": { "line": 34, "column": 3 }
        }
      },
      "3": {
        "name": "(anonymous_7)",
        "decl": {
          "start": { "line": 36, "column": 2 },
          "end": { "line": 36, "column": 7 }
        },
        "loc": {
          "start": { "line": 36, "column": 35 },
          "end": { "line": 38, "column": 3 }
        }
      },
      "4": {
        "name": "(anonymous_8)",
        "decl": {
          "start": { "line": 40, "column": 2 },
          "end": { "line": 40, "column": 7 }
        },
        "loc": {
          "start": { "line": 40, "column": 27 },
          "end": { "line": 44, "column": 3 }
        }
      },
      "5": {
        "name": "(anonymous_9)",
        "decl": {
          "start": { "line": 46, "column": 2 },
          "end": { "line": 46, "column": 7 }
        },
        "loc": {
          "start": { "line": 46, "column": 15 },
          "end": { "line": 48, "column": 3 }
        }
      },
      "6": {
        "name": "(anonymous_10)",
        "decl": {
          "start": { "line": 50, "column": 2 },
          "end": { "line": 50, "column": 7 }
        },
        "loc": {
          "start": { "line": 50, "column": 47 },
          "end": { "line": 52, "column": 3 }
        }
      },
      "7": {
        "name": "(anonymous_11)",
        "decl": {
          "start": { "line": 54, "column": 2 },
          "end": { "line": 54, "column": 7 }
        },
        "loc": {
          "start": { "line": 54, "column": 25 },
          "end": { "line": 59, "column": 3 }
        }
      },
      "8": {
        "name": "(anonymous_12)",
        "decl": {
          "start": { "line": 61, "column": 2 },
          "end": { "line": 61, "column": 7 }
        },
        "loc": {
          "start": { "line": 61, "column": 37 },
          "end": { "line": 63, "column": 3 }
        }
      }
    },
    "branchMap": {
      "0": {
        "loc": {
          "start": { "line": 26, "column": 21 },
          "end": { "line": 26, "column": 42 }
        },
        "type": "binary-expr",
        "locations": [
          {
            "start": { "line": 26, "column": 21 },
            "end": { "line": 26, "column": 34 }
          },
          {
            "start": { "line": 26, "column": 38 },
            "end": { "line": 26, "column": 42 }
          }
        ]
      },
      "1": {
        "loc": {
          "start": { "line": 27, "column": 23 },
          "end": { "line": 27, "column": 46 }
        },
        "type": "binary-expr",
        "locations": [
          {
            "start": { "line": 27, "column": 23 },
            "end": { "line": 27, "column": 38 }
          },
          {
            "start": { "line": 27, "column": 42 },
            "end": { "line": 27, "column": 46 }
          }
        ]
      },
      "2": {
        "loc": {
          "start": { "line": 42, "column": 4 },
          "end": { "line": 42, "column": 72 }
        },
        "type": "if",
        "locations": [
          {
            "start": { "line": 42, "column": 4 },
            "end": { "line": 42, "column": 72 }
          },
          { "start": {}, "end": {} }
        ]
      },
      "3": {
        "loc": {
          "start": { "line": 56, "column": 4 },
          "end": { "line": 58, "column": 5 }
        },
        "type": "if",
        "locations": [
          {
            "start": { "line": 56, "column": 4 },
            "end": { "line": 58, "column": 5 }
          },
          { "start": {}, "end": {} }
        ]
      },
      "4": {
        "loc": {
          "start": { "line": 12, "column": 27 },
          "end": { "line": 12, "column": 48 }
        },
        "type": "cond-expr",
        "locations": [
          {
            "start": { "line": 12, "column": 37 },
            "end": { "line": 12, "column": 48 }
          },
          {
            "start": { "line": 12, "column": 37 },
            "end": { "line": 12, "column": 48 }
          }
        ]
      },
      "5": {
        "loc": {
          "start": { "line": 12, "column": 27 },
          "end": { "line": 12, "column": 37 }
        },
        "type": "binary-expr",
        "locations": [
          {
            "start": { "line": 12, "column": 27 },
            "end": { "line": 12, "column": 48 }
          },
          {
            "start": { "line": 12, "column": 27 },
            "end": { "line": 12, "column": 37 }
          }
        ]
      }
    },
    "s": {
      "0": 1,
      "1": 1,
      "2": 1,
      "3": 1,
      "4": 1,
      "5": 12,
      "6": 12,
      "7": 2,
      "8": 2,
      "9": 1,
      "10": 2,
      "11": 2,
      "12": 2,
      "13": 1,
      "14": 1,
      "15": 1,
      "16": 1,
      "17": 2,
      "18": 2,
      "19": 1,
      "20": 1,
      "21": 1,
      "22": 1
    },
    "f": {
      "0": 12,
      "1": 2,
      "2": 1,
      "3": 2,
      "4": 2,
      "5": 1,
      "6": 1,
      "7": 2,
      "8": 1
    },
    "b": {
      "0": [2, 1],
      "1": [2, 1],
      "2": [1, 1],
      "3": [1, 1],
      "4": [1, 0],
      "5": [1, 1]
    }
  },
  "/Users/brian/GitHub/codemouse/flamingo/api/src/plaid/plaid-webhook.verifier.ts": {
    "path": "/Users/brian/GitHub/codemouse/flamingo/api/src/plaid/plaid-webhook.verifier.ts",
    "statementMap": {
      "0": {
        "start": { "line": 1, "column": 0 },
        "end": { "line": 1, "column": 75 }
      },
      "1": {
        "start": { "line": 2, "column": 0 },
        "end": { "line": 2, "column": 47 }
      },
      "2": {
        "start": { "line": 3, "column": 0 },
        "end": { "line": 3, "column": 67 }
      },
      "3": {
        "start": { "line": 4, "column": 0 },
        "end": { "line": 4, "column": 50 }
      },
      "4": {
        "start": { "line": 30, "column": 33 },
        "end": { "line": 153, "column": null }
      },
      "5": {
        "start": { "line": 31, "column": 28 },
        "end": { "line": 31, "column": 65 }
      },
      "6": {
        "start": { "line": 32, "column": 30 },
        "end": { "line": 32, "column": null }
      },
      "7": {
        "start": { "line": 36, "column": 32 },
        "end": { "line": 36, "column": 51 }
      },
      "8": {
        "start": { "line": 39, "column": 21 },
        "end": { "line": 39, "column": 28 }
      },
      "9": {
        "start": { "line": 40, "column": 21 },
        "end": { "line": 40, "column": 29 }
      },
      "10": {
        "start": { "line": 51, "column": 19 },
        "end": { "line": 51, "column": 71 }
      },
      "11": {
        "start": { "line": 53, "column": 4 },
        "end": { "line": 60, "column": 5 }
      },
      "12": {
        "start": { "line": 54, "column": 6 },
        "end": { "line": 55, "column": 77 }
      },
      "13": {
        "start": { "line": 55, "column": 8 },
        "end": { "line": 55, "column": 77 }
      },
      "14": {
        "start": { "line": 56, "column": 6 },
        "end": { "line": 58, "column": 8 }
      },
      "15": {
        "start": { "line": 59, "column": 6 },
        "end": { "line": 59, "column": 19 }
      },
      "16": {
        "start": { "line": 62, "column": 18 },
        "end": { "line": 62, "column": 44 }
      },
      "17": {
        "start": { "line": 63, "column": 4 },
        "end": { "line": 67, "column": 5 }
      },
      "18": {
        "start": { "line": 64, "column": 6 },
        "end": { "line": 65, "column": 78 }
      },
      "19": {
        "start": { "line": 65, "column": 8 },
        "end": { "line": 65, "column": 78 }
      },
      "20": {
        "start": { "line": 66, "column": 6 },
        "end": { "line": 66, "column": 19 }
      },
      "21": {
        "start": { "line": 71, "column": 4 },
        "end": { "line": 82, "column": 5 }
      },
      "22": {
        "start": { "line": 72, "column": 6 },
        "end": { "line": 74, "column": 42 }
      },
      "23": {
        "start": { "line": 75, "column": 6 },
        "end": { "line": 77, "column": 58 }
      },
      "24": {
        "start": { "line": 79, "column": 6 },
        "end": { "line": 80, "column": 79 }
      },
      "25": {
        "start": { "line": 80, "column": 8 },
        "end": { "line": 80, "column": 79 }
      },
      "26": {
        "start": { "line": 81, "column": 6 },
        "end": { "line": 81, "column": 19 }
      },
      "27": {
        "start": { "line": 84, "column": 4 },
        "end": { "line": 90, "column": 5 }
      },
      "28": {
        "start": { "line": 85, "column": 6 },
        "end": { "line": 88, "column": 10 }
      },
      "29": {
        "start": { "line": 86, "column": 8 },
        "end": { "line": 88, "column": 10 }
      },
      "30": {
        "start": { "line": 89, "column": 6 },
        "end": { "line": 89, "column": 19 }
      },
      "31": {
        "start": { "line": 93, "column": 18 },
        "end": { "line": 93, "column": 66 }
      },
      "32": {
        "start": { "line": 94, "column": 4 },
        "end": { "line": 98, "column": 5 }
      },
      "33": {
        "start": { "line": 95, "column": 6 },
        "end": { "line": 96, "column": 76 }
      },
      "34": {
        "start": { "line": 96, "column": 8 },
        "end": { "line": 96, "column": 76 }
      },
      "35": {
        "start": { "line": 97, "column": 6 },
        "end": { "line": 97, "column": 19 }
      },
      "36": {
        "start": { "line": 100, "column": 24 },
        "end": { "line": 100, "column": 74 }
      },
      "37": {
        "start": { "line": 101, "column": 4 },
        "end": { "line": 104, "column": 5 }
      },
      "38": {
        "start": { "line": 102, "column": 6 },
        "end": { "line": 102, "column": 72 }
      },
      "39": {
        "start": { "line": 102, "column": 18 },
        "end": { "line": 102, "column": 72 }
      },
      "40": {
        "start": { "line": 103, "column": 6 },
        "end": { "line": 103, "column": 19 }
      },
      "41": {
        "start": { "line": 106, "column": 16 },
        "end": { "line": 106, "column": 45 }
      },
      "42": {
        "start": { "line": 107, "column": 4 },
        "end": { "line": 110, "column": 5 }
      },
      "43": {
        "start": { "line": 108, "column": 6 },
        "end": { "line": 108, "column": 73 }
      },
      "44": {
        "start": { "line": 108, "column": 18 },
        "end": { "line": 108, "column": 73 }
      },
      "45": {
        "start": { "line": 109, "column": 6 },
        "end": { "line": 109, "column": 19 }
      },
      "46": {
        "start": { "line": 112, "column": 15 },
        "end": { "line": 112, "column": 50 }
      },
      "47": {
        "start": { "line": 113, "column": 4 },
        "end": { "line": 114, "column": 78 }
      },
      "48": {
        "start": { "line": 114, "column": 6 },
        "end": { "line": 114, "column": 78 }
      },
      "49": {
        "start": { "line": 115, "column": 4 },
        "end": { "line": 115, "column": 14 }
      },
      "50": {
        "start": { "line": 119, "column": 19 },
        "end": { "line": 119, "column": 41 }
      },
      "51": {
        "start": { "line": 120, "column": 4 },
        "end": { "line": 122, "column": 5 }
      },
      "52": {
        "start": { "line": 121, "column": 6 },
        "end": { "line": 121, "column": 24 }
      },
      "53": {
        "start": { "line": 123, "column": 4 },
        "end": { "line": 132, "column": 5 }
      },
      "54": {
        "start": { "line": 124, "column": 18 },
        "end": { "line": 124, "column": 65 }
      },
      "55": {
        "start": { "line": 125, "column": 6 },
        "end": { "line": 125, "column": 66 }
      },
      "56": {
        "start": { "line": 126, "column": 6 },
        "end": { "line": 126, "column": 17 }
      },
      "57": {
        "start": { "line": 128, "column": 6 },
        "end": { "line": 130, "column": 8 }
      },
      "58": {
        "start": { "line": 131, "column": 6 },
        "end": { "line": 131, "column": 18 }
      },
      "59": {
        "start": { "line": 136, "column": 4 },
        "end": { "line": 151, "column": 5 }
      },
      "60": {
        "start": { "line": 137, "column": 27 },
        "end": { "line": 137, "column": 52 }
      },
      "61": {
        "start": { "line": 138, "column": 24 },
        "end": { "line": 138, "column": 58 }
      },
      "62": {
        "start": { "line": 139, "column": 24 },
        "end": { "line": 139, "column": 77 }
      },
      "63": {
        "start": { "line": 141, "column": 23 },
        "end": { "line": 141, "column": 45 }
      },
      "64": {
        "start": { "line": 142, "column": 6 },
        "end": { "line": 142, "column": 36 }
      },
      "65": {
        "start": { "line": 143, "column": 6 },
        "end": { "line": 143, "column": 21 }
      },
      "66": {
        "start": { "line": 144, "column": 6 },
        "end": { "line": 147, "column": 8 }
      },
      "67": {
        "start": { "line": 149, "column": 6 },
        "end": { "line": 149, "column": 77 }
      },
      "68": {
        "start": { "line": 150, "column": 6 },
        "end": { "line": 150, "column": 19 }
      },
      "69": {
        "start": { "line": 30, "column": 13 },
        "end": { "line": 30, "column": 33 }
      },
      "70": {
        "start": { "line": 30, "column": 13 },
        "end": { "line": 153, "column": null }
      }
    },
    "fnMap": {
      "0": {
        "name": "(anonymous_2)",
        "decl": {
          "start": { "line": 38, "column": 2 },
          "end": { "line": 38, "column": null }
        },
        "loc": {
          "start": { "line": 40, "column": 42 },
          "end": { "line": 41, "column": 6 }
        }
      },
      "1": {
        "name": "(anonymous_3)",
        "decl": {
          "start": { "line": 47, "column": 2 },
          "end": { "line": 47, "column": 7 }
        },
        "loc": {
          "start": { "line": 49, "column": 39 },
          "end": { "line": 116, "column": 3 }
        }
      },
      "2": {
        "name": "(anonymous_4)",
        "decl": {
          "start": { "line": 118, "column": 10 },
          "end": { "line": 118, "column": 15 }
        },
        "loc": {
          "start": { "line": 118, "column": 34 },
          "end": { "line": 133, "column": 3 }
        }
      },
      "3": {
        "name": "(anonymous_5)",
        "decl": {
          "start": { "line": 135, "column": 10 },
          "end": { "line": 135, "column": 28 }
        },
        "loc": {
          "start": { "line": 135, "column": 57 },
          "end": { "line": 152, "column": 3 }
        }
      }
    },
    "branchMap": {
      "0": {
        "loc": {
          "start": { "line": 53, "column": 4 },
          "end": { "line": 60, "column": 5 }
        },
        "type": "if",
        "locations": [
          {
            "start": { "line": 53, "column": 4 },
            "end": { "line": 60, "column": 5 }
          },
          { "start": {}, "end": {} }
        ]
      },
      "1": {
        "loc": {
          "start": { "line": 54, "column": 6 },
          "end": { "line": 55, "column": 77 }
        },
        "type": "if",
        "locations": [
          {
            "start": { "line": 54, "column": 6 },
            "end": { "line": 55, "column": 77 }
          },
          { "start": {}, "end": {} }
        ]
      },
      "2": {
        "loc": {
          "start": { "line": 63, "column": 4 },
          "end": { "line": 67, "column": 5 }
        },
        "type": "if",
        "locations": [
          {
            "start": { "line": 63, "column": 4 },
            "end": { "line": 67, "column": 5 }
          },
          { "start": {}, "end": {} }
        ]
      },
      "3": {
        "loc": {
          "start": { "line": 64, "column": 6 },
          "end": { "line": 65, "column": 78 }
        },
        "type": "if",
        "locations": [
          {
            "start": { "line": 64, "column": 6 },
            "end": { "line": 65, "column": 78 }
          },
          { "start": {}, "end": {} }
        ]
      },
      "4": {
        "loc": {
          "start": { "line": 79, "column": 6 },
          "end": { "line": 80, "column": 79 }
        },
        "type": "if",
        "locations": [
          {
            "start": { "line": 79, "column": 6 },
            "end": { "line": 80, "column": 79 }
          },
          { "start": {}, "end": {} }
        ]
      },
      "5": {
        "loc": {
[...]
          {
            "start": { "line": 64, "column": 11 },
            "end": { "line": 66, "column": 5 }
          },
          { "start": {}, "end": {} }
        ]
      },
      "6": {
        "loc": {
          "start": { "line": 64, "column": 15 },
          "end": { "line": 64, "column": 59 }
        },
        "type": "binary-expr",
        "locations": [
          {
            "start": { "line": 64, "column": 15 },
            "end": { "line": 64, "column": 43 }
          },
          {
            "start": { "line": 64, "column": 47 },
            "end": { "line": 64, "column": 59 }
          }
        ]
      },
      "7": {
        "loc": {
          "start": { "line": 72, "column": 4 },
          "end": { "line": 72, "column": 30 }
        },
        "type": "if",
        "locations": [
          {
            "start": { "line": 72, "column": 4 },
            "end": { "line": 72, "column": 30 }
          },
          { "start": {}, "end": {} }
        ]
      },
      "8": {
        "loc": {
          "start": { "line": 74, "column": 4 },
          "end": { "line": 77, "column": 5 }
        },
        "type": "if",
        "locations": [
          {
            "start": { "line": 74, "column": 4 },
            "end": { "line": 77, "column": 5 }
          },
          { "start": {}, "end": {} }
        ]
      },
      "9": {
        "loc": {
          "start": { "line": 79, "column": 4 },
          "end": { "line": 91, "column": 5 }
        },
        "type": "if",
        "locations": [
          {
            "start": { "line": 79, "column": 4 },
            "end": { "line": 91, "column": 5 }
          },
          { "start": {}, "end": {} }
        ]
      },
      "10": {
        "loc": {
          "start": { "line": 80, "column": 6 },
          "end": { "line": 84, "column": 44 }
        },
        "type": "binary-expr",
        "locations": [
          {
            "start": { "line": 80, "column": 6 },
            "end": { "line": 80, "column": 52 }
          },
          {
            "start": { "line": 81, "column": 6 },
            "end": { "line": 81, "column": 60 }
          },
          {
            "start": { "line": 82, "column": 6 },
            "end": { "line": 82, "column": 44 }
          },
          {
            "start": { "line": 83, "column": 6 },
            "end": { "line": 83, "column": 47 }
          },
          {
            "start": { "line": 84, "column": 6 },
            "end": { "line": 84, "column": 44 }
          }
        ]
      },
      "11": {
        "loc": {
          "start": { "line": 90, "column": 6 },
          "end": { "line": 90, "column": 73 }
        },
        "type": "if",
        "locations": [
          {
            "start": { "line": 90, "column": 6 },
            "end": { "line": 90, "column": 73 }
          },
          { "start": {}, "end": {} }
        ]
      },
      "12": {
        "loc": {
          "start": { "line": 95, "column": 4 },
          "end": { "line": 103, "column": 5 }
        },
        "type": "if",
        "locations": [
          {
            "start": { "line": 95, "column": 4 },
            "end": { "line": 103, "column": 5 }
          },
          { "start": {}, "end": {} }
        ]
      },
      "13": {
        "loc": {
          "start": { "line": 96, "column": 6 },
          "end": { "line": 97, "column": 49 }
        },
        "type": "binary-expr",
        "locations": [
          {
            "start": { "line": 96, "column": 6 },
            "end": { "line": 96, "column": 35 }
          },
          {
            "start": { "line": 97, "column": 6 },
            "end": { "line": 97, "column": 49 }
          }
        ]
      },
      "14": {
        "loc": {
          "start": { "line": 100, "column": 60 },
          "end": { "line": 100, "column": 103 }
        },
        "type": "binary-expr",
        "locations": [
          {
            "start": { "line": 100, "column": 60 },
            "end": { "line": 100, "column": 82 }
          },
          {
            "start": { "line": 100, "column": 86 },
            "end": { "line": 100, "column": 103 }
          }
        ]
      },
      "15": {
        "loc": {
          "start": { "line": 52, "column": 5 },
          "end": { "line": 52, "column": null }
        },
        "type": "cond-expr",
        "locations": [
          {
            "start": { "line": 52, "column": 12 },
            "end": { "line": 52, "column": null }
          },
          {
            "start": { "line": 52, "column": 12 },
            "end": { "line": 52, "column": null }
          }
        ]
      },
      "16": {
        "loc": {
          "start": { "line": 52, "column": 5 },
          "end": { "line": 52, "column": 12 }
        },
        "type": "binary-expr",
        "locations": [
          {
            "start": { "line": 52, "column": 5 },
            "end": { "line": 52, "column": null }
          },
          {
            "start": { "line": 52, "column": 5 },
            "end": { "line": 52, "column": 12 }
          }
        ]
      },
      "17": {
        "loc": {
          "start": { "line": 36, "column": 31 },
          "end": { "line": 36, "column": null }
        },
        "type": "cond-expr",
        "locations": [
          {
            "start": { "line": 36, "column": 51 },
            "end": { "line": 36, "column": null }
          },
          {
            "start": { "line": 36, "column": 51 },
            "end": { "line": 36, "column": null }
          }
        ]
      },
      "18": {
        "loc": {
          "start": { "line": 36, "column": 31 },
          "end": { "line": 36, "column": 51 }
        },
        "type": "binary-expr",
        "locations": [
          {
            "start": { "line": 36, "column": 31 },
            "end": { "line": 36, "column": null }
          },
          {
            "start": { "line": 36, "column": 31 },
            "end": { "line": 36, "column": 51 }
          }
        ]
      },
      "19": {
        "loc": {
          "start": { "line": 36, "column": 51 },
          "end": { "line": 37, "column": null }
        },
        "type": "cond-expr",
        "locations": [
          {
            "start": { "line": 37, "column": 45 },
            "end": { "line": 37, "column": null }
          },
          {
            "start": { "line": 37, "column": 45 },
            "end": { "line": 37, "column": null }
          }
        ]
      },
      "20": {
        "loc": {
          "start": { "line": 36, "column": 51 },
          "end": { "line": 37, "column": 45 }
        },
        "type": "binary-expr",
        "locations": [
          {
            "start": { "line": 36, "column": 51 },
            "end": { "line": 37, "column": null }
          },
          {
            "start": { "line": 37, "column": 28 },
            "end": { "line": 37, "column": 45 }
          }
        ]
      },
      "21": {
        "loc": {
          "start": { "line": 37, "column": 45 },
          "end": { "line": 38, "column": null }
        },
        "type": "cond-expr",
        "locations": [
          {
            "start": { "line": 38, "column": 40 },
            "end": { "line": 38, "column": null }
          },
          {
            "start": { "line": 38, "column": 40 },
            "end": { "line": 38, "column": null }
          }
        ]
      },
      "22": {
        "loc": {
          "start": { "line": 37, "column": 45 },
          "end": { "line": 38, "column": 40 }
        },
        "type": "binary-expr",
        "locations": [
          {
            "start": { "line": 37, "column": 45 },
            "end": { "line": 38, "column": null }
          },
          {
            "start": { "line": 38, "column": 28 },
            "end": { "line": 38, "column": 40 }
          }
        ]
      }
    },
    "s": {
      "0": 0,
      "1": 0,
      "2": 0,
      "3": 0,
      "4": 0,
      "5": 0,
      "6": 0,
      "7": 0,
      "8": 0,
      "9": 0,
      "10": 0,
      "11": 0,
      "12": 0,
      "13": 0,
      "14": 0,
      "15": 0,
      "16": 0,
      "17": 0,
      "18": 0,
      "19": 0,
      "20": 0,
      "21": 0,
      "22": 0,
      "23": 0,
      "24": 0,
      "25": 0,
      "26": 0,
      "27": 0,
      "28": 0,
      "29": 0,
      "30": 0,
      "31": 0,
      "32": 0,
      "33": 0,
      "34": 0
    },
    "f": { "0": 0, "1": 0, "2": 0, "3": 0 },
    "b": {
      "0": [0, 0],
      "1": [0, 0],
      "2": [0, 0],
      "3": [0, 0],
      "4": [0, 0],
      "5": [0, 0],
      "6": [0, 0],
      "7": [0, 0],
      "8": [0, 0],
      "9": [0, 0],
      "10": [0, 0, 0, 0, 0],
      "11": [0, 0],
      "12": [0, 0],
      "13": [0, 0],
      "14": [0, 0],
      "15": [0, 0],
      "16": [0, 0],
      "17": [0, 0],
      "18": [0, 0],
      "19": [0, 0],
      "20": [0, 0],
      "21": [0, 0],
      "22": [0, 0]
    }
  },
  "/Users/brian/GitHub/codemouse/flamingo/api/src/plaid/guards/plaid-linked.guard.ts": {
    "path": "/Users/brian/GitHub/codemouse/flamingo/api/src/plaid/guards/plaid-linked.guard.ts",
    "statementMap": {
      "0": {
        "start": { "line": 1, "column": 0 },
        "end": { "line": 1, "column": null }
      },
      "1": {
        "start": { "line": 7, "column": 0 },
        "end": { "line": 7, "column": 62 }
      },
      "2": {
        "start": { "line": 15, "column": 7 },
        "end": { "line": 33, "column": null }
      },
      "3": {
        "start": { "line": 16, "column": 31 },
        "end": { "line": 16, "column": 38 }
      },
      "4": {
        "start": { "line": 19, "column": 16 },
        "end": { "line": 19, "column": null }
      },
      "5": {
        "start": { "line": 24, "column": 22 },
        "end": { "line": 24, "column": 62 }
      },
      "6": {
        "start": { "line": 25, "column": 4 },
        "end": { "line": 29, "column": 5 }
      },
      "7": {
        "start": { "line": 26, "column": 6 },
        "end": { "line": 28, "column": 8 }
      },
      "8": {
        "start": { "line": 30, "column": 4 },
        "end": { "line": 30, "column": 31 }
      },
      "9": {
        "start": { "line": 31, "column": 4 },
        "end": { "line": 31, "column": 16 }
      },
      "10": {
        "start": { "line": 15, "column": 13 },
        "end": { "line": 15, "column": 29 }
      },
      "11": {
        "start": { "line": 15, "column": 13 },
        "end": { "line": 33, "column": null }
      }
    },
    "fnMap": {
      "0": {
        "name": "(anonymous_2)",
        "decl": {
          "start": { "line": 16, "column": 2 },
          "end": { "line": 16, "column": 31 }
        },
        "loc": {
          "start": { "line": 16, "column": 55 },
          "end": { "line": 16, "column": 59 }
        }
      },
      "1": {
        "name": "(anonymous_3)",
        "decl": {
          "start": { "line": 18, "column": 2 },
          "end": { "line": 18, "column": 7 }
        },
        "loc": {
          "start": { "line": 18, "column": 45 },
          "end": { "line": 32, "column": 3 }
        }
      }
    },
    "branchMap": {
      "0": {
        "loc": {
          "start": { "line": 25, "column": 4 },
          "end": { "line": 29, "column": 5 }
        },
        "type": "if",
        "locations": [
          {
            "start": { "line": 25, "column": 4 },
            "end": { "line": 29, "column": 5 }
          },
          { "start": {}, "end": {} }
        ]
      },
      "1": {
        "loc": {
          "start": { "line": 16, "column": 38 },
          "end": { "line": 16, "column": 58 }
        },
        "type": "cond-expr",
        "locations": [
          {
            "start": { "line": 16, "column": 55 },
            "end": { "line": 16, "column": 58 }
          },
          {
            "start": { "line": 16, "column": 55 },
            "end": { "line": 16, "column": 58 }
          }
        ]
      },
      "2": {
        "loc": {
          "start": { "line": 16, "column": 38 },
          "end": { "line": 16, "column": 55 }
        },
        "type": "binary-expr",
        "locations": [
          {
            "start": { "line": 16, "column": 38 },
            "end": { "line": 16, "column": 58 }
          },
          {
            "start": { "line": 16, "column": 38 },
            "end": { "line": 16, "column": 55 }
          }
        ]
      }
    },
    "s": {
      "0": 0,
      "1": 0,
      "2": 0,
      "3": 0,
      "4": 0,
      "5": 0,
      "6": 0,
      "7": 0,
      "8": 0,
      "9": 0,
      "10": 0,
      "11": 0
    },
    "f": { "0": 0, "1": 0 },
    "b": { "0": [0, 0], "1": [0, 0], "2": [0, 0] }
  },
  "/Users/brian/GitHub/codemouse/flamingo/api/src/users/users.service.ts": {
    "path": "/Users/brian/GitHub/codemouse/flamingo/api/src/users/users.service.ts",
    "statementMap": {
      "0": {
        "start": { "line": 1, "column": 0 },
        "end": { "line": 1, "column": null }
      },
      "1": {
        "start": { "line": 6, "column": 0 },
        "end": { "line": 6, "column": 51 }
      },
      "2": {
        "start": { "line": 7, "column": 0 },
        "end": { "line": 7, "column": 37 }
      },
      "3": {
        "start": { "line": 8, "column": 0 },
        "end": { "line": 8, "column": 33 }
      },
      "4": {
        "start": { "line": 9, "column": 0 },
        "end": { "line": 9, "column": 52 }
      },
      "5": {
        "start": { "line": 11, "column": 20 },
        "end": { "line": 11, "column": 22 }
      },
      "6": {
        "start": { "line": 14, "column": 7 },
        "end": { "line": 65, "column": null }
      },
      "7": {
        "start": { "line": 17, "column": 21 },
        "end": { "line": 17, "column": 27 }
      },
      "8": {
        "start": { "line": 25, "column": 21 },
        "end": { "line": 25, "column": 69 }
      },
      "9": {
        "start": { "line": 26, "column": 4 },
        "end": { "line": 28, "column": 5 }
      },
      "10": {
        "start": { "line": 27, "column": 6 },
        "end": { "line": 27, "column": 77 }
      },
      "11": {
        "start": { "line": 30, "column": 25 },
        "end": { "line": 30, "column": 65 }
      },
      "12": {
        "start": { "line": 31, "column": 17 },
        "end": { "line": 36, "column": 6 }
      },
      "13": {
        "start": { "line": 38, "column": 4 },
        "end": { "line": 38, "column": 32 }
      },
      "14": {
        "start": { "line": 42, "column": 4 },
        "end": { "line": 42, "column": 59 }
      },
      "15": {
        "start": { "line": 46, "column": 4 },
        "end": { "line": 46, "column": 54 }
      },
      "16": {
        "start": { "line": 50, "column": 17 },
        "end": { "line": 50, "column": 59 }
      },
      "17": {
        "start": { "line": 51, "column": 4 },
        "end": { "line": 51, "column": 61 }
      },
      "18": {
        "start": { "line": 51, "column": 15 },
        "end": { "line": 51, "column": 61 }
      },
      "19": {
        "start": { "line": 52, "column": 4 },
        "end": { "line": 52, "column": 16 }
      },
      "20": {
        "start": { "line": 62, "column": 4 },
        "end": { "line": 62, "column": 39 }
      },
      "21": {
        "start": { "line": 63, "column": 4 },
        "end": { "line": 63, "column": 29 }
      },
      "22": {
        "start": { "line": 14, "column": 13 },
        "end": { "line": 14, "column": 25 }
      },
      "23": {
        "start": { "line": 14, "column": 13 },
        "end": { "line": 65, "column": null }
      }
    },
    "fnMap": {
      "0": {
        "name": "(anonymous_13)",
        "decl": {
          "start": { "line": 15, "column": 2 },
          "end": { "line": 15, "column": null }
        },
        "loc": {
          "start": { "line": 17, "column": 43 },
          "end": { "line": 18, "column": 6 }
        }
      },
      "1": {
        "name": "(anonymous_14)",
        "decl": {
          "start": { "line": 20, "column": 2 },
          "end": { "line": 20, "column": 7 }
        },
        "loc": {
          "start": { "line": 23, "column": 18 },
          "end": { "line": 39, "column": 3 }
        }
      },
      "2": {
        "name": "(anonymous_15)",
        "decl": {
          "start": { "line": 41, "column": 2 },
          "end": { "line": 41, "column": 7 }
        },
        "loc": {
          "start": { "line": 41, "column": 15 },
          "end": { "line": 43, "column": 3 }
        }
      },
      "3": {
        "name": "(anonymous_16)",
        "decl": {
          "start": { "line": 45, "column": 2 },
          "end": { "line": 45, "column": 7 }
        },
        "loc": {
          "start": { "line": 45, "column": 39 },
          "end": { "line": 47, "column": 3 }
        }
      },
      "4": {
        "name": "(anonymous_17)",
        "decl": {
          "start": { "line": 49, "column": 2 },
          "end": { "line": 49, "column": 7 }
        },
        "loc": {
          "start": { "line": 49, "column": 27 },
          "end": { "line": 53, "column": 3 }
        }
      },
      "5": {
        "name": "(anonymous_18)",
        "decl": {
          "start": { "line": 55, "column": 2 },
          "end": { "line": 55, "column": 7 }
        },
        "loc": {
          "start": { "line": 60, "column": 5 },
          "end": { "line": 64, "column": 3 }
        }
      }
    },
    "branchMap": {
      "0": {
        "loc": {
          "start": { "line": 26, "column": 4 },
          "end": { "line": 28, "column": 5 }
        },
        "type": "if",
        "locations": [
          {
            "start": { "line": 26, "column": 4 },
            "end": { "line": 28, "column": 5 }
          },
          { "start": {}, "end": {} }
        ]
      },
      "1": {
        "loc": {
          "start": { "line": 34, "column": 13 },
          "end": { "line": 34, "column": 26 }
        },
        "type": "binary-expr",
        "locations": [
          {
            "start": { "line": 34, "column": 13 },
            "end": { "line": 34, "column": 18 }
          },
          {
            "start": { "line": 34, "column": 22 },
            "end": { "line": 34, "column": 26 }
          }
        ]
      },
      "2": {
        "loc": {
          "start": { "line": 51, "column": 4 },
          "end": { "line": 51, "column": 61 }
        },
        "type": "if",
        "locations": [
          {
            "start": { "line": 51, "column": 4 },
            "end": { "line": 51, "column": 61 }
          },
          { "start": {}, "end": {} }
        ]
      },
      "3": {
        "loc": {
          "start": { "line": 17, "column": 27 },
          "end": { "line": 17, "column": 43 }
        },
        "type": "cond-expr",
        "locations": [
          {
            "start": { "line": 17, "column": 37 },
            "end": { "line": 17, "column": 43 }
          },
          {
            "start": { "line": 17, "column": 37 },
            "end": { "line": 17, "column": 43 }
          }
        ]
      },
      "4": {
        "loc": {
          "start": { "line": 17, "column": 27 },
          "end": { "line": 17, "column": 37 }
        },
        "type": "binary-expr",
        "locations": [
          {
            "start": { "line": 17, "column": 27 },
            "end": { "line": 17, "column": 43 }
          },
          {
            "start": { "line": 17, "column": 27 },
            "end": { "line": 17, "column": 37 }
          }
        ]
      }
    },
    "s": {
      "0": 4,
      "1": 4,
      "2": 4,
      "3": 4,
      "4": 4,
      "5": 4,
      "6": 4,
      "7": 12,
      "8": 3,
      "9": 3,
      "10": 1,
      "11": 2,
      "12": 2,
      "13": 2,
      "14": 2,
      "15": 2,
      "16": 5,
      "17": 5,
      "18": 2,
      "19": 3,
      "20": 3,
      "21": 3,
      "22": 4,
      "23": 4
    },
    "f": { "0": 12, "1": 3, "2": 2, "3": 2, "4": 5, "5": 3 },
    "b": { "0": [1, 2], "1": [2, 1], "2": [2, 3], "3": [4, 0], "4": [4, 4] }
  }
}
