{
  "/Users/brian/Documents/GitHub/codemouse/flamingo/api/src/admin/admin.controller.ts": {
    "path": "/Users/brian/Documents/GitHub/codemouse/flamingo/api/src/admin/admin.controller.ts",
    "statementMap": {
      "0": {
        "start": { "line": 1, "column": 0 },
        "end": { "line": 1, "column": null }
      },
      "1": {
        "start": { "line": 8, "column": 0 },
        "end": { "line": 8, "column": null }
      },
      "2": {
        "start": { "line": 16, "column": 0 },
        "end": { "line": 16, "column": 68 }
      },
      "3": {
        "start": { "line": 17, "column": 0 },
        "end": { "line": 17, "column": 54 }
      },
      "4": {
        "start": { "line": 18, "column": 0 },
        "end": { "line": 18, "column": 47 }
      },
      "5": {
        "start": { "line": 19, "column": 0 },
        "end": { "line": 19, "column": 65 }
      },
      "6": {
        "start": { "line": 24, "column": 7 },
        "end": { "line": 62, "column": null }
      },
      "7": {
        "start": { "line": 26, "column": 21 },
        "end": { "line": 26, "column": 28 }
      },
      "8": {
        "start": { "line": 27, "column": 21 },
        "end": { "line": 27, "column": 29 }
      },
      "9": {
        "start": { "line": 34, "column": 18 },
        "end": { "line": 34, "column": 44 }
      },
      "10": {
        "start": { "line": 35, "column": 4 },
        "end": { "line": 35, "column": 55 }
      },
      "11": {
        "start": { "line": 35, "column": 52 },
        "end": { "line": 35, "column": 53 }
      },
      "12": {
        "start": { "line": 45, "column": 20 },
        "end": { "line": 49, "column": 6 }
      },
      "13": {
        "start": { "line": 50, "column": 41 },
        "end": { "line": 50, "column": 48 }
      },
      "14": {
        "start": { "line": 51, "column": 4 },
        "end": { "line": 51, "column": 16 }
      },
      "15": {
        "start": { "line": 58, "column": 16 },
        "end": { "line": 58, "column": 71 }
      },
      "16": {
        "start": { "line": 59, "column": 17 },
        "end": { "line": 59, "column": 68 }
      },
      "17": {
        "start": { "line": 59, "column": 43 },
        "end": { "line": 59, "column": 51 }
      },
      "18": {
        "start": { "line": 60, "column": 4 },
        "end": { "line": 60, "column": 20 }
      },
      "19": {
        "start": { "line": 24, "column": 13 },
        "end": { "line": 24, "column": 28 }
      },
      "20": {
        "start": { "line": 33, "column": 8 },
        "end": { "line": 36, "column": null }
      },
      "21": {
        "start": { "line": 44, "column": 8 },
        "end": { "line": 52, "column": null }
      },
      "22": {
        "start": { "line": 57, "column": 2 },
        "end": { "line": 61, "column": null }
      },
      "23": {
        "start": { "line": 24, "column": 13 },
        "end": { "line": 62, "column": null }
      }
    },
    "fnMap": {
      "0": {
        "name": "(anonymous_4)",
        "decl": {
          "start": { "line": 25, "column": 2 },
          "end": { "line": 25, "column": null }
        },
        "loc": {
          "start": { "line": 27, "column": 42 },
          "end": { "line": 28, "column": 6 }
        }
      },
      "1": {
        "name": "(anonymous_5)",
        "decl": {
          "start": { "line": 33, "column": 8 },
          "end": { "line": 33, "column": 19 }
        },
        "loc": {
          "start": { "line": 33, "column": 19 },
          "end": { "line": 36, "column": 3 }
        }
      },
      "2": {
        "name": "(anonymous_6)",
        "decl": {
          "start": { "line": 35, "column": 21 },
          "end": { "line": 35, "column": 22 }
        },
        "loc": {
          "start": { "line": 35, "column": 52 },
          "end": { "line": 35, "column": 53 }
        }
      },
      "3": {
        "name": "(anonymous_7)",
        "decl": {
          "start": { "line": 44, "column": 8 },
          "end": { "line": 44, "column": 18 }
        },
        "loc": {
          "start": { "line": 44, "column": 75 },
          "end": { "line": 52, "column": 3 }
        }
      },
      "4": {
        "name": "(anonymous_8)",
        "decl": {
          "start": { "line": 57, "column": 2 },
          "end": { "line": 57, "column": 16 }
        },
        "loc": {
          "start": { "line": 57, "column": 16 },
          "end": { "line": 61, "column": 3 }
        }
      },
      "5": {
        "name": "(anonymous_9)",
        "decl": {
          "start": { "line": 59, "column": 36 },
          "end": { "line": 59, "column": 37 }
        },
        "loc": {
          "start": { "line": 59, "column": 43 },
          "end": { "line": 59, "column": 51 }
        }
      }
    },
    "branchMap": {
      "0": {
        "loc": {
          "start": { "line": 46, "column": 10 },
          "end": { "line": 46, "column": 54 }
        },
        "type": "binary-expr",
        "locations": [
          {
            "start": { "line": 46, "column": 10 },
            "end": { "line": 46, "column": 32 }
          },
          {
            "start": { "line": 46, "column": 36 },
            "end": { "line": 46, "column": 54 }
          }
        ]
      },
      "1": {
        "loc": {
          "start": { "line": 47, "column": 10 },
          "end": { "line": 47, "column": 57 }
        },
        "type": "binary-expr",
        "locations": [
          {
            "start": { "line": 47, "column": 10 },
            "end": { "line": 47, "column": 33 }
          },
          {
            "start": { "line": 47, "column": 37 },
            "end": { "line": 47, "column": 57 }
          }
        ]
      },
      "2": {
        "loc": {
          "start": { "line": 48, "column": 10 },
          "end": { "line": 48, "column": 87 }
        },
        "type": "binary-expr",
        "locations": [
          {
            "start": { "line": 48, "column": 10 },
            "end": { "line": 48, "column": 43 }
          },
          {
            "start": { "line": 48, "column": 47 },
            "end": { "line": 48, "column": 87 }
          }
        ]
      },
      "3": {
        "loc": {
          "start": { "line": 44, "column": 57 },
          "end": { "line": 44, "column": null }
        },
        "type": "cond-expr",
        "locations": [
          {
            "start": { "line": 44, "column": 75 },
            "end": { "line": 44, "column": null }
          },
          {
            "start": { "line": 44, "column": 75 },
            "end": { "line": 44, "column": null }
          }
        ]
      },
      "4": {
        "loc": {
          "start": { "line": 44, "column": 57 },
          "end": { "line": 44, "column": 75 }
        },
        "type": "binary-expr",
        "locations": [
          {
            "start": { "line": 44, "column": 57 },
            "end": { "line": 44, "column": null }
          },
          {
            "start": { "line": 44, "column": 57 },
            "end": { "line": 44, "column": 75 }
          }
        ]
      },
      "5": {
        "loc": {
          "start": { "line": 26, "column": 28 },
          "end": { "line": 26, "column": null }
        },
        "type": "cond-expr",
        "locations": [
          {
            "start": { "line": 26, "column": 40 },
            "end": { "line": 26, "column": null }
          },
          {
            "start": { "line": 26, "column": 40 },
            "end": { "line": 26, "column": null }
          }
        ]
      },
      "6": {
        "loc": {
          "start": { "line": 26, "column": 28 },
          "end": { "line": 26, "column": 40 }
        },
        "type": "binary-expr",
        "locations": [
          {
            "start": { "line": 26, "column": 28 },
            "end": { "line": 26, "column": null }
          },
          {
            "start": { "line": 26, "column": 28 },
            "end": { "line": 26, "column": 40 }
          }
        ]
      },
      "7": {
        "loc": {
          "start": { "line": 26, "column": 40 },
          "end": { "line": 27, "column": null }
        },
        "type": "cond-expr",
        "locations": [
          {
            "start": { "line": 27, "column": 42 },
            "end": { "line": 27, "column": null }
          },
          {
            "start": { "line": 27, "column": 42 },
            "end": { "line": 27, "column": null }
          }
        ]
      },
      "8": {
        "loc": {
          "start": { "line": 26, "column": 40 },
          "end": { "line": 27, "column": 42 }
        },
        "type": "binary-expr",
        "locations": [
          {
            "start": { "line": 26, "column": 40 },
            "end": { "line": 27, "column": null }
          },
          {
            "start": { "line": 27, "column": 29 },
            "end": { "line": 27, "column": 42 }
          }
        ]
      }
    },
    "s": {
      "0": 1,
      "1": 1,
      "2": 1,
      "3": 1,
      "4": 1,
      "5": 1,
      "6": 1,
      "7": 7,
      "8": 7,
      "9": 2,
      "10": 2,
      "11": 2,
      "12": 3,
      "13": 3,
      "14": 3,
      "15": 2,
      "16": 2,
      "17": 4,
      "18": 2,
      "19": 1,
      "20": 1,
      "21": 1,
      "22": 1,
      "23": 1
    },
    "f": { "0": 7, "1": 2, "2": 2, "3": 3, "4": 2, "5": 4 },
    "b": {
      "0": [3, 1],
      "1": [3, 0],
      "2": [3, 2],
      "3": [1, 0],
      "4": [1, 1],
      "5": [1, 0],
      "6": [1, 1],
      "7": [1, 0],
      "8": [1, 1]
    }
  },
  "/Users/brian/Documents/GitHub/codemouse/flamingo/api/src/auth/auth.controller.ts": {
    "path": "/Users/brian/Documents/GitHub/codemouse/flamingo/api/src/auth/auth.controller.ts",
    "statementMap": {
      "0": {
        "start": { "line": 1, "column": 0 },
        "end": { "line": 1, "column": 94 }
      },
      "1": {
        "start": { "line": 2, "column": 0 },
        "end": { "line": 2, "column": 84 }
      },
      "2": {
        "start": { "line": 3, "column": 0 },
        "end": { "line": 3, "column": 45 }
      },
      "3": {
        "start": { "line": 4, "column": 0 },
        "end": { "line": 4, "column": 49 }
      },
      "4": {
        "start": { "line": 5, "column": 0 },
        "end": { "line": 5, "column": 43 }
      },
      "5": {
        "start": { "line": 6, "column": 0 },
        "end": { "line": 6, "column": 55 }
      },
      "6": {
        "start": { "line": 7, "column": 0 },
        "end": { "line": 7, "column": 66 }
      },
      "7": {
        "start": { "line": 12, "column": 7 },
        "end": { "line": 40, "column": null }
      },
      "8": {
        "start": { "line": 13, "column": 31 },
        "end": { "line": 13, "column": 37 }
      },
      "9": {
        "start": { "line": 20, "column": 4 },
        "end": { "line": 20, "column": 69 }
      },
      "10": {
        "start": { "line": 29, "column": 4 },
        "end": { "line": 29, "column": 55 }
      },
      "11": {
        "start": { "line": 38, "column": 4 },
        "end": { "line": 38, "column": 16 }
      },
      "12": {
        "start": { "line": 12, "column": 13 },
        "end": { "line": 12, "column": 27 }
      },
      "13": {
        "start": { "line": 19, "column": 2 },
        "end": { "line": 21, "column": null }
      },
      "14": {
        "start": { "line": 28, "column": 2 },
        "end": { "line": 30, "column": null }
      },
      "15": {
        "start": { "line": 37, "column": 2 },
        "end": { "line": 39, "column": null }
      },
      "16": {
        "start": { "line": 12, "column": 13 },
        "end": { "line": 40, "column": null }
      }
    },
    "fnMap": {
      "0": {
        "name": "(anonymous_4)",
        "decl": {
          "start": { "line": 13, "column": 2 },
          "end": { "line": 13, "column": 31 }
        },
        "loc": {
          "start": { "line": 13, "column": 48 },
          "end": { "line": 13, "column": 52 }
        }
      },
      "1": {
        "name": "(anonymous_5)",
        "decl": {
          "start": { "line": 19, "column": 2 },
          "end": { "line": 19, "column": 10 }
        },
        "loc": {
          "start": { "line": 19, "column": 35 },
          "end": { "line": 21, "column": 3 }
        }
      },
      "2": {
        "name": "(anonymous_6)",
        "decl": {
          "start": { "line": 28, "column": 2 },
          "end": { "line": 28, "column": 7 }
        },
        "loc": {
          "start": { "line": 28, "column": 29 },
          "end": { "line": 30, "column": 3 }
        }
      },
      "3": {
        "name": "(anonymous_7)",
        "decl": {
          "start": { "line": 37, "column": 2 },
          "end": { "line": 37, "column": 4 }
        },
        "loc": {
          "start": { "line": 37, "column": 43 },
          "end": { "line": 39, "column": 3 }
        }
      }
    },
    "branchMap": {
      "0": {
        "loc": {
          "start": { "line": 19, "column": 24 },
          "end": { "line": 19, "column": null }
        },
        "type": "cond-expr",
        "locations": [
          {
            "start": { "line": 19, "column": 35 },
            "end": { "line": 19, "column": null }
          },
          {
            "start": { "line": 19, "column": 35 },
            "end": { "line": 19, "column": null }
          }
        ]
      },
      "1": {
        "loc": {
          "start": { "line": 19, "column": 24 },
          "end": { "line": 19, "column": 35 }
        },
        "type": "binary-expr",
        "locations": [
          {
            "start": { "line": 19, "column": 24 },
            "end": { "line": 19, "column": null }
          },
          {
            "start": { "line": 19, "column": 24 },
            "end": { "line": 19, "column": 35 }
          }
        ]
      },
      "2": {
        "loc": {
          "start": { "line": 28, "column": 21 },
          "end": { "line": 28, "column": null }
        },
        "type": "cond-expr",
        "locations": [
          {
            "start": { "line": 28, "column": 29 },
            "end": { "line": 28, "column": null }
          },
          {
            "start": { "line": 28, "column": 29 },
            "end": { "line": 28, "column": null }
          }
        ]
      },
      "3": {
        "loc": {
          "start": { "line": 28, "column": 21 },
          "end": { "line": 28, "column": 29 }
        },
        "type": "binary-expr",
        "locations": [
          {
            "start": { "line": 28, "column": 21 },
            "end": { "line": 28, "column": null }
          },
          {
            "start": { "line": 28, "column": 21 },
            "end": { "line": 28, "column": 29 }
          }
        ]
      },
      "4": {
        "loc": {
          "start": { "line": 13, "column": 37 },
          "end": { "line": 13, "column": 51 }
        },
        "type": "cond-expr",
        "locations": [
          {
            "start": { "line": 13, "column": 48 },
            "end": { "line": 13, "column": 51 }
          },
          {
            "start": { "line": 13, "column": 48 },
            "end": { "line": 13, "column": 51 }
          }
        ]
      },
      "5": {
        "loc": {
          "start": { "line": 13, "column": 37 },
          "end": { "line": 13, "column": 48 }
        },
        "type": "binary-expr",
        "locations": [
          {
            "start": { "line": 13, "column": 37 },
            "end": { "line": 13, "column": 51 }
          },
          {
            "start": { "line": 13, "column": 37 },
            "end": { "line": 13, "column": 48 }
          }
        ]
      }
    },
    "s": {
      "0": 1,
      "1": 1,
      "2": 1,
      "3": 1,
      "4": 1,
      "5": 1,
      "6": 1,
      "7": 1,
      "8": 3,
      "9": 1,
      "10": 1,
      "11": 1,
      "12": 1,
      "13": 1,
      "14": 1,
      "15": 1,
      "16": 1
    },
    "f": { "0": 3, "1": 1, "2": 1, "3": 1 },
    "b": {
      "0": [1, 0],
      "1": [1, 1],
      "2": [1, 0],
      "3": [1, 1],
      "4": [1, 0],
      "5": [1, 1]
    }
  },
  "/Users/brian/Documents/GitHub/codemouse/flamingo/api/src/auth/auth.service.ts": {
    "path": "/Users/brian/Documents/GitHub/codemouse/flamingo/api/src/auth/auth.service.ts",
    "statementMap": {
      "0": {
        "start": { "line": 1, "column": 0 },
        "end": { "line": 1, "column": 67 }
      },
      "1": {
        "start": { "line": 2, "column": 0 },
        "end": { "line": 2, "column": 47 }
      },
      "2": {
        "start": { "line": 3, "column": 0 },
        "end": { "line": 3, "column": 41 }
      },
      "3": {
        "start": { "line": 4, "column": 0 },
        "end": { "line": 4, "column": 33 }
      },
      "4": {
        "start": { "line": 5, "column": 0 },
        "end": { "line": 5, "column": 54 }
      },
      "5": {
        "start": { "line": 6, "column": 0 },
        "end": { "line": 6, "column": 57 }
      },
      "6": {
        "start": { "line": 11, "column": 7 },
        "end": { "line": 64, "column": null }
      },
      "7": {
        "start": { "line": 13, "column": 21 },
        "end": { "line": 13, "column": 28 }
      },
      "8": {
        "start": { "line": 14, "column": 21 },
        "end": { "line": 14, "column": 29 }
      },
      "9": {
        "start": { "line": 15, "column": 21 },
        "end": { "line": 15, "column": 26 }
      },
      "10": {
        "start": { "line": 16, "column": 21 },
        "end": { "line": 16, "column": 29 }
      },
      "11": {
        "start": { "line": 20, "column": 17 },
        "end": { "line": 20, "column": 67 }
      },
      "12": {
        "start": { "line": 22, "column": 4 },
        "end": { "line": 43, "column": 5 }
      },
      "13": {
        "start": { "line": 23, "column": 24 },
        "end": { "line": 26, "column": 28 }
      },
      "14": {
        "start": { "line": 30, "column": 6 },
        "end": { "line": 37, "column": 7 }
      },
      "15": {
        "start": { "line": 32, "column": 8 },
        "end": { "line": 32, "column": 66 }
      },
      "16": {
        "start": { "line": 35, "column": 8 },
        "end": { "line": 35, "column": 60 }
      },
      "17": {
        "start": { "line": 36, "column": 8 },
        "end": { "line": 36, "column": 61 }
      },
      "18": {
        "start": { "line": 39, "column": 6 },
        "end": { "line": 39, "column": 68 }
      },
      "19": {
        "start": { "line": 40, "column": 6 },
        "end": { "line": 40, "column": 45 }
      },
      "20": {
        "start": { "line": 46, "column": 45 },
        "end": { "line": 46, "column": 49 }
      },
      "21": {
        "start": { "line": 47, "column": 4 },
        "end": { "line": 47, "column": 20 }
      },
      "22": {
        "start": { "line": 51, "column": 17 },
        "end": { "line": 51, "column": 58 }
      },
      "23": {
        "start": { "line": 52, "column": 4 },
        "end": { "line": 52, "column": 70 }
      },
      "24": {
        "start": { "line": 52, "column": 15 },
        "end": { "line": 52, "column": 70 }
      },
      "25": {
        "start": { "line": 54, "column": 18 },
        "end": { "line": 54, "column": 67 }
      },
      "26": {
        "start": { "line": 55, "column": 4 },
        "end": { "line": 55, "column": 71 }
      },
      "27": {
        "start": { "line": 55, "column": 16 },
        "end": { "line": 55, "column": 71 }
      },
      "28": {
        "start": { "line": 57, "column": 32 },
        "end": { "line": 57, "column": 90 }
      },
      "29": {
        "start": { "line": 58, "column": 24 },
        "end": { "line": 58, "column": 46 }
      },
      "30": {
        "start": { "line": 61, "column": 45 },
        "end": { "line": 61, "column": 49 }
      },
      "31": {
        "start": { "line": 62, "column": 4 },
        "end": { "line": 62, "column": 43 }
      },
      "32": {
        "start": { "line": 11, "column": 13 },
        "end": { "line": 11, "column": 24 }
      },
      "33": {
        "start": { "line": 11, "column": 13 },
        "end": { "line": 64, "column": null }
      }
    },
    "fnMap": {
      "0": {
        "name": "(anonymous_11)",
        "decl": {
          "start": { "line": 12, "column": 2 },
          "end": { "line": 12, "column": null }
        },
        "loc": {
          "start": { "line": 16, "column": 42 },
          "end": { "line": 17, "column": 6 }
        }
      },
      "1": {
        "name": "(anonymous_12)",
        "decl": {
          "start": { "line": 19, "column": 2 },
          "end": { "line": 19, "column": 7 }
        },
        "loc": {
          "start": { "line": 19, "column": 67 },
          "end": { "line": 48, "column": 3 }
        }
      },
      "2": {
        "name": "(anonymous_13)",
        "decl": {
          "start": { "line": 50, "column": 2 },
          "end": { "line": 50, "column": 7 }
        },
        "loc": {
          "start": { "line": 50, "column": 48 },
          "end": { "line": 63, "column": 3 }
        }
      }
    },
    "branchMap": {
      "0": {
        "loc": {
          "start": { "line": 30, "column": 6 },
          "end": { "line": 37, "column": 7 }
        },
        "type": "if",
        "locations": [
          {
            "start": { "line": 30, "column": 6 },
            "end": { "line": 37, "column": 7 }
          },
          {
            "start": { "line": 33, "column": 13 },
            "end": { "line": 37, "column": 7 }
          }
        ]
      },
      "1": {
        "loc": {
          "start": { "line": 52, "column": 4 },
          "end": { "line": 52, "column": 70 }
        },
        "type": "if",
        "locations": [
          {
            "start": { "line": 52, "column": 4 },
            "end": { "line": 52, "column": 70 }
          },
          { "start": {}, "end": {} }
        ]
      },
      "2": {
        "loc": {
          "start": { "line": 55, "column": 4 },
          "end": { "line": 55, "column": 71 }
        },
        "type": "if",
        "locations": [
          {
            "start": { "line": 55, "column": 4 },
            "end": { "line": 55, "column": 71 }
          },
          { "start": {}, "end": {} }
        ]
      },
      "3": {
        "loc": {
          "start": { "line": 13, "column": 28 },
          "end": { "line": 13, "column": null }
        },
        "type": "cond-expr",
        "locations": [
          {
            "start": { "line": 13, "column": 40 },
            "end": { "line": 13, "column": null }
          },
          {
            "start": { "line": 13, "column": 40 },
            "end": { "line": 13, "column": null }
          }
        ]
      },
      "4": {
        "loc": {
          "start": { "line": 13, "column": 28 },
          "end": { "line": 13, "column": 40 }
        },
        "type": "binary-expr",
        "locations": [
          {
            "start": { "line": 13, "column": 28 },
            "end": { "line": 13, "column": null }
          },
          {
            "start": { "line": 13, "column": 28 },
            "end": { "line": 13, "column": 40 }
          }
        ]
      },
      "5": {
        "loc": {
          "start": { "line": 13, "column": 40 },
          "end": { "line": 14, "column": null }
        },
        "type": "cond-expr",
        "locations": [
          {
            "start": { "line": 14, "column": 42 },
            "end": { "line": 14, "column": null }
          },
          {
            "start": { "line": 14, "column": 42 },
            "end": { "line": 14, "column": null }
          }
        ]
      },
      "6": {
        "loc": {
          "start": { "line": 13, "column": 40 },
          "end": { "line": 14, "column": 42 }
        },
        "type": "binary-expr",
        "locations": [
          {
            "start": { "line": 13, "column": 40 },
            "end": { "line": 14, "column": null }
          },
          {
            "start": { "line": 14, "column": 29 },
            "end": { "line": 14, "column": 42 }
          }
        ]
      },
      "7": {
        "loc": {
          "start": { "line": 14, "column": 42 },
          "end": { "line": 15, "column": null }
        },
        "type": "cond-expr",
        "locations": [
          {
            "start": { "line": 15, "column": 36 },
            "end": { "line": 15, "column": null }
          },
          {
            "start": { "line": 15, "column": 36 },
            "end": { "line": 15, "column": null }
          }
        ]
      },
      "8": {
        "loc": {
          "start": { "line": 14, "column": 42 },
          "end": { "line": 15, "column": 36 }
        },
        "type": "binary-expr",
        "locations": [
          {
            "start": { "line": 14, "column": 42 },
            "end": { "line": 15, "column": null }
          },
          {
            "start": { "line": 15, "column": 26 },
            "end": { "line": 15, "column": 36 }
          }
        ]
      },
      "9": {
        "loc": {
          "start": { "line": 15, "column": 36 },
          "end": { "line": 16, "column": null }
        },
        "type": "cond-expr",
        "locations": [
          {
            "start": { "line": 16, "column": 42 },
            "end": { "line": 16, "column": null }
          },
          {
            "start": { "line": 16, "column": 42 },
            "end": { "line": 16, "column": null }
          }
        ]
      },
      "10": {
        "loc": {
          "start": { "line": 15, "column": 36 },
          "end": { "line": 16, "column": 42 }
        },
        "type": "binary-expr",
        "locations": [
          {
            "start": { "line": 15, "column": 36 },
            "end": { "line": 16, "column": null }
          },
          {
            "start": { "line": 16, "column": 29 },
            "end": { "line": 16, "column": 42 }
          }
        ]
      }
    },
    "s": {
      "0": 2,
      "1": 2,
      "2": 2,
      "3": 2,
      "4": 2,
      "5": 2,
      "6": 2,
      "7": 6,
      "8": 6,
      "9": 6,
      "10": 6,
      "11": 3,
      "12": 3,
      "13": 3,
      "14": 3,
      "15": 3,
      "16": 0,
      "17": 0,
      "18": 2,
      "19": 2,
      "20": 3,
      "21": 3,
      "22": 3,
      "23": 3,
      "24": 1,
      "25": 2,
      "26": 2,
      "27": 1,
      "28": 1,
      "29": 1,
      "30": 1,
      "31": 1,
      "32": 2,
      "33": 2
    },
    "f": { "0": 6, "1": 3, "2": 3 },
    "b": {
      "0": [3, 0],
      "1": [1, 2],
      "2": [1, 1],
      "3": [2, 0],
      "4": [2, 2],
      "5": [2, 0],
      "6": [2, 2],
      "7": [2, 0],
      "8": [2, 2],
      "9": [2, 0],
      "10": [2, 2]
    }
  },
  "/Users/brian/Documents/GitHub/codemouse/flamingo/api/src/auth/guards/jwt-auth.guard.ts": {
    "path": "/Users/brian/Documents/GitHub/codemouse/flamingo/api/src/auth/guards/jwt-auth.guard.ts",
    "statementMap": {
      "0": {
        "start": { "line": 1, "column": 0 },
        "end": { "line": 1, "column": 44 }
      },
      "1": {
        "start": { "line": 2, "column": 0 },
        "end": { "line": 2, "column": 45 }
      },
      "2": {
        "start": { "line": 5, "column": 7 },
        "end": { "line": 5, "column": null }
      },
      "3": {
        "start": { "line": 5, "column": 13 },
        "end": { "line": 5, "column": 25 }
      },
      "4": {
        "start": { "line": 5, "column": 13 },
        "end": { "line": 5, "column": null }
      }
    },
    "fnMap": {},
    "branchMap": {},
    "s": { "0": 2, "1": 2, "2": 2, "3": 2, "4": 2 },
    "f": {},
    "b": {}
  },
  "/Users/brian/Documents/GitHub/codemouse/flamingo/api/src/auth/guards/roles.guard.ts": {
    "path": "/Users/brian/Documents/GitHub/codemouse/flamingo/api/src/auth/guards/roles.guard.ts",
    "statementMap": {
      "0": {
        "start": { "line": 1, "column": 0 },
        "end": { "line": 1, "column": 75 }
      },
      "1": {
        "start": { "line": 2, "column": 0 },
        "end": { "line": 2, "column": 41 }
      },
      "2": {
        "start": { "line": 4, "column": 0 },
        "end": { "line": 4, "column": 58 }
      },
      "3": {
        "start": { "line": 8, "column": 7 },
        "end": { "line": 21, "column": null }
      },
      "4": {
        "start": { "line": 9, "column": 31 },
        "end": { "line": 9, "column": 42 }
      },
      "5": {
        "start": { "line": 12, "column": 21 },
        "end": { "line": 15, "column": 6 }
      },
      "6": {
        "start": { "line": 16, "column": 4 },
        "end": { "line": 16, "column": 56 }
      },
      "7": {
        "start": { "line": 16, "column": 44 },
        "end": { "line": 16, "column": 56 }
      },
      "8": {
        "start": { "line": 18, "column": 21 },
        "end": { "line": 18, "column": 85 }
      },
      "9": {
        "start": { "line": 19, "column": 4 },
        "end": { "line": 19, "column": 41 }
      },
      "10": {
        "start": { "line": 8, "column": 13 },
        "end": { "line": 8, "column": 23 }
      },
      "11": {
        "start": { "line": 8, "column": 13 },
        "end": { "line": 21, "column": null }
      }
    },
    "fnMap": {
      "0": {
        "name": "(anonymous_2)",
        "decl": {
          "start": { "line": 9, "column": 2 },
          "end": { "line": 9, "column": 31 }
        },
        "loc": {
          "start": { "line": 9, "column": 51 },
          "end": { "line": 9, "column": 55 }
        }
      },
      "1": {
        "name": "(anonymous_3)",
        "decl": {
          "start": { "line": 11, "column": 2 },
          "end": { "line": 11, "column": 13 }
        },
        "loc": {
          "start": { "line": 11, "column": 39 },
          "end": { "line": 20, "column": 3 }
        }
      }
    },
    "branchMap": {
      "0": {
        "loc": {
          "start": { "line": 16, "column": 4 },
          "end": { "line": 16, "column": 56 }
        },
        "type": "if",
        "locations": [
          {
            "start": { "line": 16, "column": 4 },
            "end": { "line": 16, "column": 56 }
          },
          { "start": {}, "end": {} }
        ]
      },
      "1": {
        "loc": {
          "start": { "line": 16, "column": 8 },
          "end": { "line": 16, "column": 42 }
        },
        "type": "binary-expr",
        "locations": [
          {
            "start": { "line": 16, "column": 8 },
            "end": { "line": 16, "column": 17 }
          },
          {
            "start": { "line": 16, "column": 21 },
            "end": { "line": 16, "column": 42 }
          }
        ]
      },
      "2": {
        "loc": {
          "start": { "line": 9, "column": 42 },
          "end": { "line": 9, "column": 54 }
        },
        "type": "cond-expr",
        "locations": [
          {
            "start": { "line": 9, "column": 51 },
            "end": { "line": 9, "column": 54 }
          },
          {
            "start": { "line": 9, "column": 51 },
            "end": { "line": 9, "column": 54 }
          }
        ]
      },
      "3": {
        "loc": {
          "start": { "line": 9, "column": 42 },
          "end": { "line": 9, "column": 51 }
        },
        "type": "binary-expr",
        "locations": [
          {
            "start": { "line": 9, "column": 42 },
            "end": { "line": 9, "column": 54 }
          },
          {
            "start": { "line": 9, "column": 42 },
            "end": { "line": 9, "column": 51 }
          }
        ]
      }
    },
    "s": {
      "0": 2,
      "1": 2,
      "2": 2,
      "3": 2,
      "4": 13,
      "5": 6,
      "6": 6,
      "7": 2,
      "8": 4,
      "9": 4,
      "10": 2,
      "11": 2
    },
    "f": { "0": 13, "1": 6 },
    "b": { "0": [2, 4], "1": [6, 5], "2": [2, 0], "3": [2, 2] }
  },
  "/Users/brian/Documents/GitHub/codemouse/flamingo/api/src/users/users.service.ts": {
    "path": "/Users/brian/Documents/GitHub/codemouse/flamingo/api/src/users/users.service.ts",
    "statementMap": {
      "0": {
        "start": { "line": 1, "column": 0 },
        "end": { "line": 1, "column": null }
      },
      "1": {
        "start": { "line": 6, "column": 0 },
        "end": { "line": 6, "column": 51 }
      },
      "2": {
        "start": { "line": 7, "column": 0 },
        "end": { "line": 7, "column": 37 }
      },
      "3": {
        "start": { "line": 8, "column": 0 },
        "end": { "line": 8, "column": 33 }
      },
      "4": {
        "start": { "line": 9, "column": 0 },
        "end": { "line": 9, "column": 52 }
      },
      "5": {
        "start": { "line": 11, "column": 20 },
        "end": { "line": 11, "column": 22 }
      },
      "6": {
        "start": { "line": 14, "column": 7 },
        "end": { "line": 59, "column": null }
      },
      "7": {
        "start": { "line": 17, "column": 21 },
        "end": { "line": 17, "column": 27 }
      },
      "8": {
        "start": { "line": 21, "column": 21 },
        "end": { "line": 21, "column": 69 }
      },
      "9": {
        "start": { "line": 22, "column": 4 },
        "end": { "line": 24, "column": 5 }
      },
      "10": {
        "start": { "line": 23, "column": 6 },
        "end": { "line": 23, "column": 77 }
      },
      "11": {
        "start": { "line": 26, "column": 25 },
        "end": { "line": 26, "column": 65 }
      },
      "12": {
        "start": { "line": 27, "column": 17 },
        "end": { "line": 32, "column": 6 }
      },
      "13": {
        "start": { "line": 34, "column": 4 },
        "end": { "line": 34, "column": 32 }
      },
      "14": {
        "start": { "line": 38, "column": 4 },
        "end": { "line": 38, "column": 59 }
      },
      "15": {
        "start": { "line": 42, "column": 4 },
        "end": { "line": 42, "column": 54 }
      },
      "16": {
        "start": { "line": 46, "column": 17 },
        "end": { "line": 46, "column": 59 }
      },
      "17": {
        "start": { "line": 47, "column": 4 },
        "end": { "line": 47, "column": 61 }
      },
      "18": {
        "start": { "line": 47, "column": 15 },
        "end": { "line": 47, "column": 61 }
      },
      "19": {
        "start": { "line": 48, "column": 4 },
        "end": { "line": 48, "column": 16 }
      },
      "20": {
        "start": { "line": 52, "column": 4 },
        "end": { "line": 52, "column": 52 }
      },
      "21": {
        "start": { "line": 56, "column": 4 },
        "end": { "line": 56, "column": 39 }
      },
      "22": {
        "start": { "line": 57, "column": 4 },
        "end": { "line": 57, "column": 29 }
      },
      "23": {
        "start": { "line": 14, "column": 13 },
        "end": { "line": 14, "column": 25 }
      },
      "24": {
        "start": { "line": 14, "column": 13 },
        "end": { "line": 59, "column": null }
      }
    },
    "fnMap": {
      "0": {
        "name": "(anonymous_13)",
        "decl": {
          "start": { "line": 15, "column": 2 },
          "end": { "line": 15, "column": null }
        },
        "loc": {
          "start": { "line": 17, "column": 43 },
          "end": { "line": 18, "column": 6 }
        }
      },
      "1": {
        "name": "(anonymous_14)",
        "decl": {
          "start": { "line": 20, "column": 2 },
          "end": { "line": 20, "column": 7 }
        },
        "loc": {
          "start": { "line": 20, "column": 65 },
          "end": { "line": 35, "column": 3 }
        }
      },
      "2": {
        "name": "(anonymous_15)",
        "decl": {
          "start": { "line": 37, "column": 2 },
          "end": { "line": 37, "column": 7 }
        },
        "loc": {
          "start": { "line": 37, "column": 15 },
          "end": { "line": 39, "column": 3 }
        }
      },
      "3": {
        "name": "(anonymous_16)",
        "decl": {
          "start": { "line": 41, "column": 2 },
          "end": { "line": 41, "column": 7 }
        },
        "loc": {
          "start": { "line": 41, "column": 39 },
          "end": { "line": 43, "column": 3 }
        }
      },
      "4": {
        "name": "(anonymous_17)",
        "decl": {
          "start": { "line": 45, "column": 2 },
          "end": { "line": 45, "column": 7 }
        },
        "loc": {
          "start": { "line": 45, "column": 27 },
          "end": { "line": 49, "column": 3 }
        }
      },
      "5": {
        "name": "(anonymous_18)",
        "decl": {
          "start": { "line": 51, "column": 2 },
          "end": { "line": 51, "column": 7 }
        },
        "loc": {
          "start": { "line": 51, "column": 62 },
          "end": { "line": 53, "column": 3 }
        }
      },
      "6": {
        "name": "(anonymous_19)",
        "decl": {
          "start": { "line": 55, "column": 2 },
          "end": { "line": 55, "column": 7 }
        },
        "loc": {
          "start": { "line": 55, "column": 144 },
          "end": { "line": 58, "column": 3 }
        }
      }
    },
    "branchMap": {
      "0": {
        "loc": {
          "start": { "line": 22, "column": 4 },
          "end": { "line": 24, "column": 5 }
        },
        "type": "if",
        "locations": [
          {
            "start": { "line": 22, "column": 4 },
            "end": { "line": 24, "column": 5 }
          },
          { "start": {}, "end": {} }
        ]
      },
      "1": {
        "loc": {
          "start": { "line": 30, "column": 13 },
          "end": { "line": 30, "column": 26 }
        },
        "type": "binary-expr",
        "locations": [
          {
            "start": { "line": 30, "column": 13 },
            "end": { "line": 30, "column": 18 }
          },
          {
            "start": { "line": 30, "column": 22 },
            "end": { "line": 30, "column": 26 }
          }
        ]
      },
      "2": {
        "loc": {
          "start": { "line": 47, "column": 4 },
          "end": { "line": 47, "column": 61 }
        },
        "type": "if",
        "locations": [
          {
            "start": { "line": 47, "column": 4 },
            "end": { "line": 47, "column": 61 }
          },
          { "start": {}, "end": {} }
        ]
      },
      "3": {
        "loc": {
          "start": { "line": 17, "column": 27 },
          "end": { "line": 17, "column": 43 }
        },
        "type": "cond-expr",
        "locations": [
          {
            "start": { "line": 17, "column": 37 },
            "end": { "line": 17, "column": 43 }
          },
          {
            "start": { "line": 17, "column": 37 },
            "end": { "line": 17, "column": 43 }
          }
        ]
      },
      "4": {
        "loc": {
          "start": { "line": 17, "column": 27 },
          "end": { "line": 17, "column": 37 }
        },
        "type": "binary-expr",
        "locations": [
          {
            "start": { "line": 17, "column": 27 },
            "end": { "line": 17, "column": 43 }
          },
          {
            "start": { "line": 17, "column": 27 },
            "end": { "line": 17, "column": 37 }
          }
        ]
      }
    },
    "s": {
      "0": 4,
      "1": 4,
      "2": 4,
      "3": 4,
      "4": 4,
      "5": 4,
      "6": 4,
      "7": 13,
      "8": 3,
      "9": 3,
      "10": 1,
      "11": 2,
      "12": 2,
      "13": 2,
      "14": 2,
      "15": 2,
      "16": 5,
      "17": 5,
      "18": 2,
      "19": 3,
      "20": 1,
      "21": 3,
      "22": 3,
      "23": 4,
      "24": 4
    },
    "f": { "0": 13, "1": 3, "2": 2, "3": 2, "4": 5, "5": 1, "6": 3 },
    "b": { "0": [1, 2], "1": [2, 1], "2": [2, 3], "3": [4, 0], "4": [4, 4] }
  },
  "/Users/brian/Documents/GitHub/codemouse/flamingo/api/src/yodlee/yodlee.controller.ts": {
    "path": "/Users/brian/Documents/GitHub/codemouse/flamingo/api/src/yodlee/yodlee.controller.ts",
    "statementMap": {
      "0": {
        "start": { "line": 1, "column": 0 },
        "end": { "line": 1, "column": null }
      },
      "1": {
        "start": { "line": 16, "column": 0 },
        "end": { "line": 16, "column": null }
      },
      "2": {
        "start": { "line": 23, "column": 0 },
        "end": { "line": 23, "column": 49 }
      },
      "3": {
        "start": { "line": 24, "column": 0 },
        "end": { "line": 24, "column": 54 }
      },
      "4": {
        "start": { "line": 25, "column": 0 },
        "end": { "line": 25, "column": 61 }
      },
      "5": {
        "start": { "line": 26, "column": 0 },
        "end": { "line": 26, "column": 68 }
      },
      "6": {
        "start": { "line": 27, "column": 0 },
        "end": { "line": 27, "column": 72 }
      },
      "7": {
        "start": { "line": 28, "column": 0 },
        "end": { "line": 28, "column": 60 }
      },
      "8": {
        "start": { "line": 35, "column": 7 },
        "end": { "line": 281, "column": null }
      },
      "9": {
        "start": { "line": 37, "column": 21 },
        "end": { "line": 37, "column": 29 }
      },
      "10": {
        "start": { "line": 38, "column": 21 },
        "end": { "line": 38, "column": 35 }
      },
      "11": {
        "start": { "line": 48, "column": 17 },
        "end": { "line": 48, "column": 65 }
      },
      "12": {
        "start": { "line": 49, "column": 4 },
        "end": { "line": 51, "column": 5 }
      },
      "13": {
        "start": { "line": 50, "column": 6 },
        "end": { "line": 50, "column": 76 }
      },
      "14": {
        "start": { "line": 52, "column": 4 },
        "end": { "line": 52, "column": 57 }
      },
      "15": {
        "start": { "line": 68, "column": 17 },
        "end": { "line": 68, "column": 65 }
      },
      "16": {
        "start": { "line": 69, "column": 4 },
        "end": { "line": 71, "column": 5 }
      },
      "17": {
        "start": { "line": 70, "column": 6 },
        "end": { "line": 70, "column": 76 }
      },
      "18": {
        "start": { "line": 72, "column": 43 },
        "end": { "line": 72, "column": 45 }
      },
      "19": {
        "start": { "line": 73, "column": 4 },
        "end": { "line": 73, "column": 45 }
      },
      "20": {
        "start": { "line": 73, "column": 18 },
        "end": { "line": 73, "column": 45 }
      },
      "21": {
        "start": { "line": 74, "column": 4 },
        "end": { "line": 74, "column": 39 }
      },
      "22": {
        "start": { "line": 74, "column": 16 },
        "end": { "line": 74, "column": 39 }
      },
      "23": {
        "start": { "line": 75, "column": 4 },
        "end": { "line": 75, "column": 48 }
      },
      "24": {
        "start": { "line": 75, "column": 19 },
        "end": { "line": 75, "column": 48 }
      },
      "25": {
        "start": { "line": 76, "column": 4 },
        "end": { "line": 76, "column": 30 }
      },
      "26": {
        "start": { "line": 76, "column": 13 },
        "end": { "line": 76, "column": 30 }
      },
      "27": {
        "start": { "line": 77, "column": 4 },
        "end": { "line": 77, "column": 69 }
      },
      "28": {
        "start": { "line": 83, "column": 17 },
        "end": { "line": 83, "column": 65 }
      },
      "29": {
        "start": { "line": 84, "column": 4 },
        "end": { "line": 86, "column": 5 }
      },
      "30": {
        "start": { "line": 85, "column": 6 },
        "end": { "line": 85, "column": 76 }
      },
      "31": {
        "start": { "line": 87, "column": 24 },
        "end": { "line": 87, "column": 78 }
      },
      "32": {
        "start": { "line": 88, "column": 4 },
        "end": { "line": 88, "column": 65 }
      },
      "33": {
        "start": { "line": 99, "column": 17 },
        "end": { "line": 99, "column": 65 }
      },
      "34": {
        "start": { "line": 100, "column": 4 },
        "end": { "line": 102, "column": 5 }
      },
      "35": {
        "start": { "line": 101, "column": 6 },
        "end": { "line": 101, "column": 76 }
      },
      "36": {
        "start": { "line": 103, "column": 4 },
        "end": { "line": 103, "column": 89 }
      },
      "37": {
        "start": { "line": 114, "column": 17 },
        "end": { "line": 114, "column": 65 }
      },
      "38": {
        "start": { "line": 115, "column": 4 },
        "end": { "line": 117, "column": 5 }
      },
      "39": {
        "start": { "line": 116, "column": 6 },
        "end": { "line": 116, "column": 76 }
      },
      "40": {
        "start": { "line": 118, "column": 4 },
        "end": { "line": 118, "column": 69 }
      },
      "41": {
        "start": { "line": 128, "column": 4 },
        "end": { "line": 128, "column": 44 }
      },
      "42": {
        "start": { "line": 139, "column": 43 },
        "end": { "line": 139, "column": 45 }
      },
      "43": {
        "start": { "line": 140, "column": 4 },
        "end": { "line": 140, "column": 45 }
      },
      "44": {
        "start": { "line": 140, "column": 18 },
        "end": { "line": 140, "column": 45 }
      },
      "45": {
        "start": { "line": 141, "column": 4 },
        "end": { "line": 141, "column": 39 }
      },
      "46": {
        "start": { "line": 141, "column": 16 },
        "end": { "line": 141, "column": 39 }
      },
      "47": {
        "start": { "line": 142, "column": 4 },
        "end": { "line": 142, "column": 54 }
      },
      "48": {
        "start": { "line": 158, "column": 18 },
        "end": { "line": 158, "column": 57 }
      },
      "49": {
        "start": { "line": 159, "column": 24 },
        "end": { "line": 159, "column": 63 }
      },
      "50": {
        "start": { "line": 160, "column": 4 },
        "end": { "line": 160, "column": 45 }
      },
      "51": {
        "start": { "line": 172, "column": 4 },
        "end": { "line": 172, "column": 42 }
      },
      "52": {
        "start": { "line": 190, "column": 43 },
        "end": { "line": 190, "column": 45 }
      },
      "53": {
        "start": { "line": 191, "column": 4 },
        "end": { "line": 191, "column": 54 }
      },
      "54": {
        "start": { "line": 191, "column": 21 },
        "end": { "line": 191, "column": 54 }
      },
      "55": {
        "start": { "line": 192, "column": 4 },
        "end": { "line": 192, "column": 72 }
      },
      "56": {
        "start": { "line": 192, "column": 27 },
        "end": { "line": 192, "column": 72 }
      },
      "57": {
        "start": { "line": 193, "column": 4 },
        "end": { "line": 193, "column": 54 }
      },
      "58": {
        "start": { "line": 205, "column": 4 },
        "end": { "line": 205, "column": 56 }
      },
      "59": {
        "start": { "line": 229, "column": 43 },
        "end": { "line": 229, "column": 45 }
      },
      "60": {
        "start": { "line": 230, "column": 4 },
        "end": { "line": 230, "column": 45 }
      },
      "61": {
        "start": { "line": 230, "column": 18 },
        "end": { "line": 230, "column": 45 }
      },
      "62": {
        "start": { "line": 231, "column": 4 },
        "end": { "line": 231, "column": 39 }
      },
      "63": {
        "start": { "line": 231, "column": 16 },
        "end": { "line": 231, "column": 39 }
      },
      "64": {
        "start": { "line": 232, "column": 4 },
        "end": { "line": 232, "column": 48 }
      },
      "65": {
        "start": { "line": 232, "column": 19 },
        "end": { "line": 232, "column": 48 }
      },
      "66": {
        "start": { "line": 233, "column": 4 },
        "end": { "line": 233, "column": 51 }
      },
      "67": {
        "start": { "line": 233, "column": 20 },
        "end": { "line": 233, "column": 51 }
      },
      "68": {
        "start": { "line": 234, "column": 4 },
        "end": { "line": 234, "column": 30 }
      },
      "69": {
        "start": { "line": 234, "column": 13 },
        "end": { "line": 234, "column": 30 }
      },
      "70": {
        "start": { "line": 235, "column": 4 },
        "end": { "line": 235, "column": 58 }
      },
      "71": {
        "start": { "line": 249, "column": 43 },
        "end": { "line": 249, "column": 45 }
      },
      "72": {
        "start": { "line": 250, "column": 4 },
        "end": { "line": 250, "column": 45 }
      },
      "73": {
        "start": { "line": 250, "column": 18 },
        "end": { "line": 250, "column": 45 }
      },
      "74": {
        "start": { "line": 251, "column": 4 },
        "end": { "line": 251, "column": 39 }
      },
      "75": {
        "start": { "line": 251, "column": 16 },
        "end": { "line": 251, "column": 39 }
      },
      "76": {
        "start": { "line": 252, "column": 4 },
        "end": { "line": 252, "column": 65 }
      },
      "77": {
        "start": { "line": 268, "column": 43 },
        "end": { "line": 268, "column": 45 }
      },
      "78": {
        "start": { "line": 269, "column": 4 },
        "end": { "line": 269, "column": 33 }
      },
      "79": {
        "start": { "line": 269, "column": 14 },
        "end": { "line": 269, "column": 33 }
      },
      "80": {
        "start": { "line": 270, "column": 4 },
        "end": { "line": 270, "column": 51 }
      },
      "81": {
        "start": { "line": 270, "column": 20 },
        "end": { "line": 270, "column": 51 }
      },
      "82": {
        "start": { "line": 271, "column": 4 },
        "end": { "line": 271, "column": 44 }
      },
      "83": {
        "start": { "line": 279, "column": 4 },
        "end": { "line": 279, "column": 47 }
      },
      "84": {
        "start": { "line": 35, "column": 13 },
        "end": { "line": 35, "column": 29 }
      },
      "85": {
        "start": { "line": 47, "column": 8 },
        "end": { "line": 53, "column": null }
      },
      "86": {
        "start": { "line": 61, "column": 8 },
        "end": { "line": 78, "column": null }
      },
      "87": {
        "start": { "line": 82, "column": 8 },
        "end": { "line": 89, "column": null }
      },
      "88": {
        "start": { "line": 94, "column": 8 },
        "end": { "line": 104, "column": null }
      },
      "89": {
        "start": { "line": 110, "column": 8 },
        "end": { "line": 119, "column": null }
      },
      "90": {
        "start": { "line": 127, "column": 2 },
        "end": { "line": 129, "column": null }
      },
      "91": {
        "start": { "line": 135, "column": 2 },
        "end": { "line": 143, "column": null }
      },
      "92": {
        "start": { "line": 157, "column": 8 },
        "end": { "line": 161, "column": null }
      },
      "93": {
        "start": { "line": 171, "column": 8 },
        "end": { "line": 173, "column": null }
      },
      "94": {
        "start": { "line": 185, "column": 8 },
        "end": { "line": 194, "column": null }
      },
      "95": {
        "start": { "line": 201, "column": 8 },
        "end": { "line": 206, "column": null }
      },
      "96": {
        "start": { "line": 221, "column": 8 },
        "end": { "line": 236, "column": null }
      },
      "97": {
        "start": { "line": 244, "column": 8 },
        "end": { "line": 253, "column": null }
      },
      "98": {
        "start": { "line": 264, "column": 8 },
        "end": { "line": 272, "column": null }
      },
      "99": {
        "start": { "line": 278, "column": 8 },
        "end": { "line": 280, "column": null }
      },
      "100": {
        "start": { "line": 35, "column": 13 },
        "end": { "line": 281, "column": null }
      }
    },
    "fnMap": {
      "0": {
        "name": "(anonymous_4)",
        "decl": {
          "start": { "line": 36, "column": 2 },
          "end": { "line": 36, "column": null }
        },
        "loc": {
          "start": { "line": 38, "column": 47 },
          "end": { "line": 39, "column": 6 }
        }
      },
      "1": {
        "name": "(anonymous_5)",
        "decl": {
          "start": { "line": 47, "column": 8 },
          "end": { "line": 47, "column": 21 }
        },
        "loc": {
          "start": { "line": 47, "column": 67 },
          "end": { "line": 53, "column": 3 }
        }
      },
      "2": {
        "name": "(anonymous_6)",
        "decl": {
          "start": { "line": 61, "column": 8 },
          "end": { "line": 61, "column": 25 }
        },
        "loc": {
          "start": { "line": 66, "column": 30 },
          "end": { "line": 78, "column": 3 }
        }
      },
      "3": {
        "name": "(anonymous_7)",
        "decl": {
          "start": { "line": 82, "column": 8 },
          "end": { "line": 82, "column": 18 }
        },
        "loc": {
          "start": { "line": 82, "column": 64 },
          "end": { "line": 89, "column": 3 }
        }
      },
      "4": {
        "name": "(anonymous_8)",
        "decl": {
          "start": { "line": 94, "column": 8 },
          "end": { "line": 94, "column": 23 }
        },
        "loc": {
          "start": { "line": 97, "column": 34 },
          "end": { "line": 104, "column": 3 }
        }
      },
      "5": {
        "name": "(anonymous_9)",
        "decl": {
          "start": { "line": 110, "column": 8 },
          "end": { "line": 110, "column": 23 }
        },
        "loc": {
          "start": { "line": 112, "column": 55 },
          "end": { "line": 119, "column": 3 }
        }
      },
      "6": {
        "name": "(anonymous_10)",
        "decl": {
          "start": { "line": 127, "column": 2 },
          "end": { "line": 127, "column": 17 }
        },
        "loc": {
          "start": { "line": 127, "column": 17 },
          "end": { "line": 129, "column": 3 }
        }
      },
      "7": {
        "name": "(anonymous_11)",
        "decl": {
          "start": { "line": 135, "column": 2 },
          "end": { "line": 135, "column": 21 }
        },
        "loc": {
          "start": { "line": 137, "column": 36 },
          "end": { "line": 143, "column": 3 }
        }
      },
      "8": {
        "name": "(anonymous_12)",
        "decl": {
          "start": { "line": 157, "column": 8 },
          "end": { "line": 157, "column": 16 }
        },
        "loc": {
          "start": { "line": 157, "column": 55 },
          "end": { "line": 161, "column": 3 }
        }
      },
      "9": {
        "name": "(anonymous_13)",
        "decl": {
          "start": { "line": 171, "column": 8 },
          "end": { "line": 171, "column": 15 }
        },
        "loc": {
          "start": { "line": 171, "column": 53 },
          "end": { "line": 173, "column": 3 }
        }
      },
      "10": {
        "name": "(anonymous_14)",
        "decl": {
          "start": { "line": 185, "column": 8 },
          "end": { "line": 185, "column": 19 }
        },
        "loc": {
          "start": { "line": 188, "column": 58 },
          "end": { "line": 194, "column": 3 }
        }
      },
      "11": {
        "name": "(anonymous_15)",
        "decl": {
          "start": { "line": 201, "column": 8 },
          "end": { "line": 201, "column": 18 }
        },
        "loc": {
          "start": { "line": 203, "column": 55 },
          "end": { "line": 206, "column": 3 }
        }
      },
      "12": {
        "name": "(anonymous_16)",
        "decl": {
          "start": { "line": 221, "column": 8 },
          "end": { "line": 221, "column": 23 }
        },
        "loc": {
          "start": { "line": 227, "column": 30 },
          "end": { "line": 236, "column": 3 }
        }
      },
      "13": {
        "name": "(anonymous_17)",
        "decl": {
          "start": { "line": 244, "column": 8 },
          "end": { "line": 244, "column": 30 }
        },
        "loc": {
          "start": { "line": 247, "column": 36 },
          "end": { "line": 253, "column": 3 }
        }
      },
      "14": {
        "name": "(anonymous_18)",
        "decl": {
          "start": { "line": 264, "column": 8 },
          "end": { "line": 264, "column": 20 }
        },
        "loc": {
          "start": { "line": 266, "column": 44 },
          "end": { "line": 272, "column": 3 }
        }
      },
      "15": {
        "name": "(anonymous_19)",
        "decl": {
          "start": { "line": 278, "column": 8 },
          "end": { "line": 278, "column": 19 }
        },
        "loc": {
          "start": { "line": 278, "column": 73 },
          "end": { "line": 280, "column": 3 }
        }
      }
    },
    "branchMap": {
      "0": {
        "loc": {
          "start": { "line": 49, "column": 4 },
          "end": { "line": 51, "column": 5 }
        },
        "type": "if",
        "locations": [
          {
            "start": { "line": 49, "column": 4 },
            "end": { "line": 51, "column": 5 }
          },
          { "start": {}, "end": {} }
        ]
      },
      "1": {
        "loc": {
          "start": { "line": 69, "column": 4 },
          "end": { "line": 71, "column": 5 }
        },
        "type": "if",
        "locations": [
          {
            "start": { "line": 69, "column": 4 },
            "end": { "line": 71, "column": 5 }
          },
          { "start": {}, "end": {} }
        ]
      },
      "2": {
        "loc": {
          "start": { "line": 73, "column": 4 },
          "end": { "line": 73, "column": 45 }
        },
        "type": "if",
        "locations": [
          {
            "start": { "line": 73, "column": 4 },
            "end": { "line": 73, "column": 45 }
          },
          { "start": {}, "end": {} }
        ]
      },
      "3": {
        "loc": {
          "start": { "line": 74, "column": 4 },
          "end": { "line": 74, "column": 39 }
        },
        "type": "if",
        "locations": [
          {
            "start": { "line": 74, "column": 4 },
            "end": { "line": 74, "column": 39 }
          },
          { "start": {}, "end": {} }
        ]
      },
      "4": {
        "loc": {
          "start": { "line": 75, "column": 4 },
          "end": { "line": 75, "column": 48 }
        },
        "type": "if",
        "locations": [
          {
            "start": { "line": 75, "column": 4 },
            "end": { "line": 75, "column": 48 }
          },
          { "start": {}, "end": {} }
        ]
      },
      "5": {
        "loc": {
          "start": { "line": 76, "column": 4 },
          "end": { "line": 76, "column": 30 }
        },
        "type": "if",
        "locations": [
          {
            "start": { "line": 76, "column": 4 },
            "end": { "line": 76, "column": 30 }
          },
          { "start": {}, "end": {} }
        ]
      },
      "6": {
        "loc": {
          "start": { "line": 84, "column": 4 },
          "end": { "line": 86, "column": 5 }
        },
        "type": "if",
        "locations": [
          {
            "start": { "line": 84, "column": 4 },
            "end": { "line": 86, "column": 5 }
          },
          { "start": {}, "end": {} }
        ]
      },
      "7": {
        "loc": {
          "start": { "line": 100, "column": 4 },
          "end": { "line": 102, "column": 5 }
        },
        "type": "if",
        "locations": [
          {
            "start": { "line": 100, "column": 4 },
            "end": { "line": 102, "column": 5 }
          },
          { "start": {}, "end": {} }
        ]
      },
      "8": {
        "loc": {
          "start": { "line": 115, "column": 4 },
          "end": { "line": 117, "column": 5 }
        },
        "type": "if",
        "locations": [
          {
            "start": { "line": 115, "column": 4 },
            "end": { "line": 117, "column": 5 }
          },
          { "start": {}, "end": {} }
        ]
      },
      "9": {
        "loc": {
          "start": { "line": 140, "column": 4 },
          "end": { "line": 140, "column": 45 }
        },
        "type": "if",
        "locations": [
          {
            "start": { "line": 140, "column": 4 },
            "end": { "line": 140, "column": 45 }
          },
          { "start": {}, "end": {} }
        ]
      },
      "10": {
        "loc": {
          "start": { "line": 141, "column": 4 },
          "end": { "line": 141, "column": 39 }
        },
        "type": "if",
        "locations": [
          {
            "start": { "line": 141, "column": 4 },
            "end": { "line": 141, "column": 39 }
          },
          { "start": {}, "end": {} }
        ]
      },
      "11": {
        "loc": {
          "start": { "line": 158, "column": 18 },
          "end": { "line": 158, "column": 57 }
        },
        "type": "binary-expr",
        "locations": [
          {
            "start": { "line": 158, "column": 18 },
            "end": { "line": 158, "column": 27 }
          },
          {
            "start": { "line": 158, "column": 31 },
            "end": { "line": 158, "column": 57 }
          }
        ]
      },
      "12": {
        "loc": {
          "start": { "line": 191, "column": 4 },
          "end": { "line": 191, "column": 54 }
        },
        "type": "if",
        "locations": [
          {
            "start": { "line": 191, "column": 4 },
            "end": { "line": 191, "column": 54 }
          },
          { "start": {}, "end": {} }
        ]
      },
      "13": {
        "loc": {
          "start": { "line": 192, "column": 4 },
          "end": { "line": 192, "column": 72 }
        },
        "type": "if",
        "locations": [
          {
            "start": { "line": 192, "column": 4 },
            "end": { "line": 192, "column": 72 }
          },
          { "start": {}, "end": {} }
        ]
      },
      "14": {
        "loc": {
          "start": { "line": 230, "column": 4 },
          "end": { "line": 230, "column": 45 }
        },
        "type": "if",
        "locations": [
          {
            "start": { "line": 230, "column": 4 },
            "end": { "line": 230, "column": 45 }
          },
          { "start": {}, "end": {} }
        ]
      },
      "15": {
        "loc": {
          "start": { "line": 231, "column": 4 },
          "end": { "line": 231, "column": 39 }
        },
        "type": "if",
        "locations": [
          {
            "start": { "line": 231, "column": 4 },
            "end": { "line": 231, "column": 39 }
          },
          { "start": {}, "end": {} }
        ]
      },
      "16": {
        "loc": {
          "start": { "line": 232, "column": 4 },
          "end": { "line": 232, "column": 48 }
        },
        "type": "if",
        "locations": [
          {
            "start": { "line": 232, "column": 4 },
            "end": { "line": 232, "column": 48 }
          },
          { "start": {}, "end": {} }
        ]
      },
      "17": {
        "loc": {
          "start": { "line": 233, "column": 4 },
          "end": { "line": 233, "column": 51 }
        },
        "type": "if",
        "locations": [
          {
            "start": { "line": 233, "column": 4 },
            "end": { "line": 233, "column": 51 }
          },
          { "start": {}, "end": {} }
        ]
      },
      "18": {
        "loc": {
          "start": { "line": 234, "column": 4 },
          "end": { "line": 234, "column": 30 }
        },
        "type": "if",
        "locations": [
          {
            "start": { "line": 234, "column": 4 },
            "end": { "line": 234, "column": 30 }
          },
          { "start": {}, "end": {} }
        ]
      },
      "19": {
        "loc": {
          "start": { "line": 250, "column": 4 },
          "end": { "line": 250, "column": 45 }
        },
        "type": "if",
        "locations": [
          {
            "start": { "line": 250, "column": 4 },
            "end": { "line": 250, "column": 45 }
          },
          { "start": {}, "end": {} }
        ]
      },
      "20": {
        "loc": {
          "start": { "line": 251, "column": 4 },
          "end": { "line": 251, "column": 39 }
        },
        "type": "if",
        "locations": [
          {
            "start": { "line": 251, "column": 4 },
            "end": { "line": 251, "column": 39 }
          },
          { "start": {}, "end": {} }
        ]
      },
      "21": {
        "loc": {
          "start": { "line": 269, "column": 4 },
          "end": { "line": 269, "column": 33 }
        },
        "type": "if",
        "locations": [
          {
            "start": { "line": 269, "column": 4 },
            "end": { "line": 269, "column": 33 }
          },
          { "start": {}, "end": {} }
        ]
      },
      "22": {
        "loc": {
          "start": { "line": 270, "column": 4 },
          "end": { "line": 270, "column": 51 }
        },
        "type": "if",
        "locations": [
          {
            "start": { "line": 270, "column": 4 },
            "end": { "line": 270, "column": 51 }
          },
          { "start": {}, "end": {} }
        ]
      },
      "23": {
        "loc": {
          "start": { "line": 97, "column": 18 },
          "end": { "line": 97, "column": null }
        },
        "type": "cond-expr",
        "locations": [
          {
            "start": { "line": 97, "column": 34 },
            "end": { "line": 97, "column": null }
          },
          {
            "start": { "line": 97, "column": 34 },
            "end": { "line": 97, "column": null }
          }
        ]
      },
      "24": {
        "loc": {
          "start": { "line": 97, "column": 18 },
          "end": { "line": 97, "column": 34 }
        },
        "type": "binary-expr",
        "locations": [
          {
            "start": { "line": 97, "column": 18 },
            "end": { "line": 97, "column": null }
          },
          {
            "start": { "line": 97, "column": 18 },
            "end": { "line": 97, "column": 34 }
          }
        ]
      },
      "25": {
        "loc": {
          "start": { "line": 37, "column": 29 },
          "end": { "line": 37, "column": null }
        },
        "type": "cond-expr",
        "locations": [
          {
            "start": { "line": 37, "column": 42 },
            "end": { "line": 37, "column": null }
          },
          {
            "start": { "line": 37, "column": 42 },
            "end": { "line": 37, "column": null }
          }
        ]
      },
      "26": {
        "loc": {
          "start": { "line": 37, "column": 29 },
          "end": { "line": 37, "column": 42 }
        },
        "type": "binary-expr",
        "locations": [
          {
            "start": { "line": 37, "column": 29 },
            "end": { "line": 37, "column": null }
          },
          {
            "start": { "line": 37, "column": 29 },
            "end": { "line": 37, "column": 42 }
          }
        ]
      },
      "27": {
        "loc": {
          "start": { "line": 37, "column": 42 },
          "end": { "line": 38, "column": null }
        },
        "type": "cond-expr",
        "locations": [
          {
            "start": { "line": 38, "column": 47 },
            "end": { "line": 38, "column": null }
          },
          {
            "start": { "line": 38, "column": 47 },
            "end": { "line": 38, "column": null }
          }
        ]
      },
      "28": {
        "loc": {
          "start": { "line": 37, "column": 42 },
          "end": { "line": 38, "column": 47 }
        },
        "type": "binary-expr",
        "locations": [
          {
            "start": { "line": 37, "column": 42 },
            "end": { "line": 38, "column": null }
          },
          {
            "start": { "line": 38, "column": 35 },
            "end": { "line": 38, "column": 47 }
          }
        ]
      }
    },
    "s": {
      "0": 0,
      "1": 0,
      "2": 0,
      "3": 0,
      "4": 0,
      "5": 0,
      "6": 0,
      "7": 0,
      "8": 0,
      "9": 0,
      "10": 0,
      "11": 0,
      "12": 0,
      "13": 0,
      "14": 0,
      "15": 0,
      "16": 0,
      "17": 0,
      "18": 0,
      "19": 0,
      "20": 0,
      "21": 0,
      "22": 0,
      "23": 0,
      "24": 0,
      "25": 0,
      "26": 0,
      "27": 0,
      "28": 0,
      "29": 0,
      "30": 0,
      "31": 0,
      "32": 0,
      "33": 0,
      "34": 0,
      "35": 0,
      "36": 0,
      "37": 0,
      "38": 0,
      "39": 0,
      "40": 0,
      "41": 0,
      "42": 0,
      "43": 0,
      "44": 0,
      "45": 0,
      "46": 0,
      "47": 0,
      "48": 0,
      "49": 0,
      "50": 0,
      "51": 0,
      "52": 0,
      "53": 0,
      "54": 0,
      "55": 0,
      "56": 0,
      "57": 0,
      "58": 0,
      "59": 0,
      "60": 0,
      "61": 0,
      "62": 0,
      "63": 0,
      "64": 0,
      "65": 0,
      "66": 0,
      "67": 0,
      "68": 0,
      "69": 0,
      "70": 0,
      "71": 0,
      "72": 0,
      "73": 0,
      "74": 0,
      "75": 0,
      "76": 0,
      "77": 0,
      "78": 0,
      "79": 0,
      "80": 0,
      "81": 0,
      "82": 0,
      "83": 0,
      "84": 0,
      "85": 0,
      "86": 0,
      "87": 0,
      "88": 0,
      "89": 0,
      "90": 0,
      "91": 0,
      "92": 0,
      "93": 0,
      "94": 0,
      "95": 0,
      "96": 0,
      "97": 0,
      "98": 0,
      "99": 0,
      "100": 0
    },
    "f": {
      "0": 0,
      "1": 0,
      "2": 0,
      "3": 0,
      "4": 0,
      "5": 0,
      "6": 0,
      "7": 0,
      "8": 0,
      "9": 0,
      "10": 0,
      "11": 0,
      "12": 0,
      "13": 0,
      "14": 0,
      "15": 0
    },
    "b": {
      "0": [0, 0],
      "1": [0, 0],
      "2": [0, 0],
      "3": [0, 0],
      "4": [0, 0],
      "5": [0, 0],
      "6": [0, 0],
      "7": [0, 0],
      "8": [0, 0],
      "9": [0, 0],
      "10": [0, 0],
      "11": [0, 0],
      "12": [0, 0],
      "13": [0, 0],
      "14": [0, 0],
      "15": [0, 0],
      "16": [0, 0],
      "17": [0, 0],
      "18": [0, 0],
      "19": [0, 0],
      "20": [0, 0],
      "21": [0, 0],
      "22": [0, 0],
      "23": [0, 0],
      "24": [0, 0],
      "25": [0, 0],
      "26": [0, 0],
      "27": [0, 0],
      "28": [0, 0]
    }
  },
  "/Users/brian/Documents/GitHub/codemouse/flamingo/api/src/yodlee/yodlee.service.ts": {
    "path": "/Users/brian/Documents/GitHub/codemouse/flamingo/api/src/yodlee/yodlee.service.ts",
    "statementMap": {
      "0": {
        "start": { "line": 1, "column": 0 },
        "end": { "line": 1, "column": 82 }
      },
      "1": {
        "start": { "line": 2, "column": 0 },
        "end": { "line": 2, "column": 47 }
      },
      "2": {
        "start": { "line": 3, "column": 0 },
        "end": { "line": 3, "column": 45 }
      },
      "3": {
        "start": { "line": 11, "column": 26 },
        "end": { "line": 222, "column": null }
      },
      "4": {
        "start": { "line": 12, "column": 28 },
        "end": { "line": 12, "column": 58 }
      },
      "5": {
        "start": { "line": 13, "column": 32 },
        "end": { "line": 13, "column": 62 }
      },
      "6": {
        "start": { "line": 16, "column": 31 },
        "end": { "line": 16, "column": 39 }
      },
      "7": {
        "start": { "line": 17, "column": 4 },
        "end": { "line": 20, "column": 7 }
      },
      "8": {
        "start": { "line": 24, "column": 4 },
        "end": { "line": 24, "column": 69 }
      },
      "9": {
        "start": { "line": 28, "column": 4 },
        "end": { "line": 31, "column": 6 }
      },
      "10": {
        "start": { "line": 39, "column": 19 },
        "end": { "line": 39, "column": 49 }
      },
      "11": {
        "start": { "line": 41, "column": 4 },
        "end": { "line": 43, "column": 5 }
      },
      "12": {
        "start": { "line": 42, "column": 6 },
        "end": { "line": 42, "column": 32 }
      },
      "13": {
        "start": { "line": 45, "column": 17 },
        "end": { "line": 48, "column": 6 }
      },
      "14": {
        "start": { "line": 50, "column": 4 },
        "end": { "line": 74, "column": 5 }
      },
      "15": {
        "start": { "line": 51, "column": 23 },
        "end": { "line": 56, "column": 8 }
      },
      "16": {
        "start": { "line": 58, "column": 41 },
        "end": { "line": 58, "column": null }
      },
      "17": {
        "start": { "line": 63, "column": 6 },
        "end": { "line": 66, "column": 9 }
      },
      "18": {
        "start": { "line": 68, "column": 6 },
        "end": { "line": 68, "column": 70 }
      },
      "19": {
        "start": { "line": 69, "column": 6 },
        "end": { "line": 69, "column": 25 }
      },
      "20": {
        "start": { "line": 71, "column": 16 },
        "end": { "line": 71, "column": 74 }
      },
      "21": {
        "start": { "line": 72, "column": 6 },
        "end": { "line": 72, "column": 106 }
      },
      "22": {
        "start": { "line": 73, "column": 6 },
        "end": { "line": 73, "column": 85 }
      },
      "23": {
        "start": { "line": 82, "column": 18 },
        "end": { "line": 82, "column": 54 }
      },
      "24": {
        "start": { "line": 83, "column": 4 },
        "end": { "line": 83, "column": 48 }
      },
      "25": {
        "start": { "line": 95, "column": 17 },
        "end": { "line": 99, "column": 22 }
      },
      "26": {
        "start": { "line": 98, "column": 18 },
        "end": { "line": 98, "column": 26 }
      },
      "27": {
        "start": { "line": 100, "column": 4 },
        "end": { "line": 102, "column": 5 }
      },
      "28": {
        "start": { "line": 101, "column": 6 },
        "end": { "line": 101, "column": 59 }
      },
      "29": {
        "start": { "line": 103, "column": 4 },
        "end": { "line": 103, "column": 57 }
      },
      "30": {
        "start": { "line": 111, "column": 20 },
        "end": { "line": 111, "column": 53 }
      },
      "31": {
        "start": { "line": 112, "column": 21 },
        "end": { "line": 112, "column": 62 }
      },
      "32": {
        "start": { "line": 113, "column": 4 },
        "end": { "line": 113, "column": 16 }
      },
      "33": {
        "start": { "line": 125, "column": 20 },
        "end": { "line": 125, "column": 63 }
      },
      "34": {
        "start": { "line": 126, "column": 4 },
        "end": { "line": 147, "column": 5 }
      },
      "35": {
        "start": { "line": 127, "column": 6 },
        "end": { "line": 137, "column": 8 }
      },
      "36": {
        "start": { "line": 138, "column": 6 },
        "end": { "line": 138, "column": 61 }
      },
      "37": {
        "start": { "line": 139, "column": 6 },
        "end": { "line": 139, "column": 23 }
      },
      "38": {
        "start": { "line": 141, "column": 16 },
        "end": { "line": 141, "column": 74 }
      },
      "39": {
        "start": { "line": 142, "column": 6 },
        "end": { "line": 145, "column": 8 }
      },
      "40": {
        "start": { "line": 146, "column": 6 },
        "end": { "line": 146, "column": 77 }
      },
      "41": {
        "start": { "line": 155, "column": 20 },
        "end": { "line": 155, "column": 53 }
      },
      "42": {
        "start": { "line": 156, "column": 21 },
        "end": { "line": 156, "column": 74 }
      },
      "43": {
        "start": { "line": 157, "column": 4 },
        "end": { "line": 157, "column": 16 }
      },
      "44": {
        "start": { "line": 161, "column": 20 },
        "end": { "line": 161, "column": 53 }
      },
      "45": {
        "start": { "line": 162, "column": 21 },
        "end": { "line": 162, "column": 79 }
      },
      "46": {
        "start": { "line": 163, "column": 4 },
        "end": { "line": 163, "column": 16 }
      },
      "47": {
        "start": { "line": 167, "column": 20 },
        "end": { "line": 167, "column": 53 }
      },
      "48": {
        "start": { "line": 168, "column": 21 },
        "end": { "line": 168, "column": 88 }
      },
      "49": {
        "start": { "line": 169, "column": 4 },
        "end": { "line": 169, "column": 16 }
      },
      "50": {
        "start": { "line": 173, "column": 20 },
        "end": { "line": 173, "column": 53 }
      },
      "51": {
        "start": { "line": 174, "column": 4 },
        "end": { "line": 174, "column": 66 }
      },
      "52": {
        "start": { "line": 182, "column": 20 },
        "end": { "line": 182, "column": 53 }
      },
      "53": {
        "start": { "line": 183, "column": 21 },
        "end": { "line": 183, "column": 78 }
      },
      "54": {
        "start": { "line": 184, "column": 4 },
        "end": { "line": 184, "column": 16 }
      },
      "55": {
        "start": { "line": 188, "column": 20 },
        "end": { "line": 188, "column": 53 }
      },
      "56": {
        "start": { "line": 189, "column": 21 },
        "end": { "line": 189, "column": 86 }
      },
      "57": {
        "start": { "line": 190, "column": 4 },
        "end": { "line": 190, "column": 16 }
      },
      "58": {
        "start": { "line": 198, "column": 22 },
        "end": { "line": 198, "column": 81 }
      },
      "59": {
        "start": { "line": 199, "column": 4 },
        "end": { "line": 199, "column": 39 }
      },
      "60": {
        "start": { "line": 203, "column": 22 },
        "end": { "line": 203, "column": 81 }
      },
      "61": {
        "start": { "line": 204, "column": 4 },
        "end": { "line": 204, "column": 51 }
      },
      "62": {
        "start": { "line": 212, "column": 20 },
        "end": { "line": 212, "column": 63 }
      },
      "63": {
        "start": { "line": 213, "column": 21 },
        "end": { "line": 213, "column": 75 }
      },
      "64": {
        "start": { "line": 214, "column": 4 },
        "end": { "line": 214, "column": 16 }
      },
      "65": {
        "start": { "line": 218, "column": 20 },
        "end": { "line": 218, "column": 63 }
      },
      "66": {
        "start": { "line": 219, "column": 21 },
        "end": { "line": 219, "column": 81 }
      },
      "67": {
        "start": { "line": 220, "column": 4 },
        "end": { "line": 220, "column": 16 }
      },
      "68": {
        "start": { "line": 11, "column": 13 },
        "end": { "line": 11, "column": 26 }
      },
      "69": {
        "start": { "line": 11, "column": 13 },
        "end": { "line": 222, "column": null }
      }
    },
    "fnMap": {
      "0": {
        "name": "(anonymous_3)",
        "decl": {
          "start": { "line": 16, "column": 2 },
          "end": { "line": 16, "column": 31 }
        },
        "loc": {
          "start": { "line": 16, "column": 52 },
          "end": { "line": 21, "column": 3 }
        }
      },
      "1": {
        "name": "(anonymous_4)",
        "decl": {
          "start": { "line": 23, "column": 2 },
          "end": { "line": 23, "column": 6 }
        },
        "loc": {
          "start": { "line": 23, "column": 20 },
          "end": { "line": 25, "column": 3 }
        }
      },
      "2": {
        "name": "(anonymous_5)",
        "decl": {
          "start": { "line": 27, "column": 2 },
          "end": { "line": 27, "column": 6 }
        },
        "loc": {
          "start": { "line": 27, "column": 17 },
          "end": { "line": 32, "column": 3 }
        }
      },
      "3": {
        "name": "(anonymous_6)",
        "decl": {
          "start": { "line": 38, "column": 2 },
          "end": { "line": 38, "column": 7 }
        },
        "loc": {
          "start": { "line": 38, "column": 40 },
          "end": { "line": 75, "column": 3 }
        }
      },
      "4": {
        "name": "(anonymous_7)",
        "decl": {
          "start": { "line": 81, "column": 10 },
          "end": { "line": 81, "column": 15 }
        },
        "loc": {
          "start": { "line": 81, "column": 45 },
          "end": { "line": 84, "column": 3 }
        }
      },
      "5": {
        "name": "(anonymous_8)",
        "decl": {
          "start": { "line": 94, "column": 2 },
          "end": { "line": 94, "column": 27 }
        },
        "loc": {
          "start": { "line": 94, "column": 27 },
          "end": { "line": 104, "column": 3 }
        }
      },
      "6": {
        "name": "(anonymous_9)",
        "decl": {
          "start": { "line": 98, "column": 11 },
          "end": { "line": 98, "column": 12 }
        },
        "loc": {
          "start": { "line": 98, "column": 18 },
          "end": { "line": 98, "column": 26 }
        }
      },
      "7": {
        "name": "(anonymous_10)",
        "decl": {
          "start": { "line": 110, "column": 2 },
          "end": { "line": 110, "column": 7 }
        },
        "loc": {
          "start": { "line": 110, "column": 33 },
          "end": { "line": 114, "column": 3 }
        }
      },
      "8": {
        "name": "(anonymous_11)",
        "decl": {
          "start": { "line": 124, "column": 2 },
          "end": { "line": 124, "column": 7 }
        },
        "loc": {
          "start": { "line": 124, "column": 52 },
          "end": { "line": 148, "column": 3 }
        }
      },
      "9": {
        "name": "(anonymous_12)",
        "decl": {
          "start": { "line": 154, "column": 2 },
          "end": { "line": 154, "column": 7 }
        },
        "loc": {
          "start": { "line": 154, "column": 70 },
          "end": { "line": 158, "column": 3 }
        }
      },
      "10": {
        "name": "(anonymous_13)",
        "decl": {
          "start": { "line": 160, "column": 2 },
          "end": { "line": 160, "column": 7 }
        },
        "loc": {
          "start": { "line": 160, "column": 55 },
          "end": { "line": 164, "column": 3 }
        }
      },
      "11": {
        "name": "(anonymous_14)",
        "decl": {
          "start": { "line": 166, "column": 2 },
          "end": { "line": 166, "column": 7 }
        },
        "loc": {
          "start": { "line": 166, "column": 92 },
          "end": { "line": 170, "column": 3 }
        }
      },
      "12": {
        "name": "(anonymous_15)",
        "decl": {
          "start": { "line": 172, "column": 2 },
          "end": { "line": 172, "column": 7 }
        },
        "loc": {
          "start": { "line": 172, "column": 58 },
          "end": { "line": 175, "column": 3 }
        }
      },
      "13": {
        "name": "(anonymous_16)",
        "decl": {
          "start": { "line": 181, "column": 2 },
          "end": { "line": 181, "column": 7 }
        },
        "loc": {
          "start": { "line": 181, "column": 74 },
          "end": { "line": 185, "column": 3 }
        }
      },
      "14": {
        "name": "(anonymous_17)",
        "decl": {
          "start": { "line": 187, "column": 2 },
          "end": { "line": 187, "column": 7 }
        },
        "loc": {
          "start": { "line": 187, "column": 81 },
          "end": { "line": 191, "column": 3 }
        }
      },
      "15": {
        "name": "(anonymous_18)",
        "decl": {
          "start": { "line": 197, "column": 2 },
          "end": { "line": 197, "column": 7 }
        },
        "loc": {
          "start": { "line": 197, "column": 26 },
          "end": { "line": 200, "column": 3 }
        }
      },
      "16": {
        "name": "(anonymous_19)",
        "decl": {
          "start": { "line": 202, "column": 2 },
          "end": { "line": 202, "column": 7 }
        },
        "loc": {
          "start": { "line": 202, "column": 62 },
          "end": { "line": 205, "column": 3 }
        }
      },
      "17": {
        "name": "(anonymous_20)",
        "decl": {
          "start": { "line": 211, "column": 2 },
          "end": { "line": 211, "column": 7 }
        },
        "loc": {
          "start": { "line": 211, "column": 52 },
          "end": { "line": 215, "column": 3 }
        }
      },
      "18": {
        "name": "(anonymous_21)",
        "decl": {
          "start": { "line": 217, "column": 2 },
          "end": { "line": 217, "column": 7 }
        },
        "loc": {
          "start": { "line": 217, "column": 38 },
          "end": { "line": 221, "column": 3 }
        }
      }
    },
    "branchMap": {
      "0": {
        "loc": {
          "start": { "line": 41, "column": 4 },
          "end": { "line": 43, "column": 5 }
        },
        "type": "if",
        "locations": [
          {
            "start": { "line": 41, "column": 4 },
            "end": { "line": 43, "column": 5 }
          },
          { "start": {}, "end": {} }
        ]
      },
      "1": {
        "loc": {
          "start": { "line": 41, "column": 8 },
          "end": { "line": 41, "column": 56 }
        },
        "type": "binary-expr",
        "locations": [
          {
            "start": { "line": 41, "column": 8 },
            "end": { "line": 41, "column": 14 }
          },
          {
            "start": { "line": 41, "column": 18 },
            "end": { "line": 41, "column": 56 }
          }
        ]
      },
      "2": {
        "loc": {
          "start": { "line": 72, "column": 74 },
          "end": { "line": 72, "column": 104 }
        },
        "type": "binary-expr",
        "locations": [
          {
            "start": { "line": 72, "column": 74 },
            "end": { "line": 72, "column": 91 }
          },
          {
            "start": { "line": 72, "column": 95 },
            "end": { "line": 72, "column": 104 }
          }
        ]
      },
      "3": {
        "loc": {
          "start": { "line": 100, "column": 4 },
          "end": { "line": 102, "column": 5 }
        },
        "type": "if",
        "locations": [
          {
            "start": { "line": 100, "column": 4 },
            "end": { "line": 102, "column": 5 }
          },
          { "start": {}, "end": {} }
        ]
      },
      "4": {
        "loc": {
          "start": { "line": 132, "column": 16 },
          "end": { "line": 132, "column": 34 }
        },
        "type": "binary-expr",
        "locations": [
          {
            "start": { "line": 132, "column": 16 },
            "end": { "line": 132, "column": 21 }
          },
          {
            "start": { "line": 132, "column": 25 },
            "end": { "line": 132, "column": 34 }
          }
        ]
      },
      "5": {
        "loc": {
          "start": { "line": 144, "column": 8 },
          "end": { "line": 144, "column": 38 }
        },
        "type": "binary-expr",
        "locations": [
          {
            "start": { "line": 144, "column": 8 },
            "end": { "line": 144, "column": 25 }
          },
          {
            "start": { "line": 144, "column": 29 },
            "end": { "line": 144, "column": 38 }
          }
        ]
      },
      "6": {
        "loc": {
          "start": { "line": 16, "column": 39 },
          "end": { "line": 16, "column": null }
        },
        "type": "cond-expr",
        "locations": [
          {
            "start": { "line": 16, "column": 52 },
            "end": { "line": 16, "column": null }
          },
          {
            "start": { "line": 16, "column": 52 },
            "end": { "line": 16, "column": null }
          }
        ]
      },
      "7": {
        "loc": {
          "start": { "line": 16, "column": 39 },
          "end": { "line": 16, "column": 52 }
        },
        "type": "binary-expr",
        "locations": [
          {
            "start": { "line": 16, "column": 39 },
            "end": { "line": 16, "column": null }
          },
          {
            "start": { "line": 16, "column": 39 },
            "end": { "line": 16, "column": 52 }
          }
        ]
      }
    },
    "s": {
      "0": 3,
      "1": 3,
      "2": 3,
      "3": 3,
      "4": 15,
      "5": 15,
      "6": 15,
      "7": 15,
      "8": 1,
      "9": 2,
      "10": 10,
      "11": 10,
      "12": 1,
      "13": 9,
      "14": 9,
      "15": 9,
      "16": 8,
      "17": 8,
      "18": 8,
      "19": 8,
      "20": 1,
      "21": 1,
      "22": 1,
      "23": 4,
      "24": 4,
      "25": 2,
      "26": 4,
      "27": 2,
      "28": 1,
      "29": 1,
      "30": 0,
      "31": 0,
      "32": 0,
      "33": 0,
      "34": 0,
      "35": 0,
      "36": 0,
      "37": 0,
      "38": 0,
      "39": 0,
      "40": 0,
      "41": 2,
      "42": 2,
      "43": 2,
      "44": 0,
      "45": 0,
      "46": 0,
      "47": 1,
      "48": 1,
      "49": 1,
      "50": 1,
      "51": 1,
      "52": 0,
      "53": 0,
      "54": 0,
      "55": 0,
      "56": 0,
      "57": 0,
      "58": 0,
      "59": 0,
      "60": 0,
      "61": 0,
      "62": 0,
      "63": 0,
      "64": 0,
      "65": 0,
      "66": 0,
      "67": 0,
      "68": 3,
      "69": 3
    },
    "f": {
      "0": 15,
      "1": 1,
      "2": 2,
      "3": 10,
      "4": 4,
      "5": 2,
      "6": 4,
      "7": 0,
      "8": 0,
      "9": 2,
      "10": 0,
      "11": 1,
      "12": 1,
      "13": 0,
      "14": 0,
      "15": 0,
      "16": 0,
      "17": 0,
      "18": 0
    },
    "b": {
      "0": [1, 9],
      "1": [10, 1],
      "2": [1, 1],
      "3": [1, 1],
      "4": [0, 0],
      "5": [0, 0],
      "6": [3, 0],
      "7": [3, 3]
    }
  }
}
