TN:
SF:src/admin/admin.controller.ts
FN:19,(anonymous_4)
FN:27,(anonymous_5)
FN:29,(anonymous_6)
FN:44,(anonymous_7)
FN:58,(anonymous_8)
FN:65,(anonymous_9)
FNF:6
FNH:6
FNDA:7,(anonymous_4)
FNDA:2,(anonymous_5)
FNDA:2,(anonymous_6)
FNDA:3,(anonymous_7)
FNDA:2,(anonymous_8)
FNDA:4,(anonymous_9)
DA:1,1
DA:2,1
DA:10,1
DA:11,1
DA:12,1
DA:13,1
DA:18,1
DA:20,7
DA:21,7
DA:27,1
DA:28,2
DA:29,2
DA:44,1
DA:45,3
DA:49,3
DA:50,3
DA:58,1
DA:59,2
DA:63,2
DA:65,4
DA:67,2
LF:21
LH:21
BRDA:46,0,0,3
BRDA:46,0,1,1
BRDA:47,1,0,3
BRDA:47,1,1,2
BRDA:44,2,0,1
BRDA:44,2,1,0
BRDA:44,3,0,1
BRDA:44,3,1,1
BRDA:20,4,0,1
BRDA:20,4,1,0
BRDA:20,5,0,1
BRDA:20,5,1,1
BRDA:20,6,0,1
BRDA:20,6,1,0
BRDA:20,7,0,1
BRDA:20,7,1,1
BRF:16
BRH:13
end_of_record
TN:
SF:src/auth/auth.constants.ts
FN:20,parseDuration
FNF:1
FNH:1
FNDA:5,parseDuration
DA:4,2
DA:5,2
DA:12,2
DA:20,2
DA:21,5
DA:22,5
DA:23,5
LF:7
LH:7
BRDA:22,0,0,0
BRDA:22,0,1,5
BRF:2
BRH:1
end_of_record
TN:
SF:src/auth/auth.controller.ts
FN:34,(anonymous_4)
FN:44,(anonymous_5)
FN:59,(anonymous_6)
FN:85,(anonymous_7)
FN:112,(anonymous_8)
FN:125,(anonymous_9)
FN:133,(anonymous_10)
FN:146,(anonymous_11)
FN:162,(anonymous_12)
FNF:9
FNH:9
FNDA:7,(anonymous_4)
FNDA:1,(anonymous_5)
FNDA:1,(anonymous_6)
FNDA:3,(anonymous_7)
FNDA:1,(anonymous_8)
FNDA:1,(anonymous_9)
FNDA:7,(anonymous_10)
FNDA:3,(anonymous_11)
FNDA:1,(anonymous_12)
DA:1,1
DA:13,1
DA:20,1
DA:21,1
DA:23,1
DA:24,1
DA:25,1
DA:26,1
DA:27,1
DA:29,1
DA:33,1
DA:35,7
DA:36,7
DA:44,1
DA:45,1
DA:59,1
DA:64,1
DA:68,1
DA:74,1
DA:85,1
DA:91,3
DA:93,3
DA:95,2
DA:99,2
DA:105,2
DA:112,1
DA:114,1
DA:115,1
DA:116,1
DA:125,1
DA:126,1
DA:134,7
DA:135,7
DA:136,7
DA:152,3
DA:156,3
DA:158,3
DA:159,3
DA:163,1
DA:164,1
DA:165,1
LF:41
LH:41
BRDA:65,0,0,1
BRDA:65,0,1,0
BRDA:66,1,0,1
BRDA:66,1,1,0
BRDA:88,2,0,2
BRDA:91,3,0,3
BRDA:91,3,1,2
BRDA:93,4,0,1
BRDA:93,4,1,2
BRDA:96,5,0,2
BRDA:96,5,1,0
BRDA:97,6,0,2
BRDA:97,6,1,0
BRDA:114,7,0,1
BRDA:114,7,1,0
BRDA:139,8,0,0
BRDA:139,8,1,7
BRDA:142,9,0,0
BRDA:142,9,1,7
BRDA:44,10,0,1
BRDA:44,10,1,0
BRDA:44,11,0,1
BRDA:44,11,1,1
BRDA:60,12,0,1
BRDA:60,12,1,0
BRDA:60,13,0,1
BRDA:60,13,1,1
BRDA:35,14,0,1
BRDA:35,14,1,0
BRDA:35,15,0,1
BRDA:35,15,1,1
BRDA:35,16,0,1
BRDA:35,16,1,0
BRDA:35,17,0,1
BRDA:35,17,1,1
BRF:35
BRH:24
end_of_record
TN:
SF:src/auth/auth.service.ts
FN:20,(anonymous_11)
FN:27,(anonymous_12)
FN:38,(anonymous_13)
FN:53,(anonymous_14)
FN:66,(anonymous_15)
FN:72,(anonymous_16)
FN:76,(anonymous_17)
FNF:7
FNH:6
FNDA:8,(anonymous_11)
FNDA:1,(anonymous_12)
FNDA:3,(anonymous_13)
FNDA:2,(anonymous_14)
FNDA:3,(anonymous_15)
FNDA:0,(anonymous_16)
FNDA:2,(anonymous_17)
DA:1,2
DA:2,2
DA:3,2
DA:4,2
DA:5,2
DA:8,2
DA:9,2
DA:19,2
DA:21,8
DA:22,8
DA:23,8
DA:24,8
DA:32,1
DA:34,1
DA:35,1
DA:43,3
DA:44,3
DA:46,2
DA:47,2
DA:49,1
DA:57,2
DA:58,2
DA:60,1
DA:61,1
DA:62,1
DA:63,1
DA:67,3
DA:68,2
DA:69,2
DA:73,0
DA:80,2
DA:85,2
DA:87,2
DA:91,2
DA:92,2
DA:98,2
DA:99,2
LF:37
LH:36
BRDA:41,0,0,3
BRDA:44,1,0,1
BRDA:44,1,1,2
BRDA:47,2,0,1
BRDA:47,2,1,1
BRDA:55,3,0,2
BRDA:58,4,0,1
BRDA:58,4,1,1
BRDA:67,5,0,1
BRDA:67,5,1,2
BRDA:69,6,0,1
BRDA:69,6,1,1
BRDA:21,7,0,2
BRDA:21,7,1,0
BRDA:21,8,0,2
BRDA:21,8,1,2
BRDA:21,9,0,2
BRDA:21,9,1,0
BRDA:21,10,0,2
BRDA:21,10,1,2
BRDA:22,11,0,2
BRDA:22,11,1,0
BRDA:22,12,0,2
BRDA:22,12,1,2
BRDA:23,13,0,2
BRDA:23,13,1,0
BRDA:23,14,0,2
BRDA:23,14,1,2
BRF:28
BRH:24
end_of_record
TN:
SF:src/auth/refresh-tokens.service.ts
FN:9,hashRefreshToken
FN:15,(anonymous_5)
FN:20,(anonymous_6)
FN:24,(anonymous_7)
FN:42,(anonymous_8)
FN:52,(anonymous_9)
FN:59,(anonymous_10)
FN:63,(anonymous_11)
FN:68,(anonymous_12)
FNF:9
FNH:8
FNDA:9,hashRefreshToken
FNDA:14,(anonymous_5)
FNDA:5,(anonymous_6)
FNDA:2,(anonymous_7)
FNDA:4,(anonymous_8)
FNDA:2,(anonymous_9)
FNDA:1,(anonymous_10)
FNDA:0,(anonymous_11)
FNDA:2,(anonymous_12)
DA:1,3
DA:2,3
DA:3,3
DA:4,3
DA:5,3
DA:7,3
DA:9,3
DA:10,9
DA:14,3
DA:17,14
DA:21,5
DA:29,2
DA:30,2
DA:39,2
DA:43,4
DA:46,4
DA:47,3
DA:48,2
DA:49,1
DA:53,2
DA:60,1
DA:63,0
DA:69,2
DA:70,2
LF:24
LH:23
BRDA:27,0,0,1
BRDA:35,1,0,2
BRDA:35,1,1,1
BRDA:36,2,0,2
BRDA:36,2,1,1
BRDA:46,3,0,1
BRDA:46,3,1,3
BRDA:47,4,0,1
BRDA:47,4,1,2
BRDA:48,5,0,1
BRDA:48,5,1,1
BRDA:55,6,0,2
BRDA:55,6,1,1
BRDA:70,7,0,2
BRDA:70,7,1,1
BRDA:17,8,0,3
BRDA:17,8,1,0
BRDA:17,9,0,3
BRDA:17,9,1,3
BRF:19
BRH:18
end_of_record
TN:
SF:src/auth/guards/jwt-auth.guard.ts
FNF:0
FNH:0
DA:1,2
DA:2,2
DA:5,2
LF:3
LH:3
BRF:0
BRH:0
end_of_record
TN:
SF:src/auth/guards/roles.guard.ts
FN:9,(anonymous_2)
FN:11,(anonymous_3)
FNF:2
FNH:2
FNDA:13,(anonymous_2)
FNDA:6,(anonymous_3)
DA:1,2
DA:2,2
DA:4,2
DA:8,2
DA:9,13
DA:12,6
DA:16,6
DA:18,4
DA:21,4
LF:9
LH:9
BRDA:16,0,0,2
BRDA:16,0,1,4
BRDA:16,1,0,6
BRDA:16,1,1,5
BRDA:9,2,0,2
BRDA:9,2,1,0
BRDA:9,3,0,2
BRDA:9,3,1,2
BRF:8
BRH:7
end_of_record
TN:
SF:src/config/env.validation.ts
FN:3,(anonymous_9)
FNF:1
FNH:0
FNDA:0,(anonymous_9)
DA:1,0
DA:3,0
DA:4,0
DA:10,0
LF:4
LH:0
BRF:0
BRH:0
end_of_record
TN:
SF:src/plaid/plaid-items.service.ts
FN:10,(anonymous_4)
FN:15,(anonymous_5)
FN:32,(anonymous_6)
FN:36,(anonymous_7)
FN:40,(anonymous_8)
FN:46,(anonymous_9)
FN:50,(anonymous_10)
FN:54,(anonymous_11)
FN:61,(anonymous_12)
FNF:9
FNH:9
FNDA:12,(anonymous_4)
FNDA:2,(anonymous_5)
FNDA:1,(anonymous_6)
FNDA:2,(anonymous_7)
FNDA:2,(anonymous_8)
FNDA:1,(anonymous_9)
FNDA:1,(anonymous_10)
FNDA:2,(anonymous_11)
FNDA:1,(anonymous_12)
DA:1,1
DA:2,1
DA:3,1
DA:4,1
DA:7,1
DA:8,12
DA:12,12
DA:22,2
DA:29,2
DA:33,1
DA:37,2
DA:41,2
DA:42,2
DA:43,1
DA:47,1
DA:51,1
DA:55,2
DA:56,2
DA:57,1
DA:62,1
LF:20
LH:20
BRDA:26,0,0,2
BRDA:26,0,1,1
BRDA:27,1,0,2
BRDA:27,1,1,1
BRDA:42,2,0,1
BRDA:42,2,1,1
BRDA:56,3,0,1
BRDA:56,3,1,1
BRDA:12,4,0,1
BRDA:12,4,1,0
BRDA:12,5,0,1
BRDA:12,5,1,1
BRF:12
BRH:11
end_of_record
TN:
SF:src/plaid/plaid-webhook.verifier.ts
FN:38,(anonymous_2)
FN:47,(anonymous_3)
FN:118,(anonymous_4)
FN:135,(anonymous_5)
FNF:4
FNH:0
FNDA:0,(anonymous_2)
FNDA:0,(anonymous_3)
FNDA:0,(anonymous_4)
FNDA:0,(anonymous_5)
DA:1,0
DA:2,0
DA:3,0
DA:4,0
DA:30,0
DA:31,0
DA:32,0
DA:36,0
DA:39,0
DA:40,0
DA:51,0
DA:53,0
DA:54,0
DA:55,0
DA:56,0
DA:59,0
DA:62,0
DA:63,0
DA:64,0
DA:65,0
DA:66,0
DA:71,0
DA:72,0
DA:75,0
DA:79,0
DA:80,0
DA:81,0
DA:84,0
DA:85,0
DA:86,0
DA:89,0
DA:93,0
DA:94,0
DA:95,0
DA:96,0
DA:97,0
DA:100,0
DA:101,0
DA:102,0
DA:103,0
DA:106,0
DA:107,0
DA:108,0
DA:109,0
DA:112,0
DA:113,0
DA:114,0
DA:115,0
DA:119,0
DA:120,0
DA:121,0
DA:123,0
DA:124,0
DA:125,0
DA:126,0
DA:128,0
DA:131,0
DA:136,0
DA:137,0
DA:138,0
DA:139,0
DA:141,0
DA:142,0
DA:143,0
DA:144,0
DA:149,0
DA:150,0
LF:67
LH:0
BRDA:53,0,0,0
BRDA:53,0,1,0
BRDA:54,1,0,0
BRDA:54,1,1,0
BRDA:63,2,0,0
BRDA:63,2,1,0
BRDA:64,3,0,0
BRDA:64,3,1,0
BRDA:79,4,0,0
BRDA:79,4,1,0
BRDA:84,5,0,0
BRDA:84,5,1,0
BRDA:85,6,0,0
BRDA:85,6,1,0
BRDA:93,7,0,0
BRDA:93,7,1,0
BRDA:94,8,0,0
BRDA:94,8,1,0
BRDA:95,9,0,0
BRDA:95,9,1,0
BRDA:101,10,0,0
BRDA:101,10,1,0
BRDA:102,11,0,0
BRDA:102,11,1,0
BRDA:107,12,0,0
BRDA:107,12,1,0
BRDA:108,13,0,0
BRDA:108,13,1,0
BRDA:113,14,0,0
BRDA:113,14,1,0
BRDA:113,15,0,0
BRDA:113,15,1,0
BRDA:120,16,0,0
BRDA:120,16,1,0
BRDA:120,17,0,0
BRDA:120,17,1,0
BRDA:39,18,0,0
BRDA:39,18,1,0
BRDA:39,19,0,0
BRDA:39,19,1,0
BRDA:39,20,0,0
BRDA:39,20,1,0
BRDA:39,21,0,0
BRDA:39,21,1,0
BRF:44
BRH:0
end_of_record
TN:
SF:src/plaid/plaid.controller.ts
FN:2,(anonymous_0)
FN:3,(anonymous_1)
FN:4,(anonymous_2)
FNF:3
FNH:0
FNDA:0,(anonymous_0)
FNDA:0,(anonymous_1)
FNDA:0,(anonymous_2)
DA:2,0
DA:3,0
DA:4,0
LF:3
LH:0
BRF:0
BRH:0
end_of_record
TN:
SF:src/plaid/plaid.service.ts
FN:38,(anonymous_2)
FN:76,(anonymous_3)
FN:80,(anonymous_4)
FN:88,(anonymous_5)
FN:112,(anonymous_6)
FN:132,(anonymous_7)
FN:144,(anonymous_8)
FN:159,(anonymous_9)
FN:175,(anonymous_10)
FN:190,(anonymous_11)
FN:208,(anonymous_12)
FN:223,(anonymous_13)
FN:250,(anonymous_14)
FN:290,(anonymous_15)
FN:298,(anonymous_16)
FN:313,(anonymous_17)
FN:325,(anonymous_18)
FN:343,(anonymous_19)
FN:368,(anonymous_20)
FN:376,(anonymous_21)
FN:395,(anonymous_22)
FN:406,(anonymous_23)
FN:419,(anonymous_24)
FN:436,(anonymous_25)
FN:461,(anonymous_26)
FN:496,parseList
FN:500,(anonymous_28)
FNF:27
FNH:0
FNDA:0,(anonymous_2)
FNDA:0,(anonymous_3)
FNDA:0,(anonymous_4)
FNDA:0,(anonymous_5)
FNDA:0,(anonymous_6)
FNDA:0,(anonymous_7)
FNDA:0,(anonymous_8)
FNDA:0,(anonymous_9)
FNDA:0,(anonymous_10)
FNDA:0,(anonymous_11)
FNDA:0,(anonymous_12)
FNDA:0,(anonymous_13)
FNDA:0,(anonymous_14)
FNDA:0,(anonymous_15)
FNDA:0,(anonymous_16)
FNDA:0,(anonymous_17)
FNDA:0,(anonymous_18)
FNDA:0,(anonymous_19)
FNDA:0,(anonymous_20)
FNDA:0,(anonymous_21)
FNDA:0,(anonymous_22)
FNDA:0,(anonymous_23)
FNDA:0,(anonymous_24)
FNDA:0,(anonymous_25)
FNDA:0,(anonymous_26)
FNDA:0,parseList
FNDA:0,(anonymous_28)
DA:1,0
DA:8,0
DA:9,0
DA:24,0
DA:27,0
DA:28,0
DA:38,0
DA:39,0
DA:40,0
DA:41,0
DA:45,0
DA:47,0
DA:49,0
DA:53,0
DA:58,0
DA:60,0
DA:70,0
DA:71,0
DA:77,0
DA:81,0
DA:89,0
DA:91,0
DA:100,0
DA:101,0
DA:102,0
DA:104,0
DA:115,0
DA:116,0
DA:119,0
DA:124,0
DA:133,0
DA:134,0
DA:137,0
DA:139,0
DA:145,0
DA:146,0
DA:149,0
DA:151,0
DA:160,0
DA:161,0
DA:162,0
DA:167,0
DA:176,0
DA:177,0
DA:180,0
DA:182,0
DA:191,0
DA:192,0
DA:195,0
DA:200,0
DA:209,0
DA:210,0
DA:213,0
DA:219,0
DA:228,0
DA:229,0
DA:234,0
DA:242,0
DA:259,0
DA:260,0
DA:261,0
DA:262,0
DA:263,0
DA:265,0
DA:266,0
DA:267,0
DA:271,0
DA:273,0
DA:274,0
DA:275,0
DA:276,0
DA:277,0
DA:280,0
DA:283,0
DA:291,0
DA:292,0
DA:294,0
DA:299,0
DA:300,0
DA:303,0
DA:305,0
DA:314,0
DA:315,0
DA:319,0
DA:321,0
DA:326,0
DA:327,0
DA:332,0
DA:334,0
DA:354,0
DA:355,0
DA:358,0
DA:360,0
DA:369,0
DA:370,0
DA:380,0
DA:381,0
DA:382,0
DA:389,0
DA:391,0
DA:396,0
DA:398,0
DA:399,0
DA:400,0
DA:401,0
DA:402,0
DA:407,0
DA:408,0
DA:409,0
DA:412,0
DA:414,0
DA:423,0
DA:424,0
DA:425,0
DA:429,0
DA:431,0
DA:446,0
DA:447,0
DA:448,0
DA:453,0
DA:462,0
DA:469,0
DA:470,0
DA:471,0
DA:473,0
DA:477,0
DA:478,0
DA:479,0
DA:480,0
DA:484,0
DA:485,0
DA:486,0
DA:490,0
DA:497,0
DA:498,0
DA:500,0
DA:502,0
LF:137
LH:0
BRDA:40,0,0,0
BRDA:40,0,1,0
BRDA:97,1,0,0
BRDA:97,1,1,0
BRDA:262,2,0,0
BRDA:262,2,1,0
BRDA:269,3,0,0
BRDA:269,3,1,0
BRDA:283,4,0,0
BRDA:283,4,1,0
BRDA:329,5,0,0
BRDA:329,5,1,0
BRDA:369,6,0,0
BRDA:369,6,1,0
BRDA:383,7,0,0
BRDA:383,7,1,0
BRDA:385,8,0,0
BRDA:385,8,1,0
BRDA:396,9,0,0
BRDA:396,9,1,0
BRDA:471,10,0,0
BRDA:471,10,1,0
BRDA:474,11,0,0
BRDA:474,11,1,0
BRDA:477,12,0,0
BRDA:477,12,1,0
BRDA:479,13,0,0
BRDA:479,13,1,0
BRDA:484,14,0,0
BRDA:484,14,1,0
BRDA:485,15,0,0
BRDA:485,15,1,0
BRDA:491,16,0,0
BRDA:491,16,1,0
BRDA:38,17,0,0
BRDA:38,17,1,0
BRDA:38,18,0,0
BRDA:38,18,1,0
BRDA:497,19,0,0
BRDA:497,19,1,0
BRDA:502,20,0,0
BRDA:502,20,1,0
BRF:42
BRH:0
end_of_record
TN:
SF:src/plaid/controllers/plaid-admin.controller.ts
FN:29,(anonymous_4)
FN:43,(anonymous_5)
FN:45,(anonymous_6)
FN:60,(anonymous_7)
FNF:4
FNH:0
FNDA:0,(anonymous_4)
FNDA:0,(anonymous_5)
FNDA:0,(anonymous_6)
FNDA:0,(anonymous_7)
DA:1,0
DA:10,0
DA:19,0
DA:20,0
DA:21,0
DA:22,0
DA:28,0
DA:30,0
DA:31,0
DA:43,0
DA:44,0
DA:45,0
DA:60,0
DA:61,0
DA:62,0
DA:63,0
DA:67,0
LF:17
LH:0
BRDA:30,0,0,0
BRDA:30,0,1,0
BRDA:30,1,0,0
BRDA:30,1,1,0
BRDA:30,2,0,0
BRDA:30,2,1,0
BRDA:30,3,0,0
BRDA:30,3,1,0
BRF:8
BRH:0
end_of_record
TN:
SF:src/plaid/controllers/plaid-institutions.controller.ts
FN:24,(anonymous_4)
FN:41,(anonymous_5)
FNF:2
FNH:0
FNDA:0,(anonymous_4)
FNDA:0,(anonymous_5)
DA:1,0
DA:8,0
DA:16,0
DA:17,0
DA:23,0
DA:24,0
DA:41,0
DA:42,0
DA:43,0
DA:44,0
DA:46,0
LF:11
LH:0
BRDA:42,0,0,0
BRDA:42,0,1,0
BRDA:43,1,0,0
BRDA:43,1,1,0
BRDA:24,2,0,0
BRDA:24,2,1,0
BRDA:24,3,0,0
BRDA:24,3,1,0
BRF:8
BRH:0
end_of_record
TN:
SF:src/plaid/controllers/plaid-me.controller.ts
FN:45,(anonymous_4)
FN:59,(anonymous_5)
FN:77,(anonymous_6)
FN:113,(anonymous_7)
FN:115,(anonymous_8)
FN:125,(anonymous_9)
FN:129,(anonymous_10)
FN:130,(anonymous_11)
FN:131,(anonymous_12)
FN:155,(anonymous_13)
FN:159,(anonymous_14)
FN:192,(anonymous_15)
FN:194,(anonymous_16)
FN:195,(anonymous_17)
FN:196,(anonymous_18)
FN:221,(anonymous_19)
FN:223,(anonymous_20)
FN:243,(anonymous_21)
FN:245,(anonymous_22)
FN:265,(anonymous_23)
FN:267,(anonymous_24)
FN:299,(anonymous_25)
FN:301,(anonymous_26)
FN:349,(anonymous_27)
FN:367,(anonymous_28)
FN:410,(anonymous_29)
FN:411,(anonymous_30)
FNF:27
FNH:0
FNDA:0,(anonymous_4)
FNDA:0,(anonymous_5)
FNDA:0,(anonymous_6)
FNDA:0,(anonymous_7)
FNDA:0,(anonymous_8)
FNDA:0,(anonymous_9)
FNDA:0,(anonymous_10)
FNDA:0,(anonymous_11)
FNDA:0,(anonymous_12)
FNDA:0,(anonymous_13)
FNDA:0,(anonymous_14)
FNDA:0,(anonymous_15)
FNDA:0,(anonymous_16)
FNDA:0,(anonymous_17)
FNDA:0,(anonymous_18)
FNDA:0,(anonymous_19)
FNDA:0,(anonymous_20)
FNDA:0,(anonymous_21)
FNDA:0,(anonymous_22)
FNDA:0,(anonymous_23)
FNDA:0,(anonymous_24)
FNDA:0,(anonymous_25)
FNDA:0,(anonymous_26)
FNDA:0,(anonymous_27)
FNDA:0,(anonymous_28)
FNDA:0,(anonymous_29)
FNDA:0,(anonymous_30)
DA:1,0
DA:16,0
DA:27,0
DA:28,0
DA:29,0
DA:30,0
DA:31,0
DA:44,0
DA:46,0
DA:47,0
DA:59,0
DA:60,0
DA:61,0
DA:77,0
DA:78,0
DA:83,0
DA:84,0
DA:85,0
DA:86,0
DA:87,0
DA:88,0
DA:89,0
DA:90,0
DA:96,0
DA:104,0
DA:105,0
DA:113,0
DA:114,0
DA:115,0
DA:125,0
DA:126,0
DA:127,0
DA:128,0
DA:130,0
DA:131,0
DA:139,0
DA:155,0
DA:156,0
DA:157,0
DA:158,0
DA:161,0
DA:164,0
DA:165,0
DA:168,0
DA:177,0
DA:192,0
DA:193,0
DA:195,0
DA:196,0
DA:204,0
DA:221,0
DA:222,0
DA:223,0
DA:229,0
DA:243,0
DA:244,0
DA:245,0
DA:251,0
DA:265,0
DA:266,0
DA:268,0
DA:269,0
DA:270,0
DA:276,0
DA:285,0
DA:299,0
DA:300,0
DA:302,0
DA:303,0
DA:304,0
DA:310,0
DA:320,0
DA:349,0
DA:354,0
DA:355,0
DA:356,0
DA:357,0
DA:359,0
DA:363,0
DA:366,0
DA:368,0
DA:369,0
DA:374,0
DA:380,0
DA:391,0
DA:410,0
DA:411,0
DA:412,0
DA:413,0
DA:415,0
DA:416,0
LF:91
LH:0
BRDA:87,0,0,0
BRDA:87,0,1,0
BRDA:88,1,0,0
BRDA:88,1,1,0
BRDA:90,2,0,0
BRDA:90,2,1,0
BRDA:127,3,0,0
BRDA:127,3,1,0
BRDA:157,4,0,0
BRDA:157,4,1,0
BRDA:164,5,0,0
BRDA:164,5,1,0
BRDA:356,6,0,0
BRDA:356,6,1,0
BRDA:357,7,0,0
BRDA:357,7,1,0
BRDA:359,8,0,0
BRDA:359,8,1,0
BRDA:360,9,0,0
BRDA:360,9,1,0
BRDA:412,10,0,0
BRDA:412,10,1,0
BRDA:77,11,0,0
BRDA:77,11,1,0
BRDA:77,12,0,0
BRDA:77,12,1,0
BRDA:46,13,0,0
BRDA:46,13,1,0
BRDA:46,14,0,0
BRDA:46,14,1,0
BRDA:46,15,0,0
BRDA:46,15,1,0
BRDA:46,16,0,0
BRDA:46,16,1,0
BRF:34
BRH:0
end_of_record
TN:
SF:src/plaid/controllers/plaid-sandbox.controller.ts
FN:42,(anonymous_4)
FN:48,(anonymous_5)
FN:70,(anonymous_6)
FN:117,(anonymous_7)
FN:131,(anonymous_8)
FN:140,(anonymous_9)
FN:159,(anonymous_10)
FN:180,(anonymous_11)
FN:207,(anonymous_12)
FNF:9
FNH:0
FNDA:0,(anonymous_4)
FNDA:0,(anonymous_5)
FNDA:0,(anonymous_6)
FNDA:0,(anonymous_7)
FNDA:0,(anonymous_8)
FNDA:0,(anonymous_9)
FNDA:0,(anonymous_10)
FNDA:0,(anonymous_11)
FNDA:0,(anonymous_12)
DA:1,0
DA:14,0
DA:24,0
DA:25,0
DA:26,0
DA:27,0
DA:28,0
DA:29,0
DA:30,0
DA:41,0
DA:43,0
DA:44,0
DA:45,0
DA:49,0
DA:50,0
DA:70,0
DA:74,0
DA:76,0
DA:80,0
DA:82,0
DA:83,0
DA:84,0
DA:85,0
DA:86,0
DA:87,0
DA:88,0
DA:89,0
DA:95,0
DA:103,0
DA:104,0
DA:117,0
DA:118,0
DA:119,0
DA:120,0
DA:131,0
DA:132,0
DA:133,0
DA:134,0
DA:135,0
DA:141,0
DA:142,0
DA:143,0
DA:145,0
DA:159,0
DA:160,0
DA:161,0
DA:162,0
DA:163,0
DA:180,0
DA:185,0
DA:186,0
DA:187,0
DA:191,0
DA:207,0
DA:212,0
DA:213,0
DA:214,0
LF:57
LH:0
BRDA:49,0,0,0
BRDA:49,0,1,0
BRDA:86,1,0,0
BRDA:86,1,1,0
BRDA:87,2,0,0
BRDA:87,2,1,0
BRDA:89,3,0,0
BRDA:89,3,1,0
BRDA:142,4,0,0
BRDA:142,4,1,0
BRDA:72,5,0,0
BRDA:72,5,1,0
BRDA:72,6,0,0
BRDA:72,6,1,0
BRDA:183,7,0,0
BRDA:183,7,1,0
BRDA:183,8,0,0
BRDA:183,8,1,0
BRDA:210,9,0,0
BRDA:210,9,1,0
BRDA:210,10,0,0
BRDA:210,10,1,0
BRDA:43,11,0,0
BRDA:43,11,1,0
BRDA:43,12,0,0
BRDA:43,12,1,0
BRDA:43,13,0,0
BRDA:43,13,1,0
BRDA:43,14,0,0
BRDA:43,14,1,0
BRDA:44,15,0,0
BRDA:44,15,1,0
BRDA:44,16,0,0
BRDA:44,16,1,0
BRF:34
BRH:0
end_of_record
TN:
SF:src/plaid/controllers/plaid-webhook.controller.ts
FN:35,(anonymous_4)
FN:49,(anonymous_5)
FN:71,(anonymous_6)
FN:94,(anonymous_7)
FNF:4
FNH:0
FNDA:0,(anonymous_4)
FNDA:0,(anonymous_5)
FNDA:0,(anonymous_6)
FNDA:0,(anonymous_7)
DA:1,0
DA:10,0
DA:16,0
DA:18,0
DA:19,0
DA:20,0
DA:32,0
DA:33,0
DA:36,0
DA:37,0
DA:38,0
DA:49,0
DA:53,0
DA:54,0
DA:55,0
DA:57,0
DA:62,0
DA:63,0
DA:64,0
DA:65,0
DA:68,0
DA:72,0
DA:73,0
DA:74,0
DA:75,0
DA:76,0
DA:79,0
DA:86,0
DA:90,0
DA:95,0
DA:99,0
LF:31
LH:0
BRDA:53,0,0,0
BRDA:53,0,1,0
BRDA:54,1,0,0
BRDA:54,1,1,0
BRDA:58,2,0,0
BRDA:58,2,1,0
BRDA:62,3,0,0
BRDA:62,3,1,0
BRDA:62,4,0,0
BRDA:62,4,1,0
BRDA:64,5,0,0
BRDA:64,5,1,0
BRDA:64,6,0,0
BRDA:64,6,1,0
BRDA:72,7,0,0
BRDA:72,7,1,0
BRDA:74,8,0,0
BRDA:74,8,1,0
BRDA:79,9,0,0
BRDA:79,9,1,0
BRDA:80,10,0,0
BRDA:80,10,1,0
BRDA:80,10,2,0
BRDA:80,10,3,0
BRDA:80,10,4,0
BRDA:90,11,0,0
BRDA:90,11,1,0
BRDA:95,12,0,0
BRDA:95,12,1,0
BRDA:96,13,0,0
BRDA:96,13,1,0
BRDA:100,14,0,0
BRDA:100,14,1,0
BRDA:52,15,0,0
BRDA:52,15,1,0
BRDA:52,16,0,0
BRDA:52,16,1,0
BRDA:36,17,0,0
BRDA:36,17,1,0
BRDA:36,18,0,0
BRDA:36,18,1,0
BRDA:36,19,0,0
BRDA:36,19,1,0
BRDA:36,20,0,0
BRDA:36,20,1,0
BRDA:37,21,0,0
BRDA:37,21,1,0
BRDA:37,22,0,0
BRDA:37,22,1,0
BRF:49
BRH:0
end_of_record
TN:
SF:src/plaid/guards/plaid-linked.guard.ts
FN:16,(anonymous_2)
FN:18,(anonymous_3)
FNF:2
FNH:0
FNDA:0,(anonymous_2)
FNDA:0,(anonymous_3)
DA:1,0
DA:7,0
DA:15,0
DA:16,0
DA:19,0
DA:24,0
DA:25,0
DA:26,0
DA:30,0
DA:31,0
LF:10
LH:0
BRDA:25,0,0,0
BRDA:25,0,1,0
BRDA:16,1,0,0
BRDA:16,1,1,0
BRDA:16,2,0,0
BRDA:16,2,1,0
BRF:6
BRH:0
end_of_record
TN:
SF:src/users/users.service.ts
FN:15,(anonymous_13)
FN:20,(anonymous_14)
FN:41,(anonymous_15)
FN:45,(anonymous_16)
FN:49,(anonymous_17)
FN:55,(anonymous_18)
FNF:6
FNH:6
FNDA:12,(anonymous_13)
FNDA:3,(anonymous_14)
FNDA:2,(anonymous_15)
FNDA:2,(anonymous_16)
FNDA:5,(anonymous_17)
FNDA:3,(anonymous_18)
DA:1,4
DA:6,4
DA:7,4
DA:8,4
DA:9,4
DA:11,4
DA:14,4
DA:17,12
DA:25,3
DA:26,3
DA:27,1
DA:30,2
DA:31,2
DA:38,2
DA:42,2
DA:46,2
DA:50,5
DA:51,5
DA:52,3
DA:62,3
DA:63,3
LF:21
LH:21
BRDA:26,0,0,1
BRDA:26,0,1,2
BRDA:34,1,0,2
BRDA:34,1,1,1
BRDA:51,2,0,2
BRDA:51,2,1,3
BRDA:17,3,0,4
BRDA:17,3,1,0
BRDA:17,4,0,4
BRDA:17,4,1,4
BRF:10
BRH:9
end_of_record
