TN:
SF:src/admin/admin.controller.ts
FN:25,(anonymous_4)
FN:33,(anonymous_5)
FN:35,(anonymous_6)
FN:44,(anonymous_7)
FN:57,(anonymous_8)
FN:59,(anonymous_9)
FNF:6
FNH:6
FNDA:7,(anonymous_4)
FNDA:2,(anonymous_5)
FNDA:2,(anonymous_6)
FNDA:3,(anonymous_7)
FNDA:2,(anonymous_8)
FNDA:4,(anonymous_9)
DA:1,1
DA:8,1
DA:16,1
DA:17,1
DA:18,1
DA:19,1
DA:24,1
DA:26,7
DA:27,7
DA:33,1
DA:34,2
DA:35,2
DA:44,1
DA:45,3
DA:50,3
DA:51,3
DA:57,1
DA:58,2
DA:59,4
DA:60,2
LF:20
LH:20
BRDA:46,0,0,3
BRDA:46,0,1,1
BRDA:47,1,0,3
BRDA:47,1,1,0
BRDA:48,2,0,3
BRDA:48,2,1,2
BRDA:44,3,0,1
BRDA:44,3,1,0
BRDA:44,4,0,1
BRDA:44,4,1,1
BRDA:26,5,0,1
BRDA:26,5,1,0
BRDA:26,6,0,1
BRDA:26,6,1,1
BRDA:26,7,0,1
BRDA:26,7,1,0
BRDA:26,8,0,1
BRDA:26,8,1,1
BRF:18
BRH:14
end_of_record
TN:
SF:src/auth/auth.controller.ts
FN:13,(anonymous_4)
FN:19,(anonymous_5)
FN:28,(anonymous_6)
FN:37,(anonymous_7)
FNF:4
FNH:4
FNDA:3,(anonymous_4)
FNDA:1,(anonymous_5)
FNDA:1,(anonymous_6)
FNDA:1,(anonymous_7)
DA:1,1
DA:2,1
DA:3,1
DA:4,1
DA:5,1
DA:6,1
DA:7,1
DA:12,1
DA:13,3
DA:19,1
DA:20,1
DA:28,1
DA:29,1
DA:37,1
DA:38,1
LF:15
LH:15
BRDA:19,0,0,1
BRDA:19,0,1,0
BRDA:19,1,0,1
BRDA:19,1,1,1
BRDA:28,2,0,1
BRDA:28,2,1,0
BRDA:28,3,0,1
BRDA:28,3,1,1
BRDA:13,4,0,1
BRDA:13,4,1,0
BRDA:13,5,0,1
BRDA:13,5,1,1
BRF:12
BRH:9
end_of_record
TN:
SF:src/auth/auth.service.ts
FN:12,(anonymous_11)
FN:19,(anonymous_12)
FN:50,(anonymous_13)
FNF:3
FNH:3
FNDA:6,(anonymous_11)
FNDA:3,(anonymous_12)
FNDA:3,(anonymous_13)
DA:1,2
DA:2,2
DA:3,2
DA:4,2
DA:5,2
DA:6,2
DA:11,2
DA:13,6
DA:14,6
DA:15,6
DA:16,6
DA:20,3
DA:22,3
DA:23,3
DA:30,3
DA:32,3
DA:35,0
DA:36,0
DA:39,2
DA:40,2
DA:46,3
DA:47,3
DA:51,3
DA:52,3
DA:54,2
DA:55,2
DA:57,1
DA:58,1
DA:61,1
DA:62,1
LF:30
LH:28
BRDA:30,0,0,3
BRDA:30,0,1,0
BRDA:52,1,0,1
BRDA:52,1,1,2
BRDA:55,2,0,1
BRDA:55,2,1,1
BRDA:13,3,0,2
BRDA:13,3,1,0
BRDA:13,4,0,2
BRDA:13,4,1,2
BRDA:13,5,0,2
BRDA:13,5,1,0
BRDA:13,6,0,2
BRDA:13,6,1,2
BRDA:14,7,0,2
BRDA:14,7,1,0
BRDA:14,8,0,2
BRDA:14,8,1,2
BRDA:15,9,0,2
BRDA:15,9,1,0
BRDA:15,10,0,2
BRDA:15,10,1,2
BRF:22
BRH:17
end_of_record
TN:
SF:src/auth/guards/jwt-auth.guard.ts
FNF:0
FNH:0
DA:1,2
DA:2,2
DA:5,2
LF:3
LH:3
BRF:0
BRH:0
end_of_record
TN:
SF:src/auth/guards/roles.guard.ts
FN:9,(anonymous_2)
FN:11,(anonymous_3)
FNF:2
FNH:2
FNDA:13,(anonymous_2)
FNDA:6,(anonymous_3)
DA:1,2
DA:2,2
DA:4,2
DA:8,2
DA:9,13
DA:12,6
DA:16,6
DA:18,4
DA:19,4
LF:9
LH:9
BRDA:16,0,0,2
BRDA:16,0,1,4
BRDA:16,1,0,6
BRDA:16,1,1,5
BRDA:9,2,0,2
BRDA:9,2,1,0
BRDA:9,3,0,2
BRDA:9,3,1,2
BRF:8
BRH:7
end_of_record
TN:
SF:src/users/users.service.ts
FN:15,(anonymous_13)
FN:20,(anonymous_14)
FN:37,(anonymous_15)
FN:41,(anonymous_16)
FN:45,(anonymous_17)
FN:51,(anonymous_18)
FN:55,(anonymous_19)
FNF:7
FNH:7
FNDA:13,(anonymous_13)
FNDA:3,(anonymous_14)
FNDA:2,(anonymous_15)
FNDA:2,(anonymous_16)
FNDA:5,(anonymous_17)
FNDA:1,(anonymous_18)
FNDA:3,(anonymous_19)
DA:1,4
DA:6,4
DA:7,4
DA:8,4
DA:9,4
DA:11,4
DA:14,4
DA:17,13
DA:21,3
DA:22,3
DA:23,1
DA:26,2
DA:27,2
DA:34,2
DA:38,2
DA:42,2
DA:46,5
DA:47,5
DA:48,3
DA:52,1
DA:56,3
DA:57,3
LF:22
LH:22
BRDA:22,0,0,1
BRDA:22,0,1,2
BRDA:30,1,0,2
BRDA:30,1,1,1
BRDA:47,2,0,2
BRDA:47,2,1,3
BRDA:17,3,0,4
BRDA:17,3,1,0
BRDA:17,4,0,4
BRDA:17,4,1,4
BRF:10
BRH:9
end_of_record
TN:
SF:src/yodlee/yodlee.controller.ts
FN:36,(anonymous_4)
FN:47,(anonymous_5)
FN:61,(anonymous_6)
FN:82,(anonymous_7)
FN:94,(anonymous_8)
FN:110,(anonymous_9)
FN:127,(anonymous_10)
FN:135,(anonymous_11)
FN:157,(anonymous_12)
FN:171,(anonymous_13)
FN:185,(anonymous_14)
FN:201,(anonymous_15)
FN:221,(anonymous_16)
FN:244,(anonymous_17)
FN:264,(anonymous_18)
FN:278,(anonymous_19)
FNF:16
FNH:0
FNDA:0,(anonymous_4)
FNDA:0,(anonymous_5)
FNDA:0,(anonymous_6)
FNDA:0,(anonymous_7)
FNDA:0,(anonymous_8)
FNDA:0,(anonymous_9)
FNDA:0,(anonymous_10)
FNDA:0,(anonymous_11)
FNDA:0,(anonymous_12)
FNDA:0,(anonymous_13)
FNDA:0,(anonymous_14)
FNDA:0,(anonymous_15)
FNDA:0,(anonymous_16)
FNDA:0,(anonymous_17)
FNDA:0,(anonymous_18)
FNDA:0,(anonymous_19)
DA:1,0
DA:16,0
DA:23,0
DA:24,0
DA:25,0
DA:26,0
DA:27,0
DA:28,0
DA:35,0
DA:37,0
DA:38,0
DA:47,0
DA:48,0
DA:49,0
DA:50,0
DA:52,0
DA:61,0
DA:68,0
DA:69,0
DA:70,0
DA:72,0
DA:73,0
DA:74,0
DA:75,0
DA:76,0
DA:77,0
DA:82,0
DA:83,0
DA:84,0
DA:85,0
DA:87,0
DA:88,0
DA:94,0
DA:99,0
DA:100,0
DA:101,0
DA:103,0
DA:110,0
DA:114,0
DA:115,0
DA:116,0
DA:118,0
DA:127,0
DA:128,0
DA:135,0
DA:139,0
DA:140,0
DA:141,0
DA:142,0
DA:157,0
DA:158,0
DA:159,0
DA:160,0
DA:171,0
DA:172,0
DA:185,0
DA:190,0
DA:191,0
DA:192,0
DA:193,0
DA:201,0
DA:205,0
DA:221,0
DA:229,0
DA:230,0
DA:231,0
DA:232,0
DA:233,0
DA:234,0
DA:235,0
DA:244,0
DA:249,0
DA:250,0
DA:251,0
DA:252,0
DA:264,0
DA:268,0
DA:269,0
DA:270,0
DA:271,0
DA:278,0
DA:279,0
LF:82
LH:0
BRDA:49,0,0,0
BRDA:49,0,1,0
BRDA:69,1,0,0
BRDA:69,1,1,0
BRDA:73,2,0,0
BRDA:73,2,1,0
BRDA:74,3,0,0
BRDA:74,3,1,0
BRDA:75,4,0,0
BRDA:75,4,1,0
BRDA:76,5,0,0
BRDA:76,5,1,0
BRDA:84,6,0,0
BRDA:84,6,1,0
BRDA:100,7,0,0
BRDA:100,7,1,0
BRDA:115,8,0,0
BRDA:115,8,1,0
BRDA:140,9,0,0
BRDA:140,9,1,0
BRDA:141,10,0,0
BRDA:141,10,1,0
BRDA:158,11,0,0
BRDA:158,11,1,0
BRDA:191,12,0,0
BRDA:191,12,1,0
BRDA:192,13,0,0
BRDA:192,13,1,0
BRDA:230,14,0,0
BRDA:230,14,1,0
BRDA:231,15,0,0
BRDA:231,15,1,0
BRDA:232,16,0,0
BRDA:232,16,1,0
BRDA:233,17,0,0
BRDA:233,17,1,0
BRDA:234,18,0,0
BRDA:234,18,1,0
BRDA:250,19,0,0
BRDA:250,19,1,0
BRDA:251,20,0,0
BRDA:251,20,1,0
BRDA:269,21,0,0
BRDA:269,21,1,0
BRDA:270,22,0,0
BRDA:270,22,1,0
BRDA:97,23,0,0
BRDA:97,23,1,0
BRDA:97,24,0,0
BRDA:97,24,1,0
BRDA:37,25,0,0
BRDA:37,25,1,0
BRDA:37,26,0,0
BRDA:37,26,1,0
BRDA:37,27,0,0
BRDA:37,27,1,0
BRDA:37,28,0,0
BRDA:37,28,1,0
BRF:58
BRH:0
end_of_record
TN:
SF:src/yodlee/yodlee.service.ts
FN:16,(anonymous_3)
FN:23,(anonymous_4)
FN:27,(anonymous_5)
FN:38,(anonymous_6)
FN:81,(anonymous_7)
FN:94,(anonymous_8)
FN:98,(anonymous_9)
FN:110,(anonymous_10)
FN:124,(anonymous_11)
FN:154,(anonymous_12)
FN:160,(anonymous_13)
FN:166,(anonymous_14)
FN:172,(anonymous_15)
FN:181,(anonymous_16)
FN:187,(anonymous_17)
FN:197,(anonymous_18)
FN:202,(anonymous_19)
FN:211,(anonymous_20)
FN:217,(anonymous_21)
FNF:19
FNH:10
FNDA:15,(anonymous_3)
FNDA:1,(anonymous_4)
FNDA:2,(anonymous_5)
FNDA:10,(anonymous_6)
FNDA:4,(anonymous_7)
FNDA:2,(anonymous_8)
FNDA:4,(anonymous_9)
FNDA:0,(anonymous_10)
FNDA:0,(anonymous_11)
FNDA:2,(anonymous_12)
FNDA:0,(anonymous_13)
FNDA:1,(anonymous_14)
FNDA:1,(anonymous_15)
FNDA:0,(anonymous_16)
FNDA:0,(anonymous_17)
FNDA:0,(anonymous_18)
FNDA:0,(anonymous_19)
FNDA:0,(anonymous_20)
FNDA:0,(anonymous_21)
DA:1,3
DA:2,3
DA:3,3
DA:11,3
DA:12,15
DA:13,15
DA:16,15
DA:17,15
DA:24,1
DA:28,2
DA:39,10
DA:41,10
DA:42,1
DA:45,9
DA:50,9
DA:51,9
DA:58,8
DA:63,8
DA:68,8
DA:69,8
DA:71,1
DA:72,1
DA:73,1
DA:82,4
DA:83,4
DA:95,2
DA:98,4
DA:100,2
DA:101,1
DA:103,1
DA:111,0
DA:112,0
DA:113,0
DA:125,0
DA:126,0
DA:127,0
DA:138,0
DA:139,0
DA:141,0
DA:142,0
DA:146,0
DA:155,2
DA:156,2
DA:157,2
DA:161,0
DA:162,0
DA:163,0
DA:167,1
DA:168,1
DA:169,1
DA:173,1
DA:174,1
DA:182,0
DA:183,0
DA:184,0
DA:188,0
DA:189,0
DA:190,0
DA:198,0
DA:199,0
DA:203,0
DA:204,0
DA:212,0
DA:213,0
DA:214,0
DA:218,0
DA:219,0
DA:220,0
LF:68
LH:38
BRDA:41,0,0,1
BRDA:41,0,1,9
BRDA:41,1,0,10
BRDA:41,1,1,1
BRDA:72,2,0,1
BRDA:72,2,1,1
BRDA:100,3,0,1
BRDA:100,3,1,1
BRDA:132,4,0,0
BRDA:132,4,1,0
BRDA:144,5,0,0
BRDA:144,5,1,0
BRDA:16,6,0,3
BRDA:16,6,1,0
BRDA:16,7,0,3
BRDA:16,7,1,3
BRF:16
BRH:11
end_of_record
